#
# There is insufficient memory for the Java Runtime Environment to continue.
# Native memory allocation (malloc) failed to allocate 1007456 bytes for Chunk::new
# Possible reasons:
#   The system is out of physical RAM or swap space
#   The process is running with CompressedOops enabled, and the Java Heap may be blocking the growth of the native heap
# Possible solutions:
#   Reduce memory load on the system
#   Increase physical memory or swap space
#   Check if swap backing store is full
#   Decrease Java heap size (-Xmx/-Xms)
#   Decrease number of Java threads
#   Decrease Java thread stack sizes (-Xss)
#   Set larger code cache with -XX:ReservedCodeCacheSize=
#   JVM is running with Unscaled Compressed Oops mode in which the Java heap is
#     placed in the first 4GB address space. The Java Heap base address is the
#     maximum limit for the native heap growth. Please use -XX:HeapBaseMinAddress
#     to set the Java Heap base and to place the Java Heap above 4GB virtual address.
# This output file may be truncated or incomplete.
#
#  Out of Memory Error (allocation.cpp:389), pid=1712, tid=0x0000000000001684
#
# JRE version: OpenJDK Runtime Environment (8.0_242-b01) (build 1.8.0_242-release-1644-b01)
# Java VM: OpenJDK 64-Bit Server VM (25.242-b01 mixed mode windows-amd64 compressed oops)
# Failed to write core dump. Minidumps are not enabled by default on client versions of Windows
#

---------------  T H R E A D  ---------------

Current thread (0x0000000014c75800):  JavaThread "C2 CompilerThread0" daemon [_thread_in_native, id=5764, stack(0x00000000162e0000,0x00000000163e0000)]

Stack: [0x00000000162e0000,0x00000000163e0000]
[error occurred during error reporting (printing stack bounds), id 0xc0000005]

Native frames: (J=compiled Java code, j=interpreted, Vv=VM code, C=native code)


Current CompileTask:
C2:  15612 3926       4       java.net.URLClassLoader$1::run (5 bytes)


---------------  P R O C E S S  ---------------

Java Threads: ( => current thread )
  0x000000001902d800 JavaThread "jar transforms Thread 112" [_thread_blocked, id=8104, stack(0x0000000027950000,0x0000000027a50000)]
  0x000000001902a800 JavaThread "jar transforms Thread 111" [_thread_blocked, id=104, stack(0x0000000027850000,0x0000000027950000)]
  0x000000001902e000 JavaThread "jar transforms Thread 110" [_thread_blocked, id=1588, stack(0x0000000027750000,0x0000000027850000)]
  0x000000001902f800 JavaThread "jar transforms Thread 109" [_thread_blocked, id=10756, stack(0x0000000027650000,0x0000000027750000)]
  0x000000001902c800 JavaThread "jar transforms Thread 108" [_thread_blocked, id=7480, stack(0x0000000027550000,0x0000000027650000)]
  0x0000000019022000 JavaThread "jar transforms Thread 107" [_thread_blocked, id=13844, stack(0x0000000027450000,0x0000000027550000)]
  0x0000000019029000 JavaThread "jar transforms Thread 106" [_thread_blocked, id=1568, stack(0x0000000027350000,0x0000000027450000)]
  0x0000000019021800 JavaThread "jar transforms Thread 105" [_thread_blocked, id=5124, stack(0x0000000027250000,0x0000000027350000)]
  0x0000000019027800 JavaThread "jar transforms Thread 104" [_thread_blocked, id=3660, stack(0x0000000027050000,0x0000000027150000)]
  0x0000000019023000 JavaThread "jar transforms Thread 103" [_thread_blocked, id=4136, stack(0x0000000026f50000,0x0000000027050000)]
  0x0000000019026800 JavaThread "jar transforms Thread 102" [_thread_blocked, id=9744, stack(0x0000000026e50000,0x0000000026f50000)]
  0x0000000019026000 JavaThread "jar transforms Thread 101" [_thread_blocked, id=3516, stack(0x0000000026d50000,0x0000000026e50000)]
  0x0000000019025000 JavaThread "jar transforms Thread 100" [_thread_blocked, id=2180, stack(0x0000000026c50000,0x0000000026d50000)]
  0x0000000019024800 JavaThread "jar transforms Thread 99" [_thread_blocked, id=9668, stack(0x0000000026b50000,0x0000000026c50000)]
  0x0000000019028000 JavaThread "jar transforms Thread 98" [_thread_blocked, id=12752, stack(0x0000000026a50000,0x0000000026b50000)]
  0x0000000019023800 JavaThread "jar transforms Thread 97" [_thread_blocked, id=7100, stack(0x0000000026950000,0x0000000026a50000)]
  0x0000000017ee1800 JavaThread "jar transforms Thread 96" [_thread_blocked, id=11104, stack(0x0000000026850000,0x0000000026950000)]
  0x0000000017edf000 JavaThread "jar transforms Thread 95" [_thread_blocked, id=11772, stack(0x0000000026750000,0x0000000026850000)]
  0x0000000017ee0800 JavaThread "jar transforms Thread 94" [_thread_blocked, id=14168, stack(0x0000000026650000,0x0000000026750000)]
  0x0000000017edd800 JavaThread "jar transforms Thread 93" [_thread_blocked, id=1544, stack(0x0000000026550000,0x0000000026650000)]
  0x0000000017edd000 JavaThread "jar transforms Thread 92" [_thread_blocked, id=4524, stack(0x0000000026450000,0x0000000026550000)]
  0x0000000017ede800 JavaThread "jar transforms Thread 91" [_thread_blocked, id=10900, stack(0x0000000026350000,0x0000000026450000)]
  0x0000000017ee0000 JavaThread "jar transforms Thread 90" [_thread_blocked, id=11508, stack(0x0000000026250000,0x0000000026350000)]
  0x0000000017ed5800 JavaThread "jar transforms Thread 89" [_thread_blocked, id=7964, stack(0x0000000026150000,0x0000000026250000)]
  0x0000000017edc000 JavaThread "jar transforms Thread 88" [_thread_blocked, id=9628, stack(0x0000000026050000,0x0000000026150000)]
  0x0000000017ed4800 JavaThread "jar transforms Thread 87" [_thread_blocked, id=13420, stack(0x0000000025f50000,0x0000000026050000)]
  0x0000000017edb800 JavaThread "jar transforms Thread 86" [_thread_blocked, id=12548, stack(0x0000000025e50000,0x0000000025f50000)]
  0x0000000017eda800 JavaThread "jar transforms Thread 85" [_thread_blocked, id=9076, stack(0x0000000025d50000,0x0000000025e50000)]
  0x0000000017ed3000 JavaThread "jar transforms Thread 84" [_thread_blocked, id=9992, stack(0x0000000025c50000,0x0000000025d50000)]
  0x0000000017eda000 JavaThread "jar transforms Thread 83" [_thread_blocked, id=13548, stack(0x0000000025b50000,0x0000000025c50000)]
  0x0000000017ed4000 JavaThread "jar transforms Thread 82" [_thread_blocked, id=12868, stack(0x0000000025a50000,0x0000000025b50000)]
  0x0000000017ed9000 JavaThread "jar transforms Thread 81" [_thread_blocked, id=3712, stack(0x0000000025950000,0x0000000025a50000)]
  0x0000000017ed8800 JavaThread "jar transforms Thread 80" [_thread_blocked, id=9544, stack(0x0000000025850000,0x0000000025950000)]
  0x0000000017ed7800 JavaThread "jar transforms Thread 79" [_thread_blocked, id=13304, stack(0x0000000025750000,0x0000000025850000)]
  0x0000000017ed7000 JavaThread "jar transforms Thread 78" [_thread_blocked, id=4616, stack(0x0000000025650000,0x0000000025750000)]
  0x0000000017ed6000 JavaThread "jar transforms Thread 77" [_thread_blocked, id=13464, stack(0x0000000025550000,0x0000000025650000)]
  0x0000000017ed2800 JavaThread "jar transforms Thread 76" [_thread_blocked, id=6260, stack(0x0000000025450000,0x0000000025550000)]
  0x000000001c93d000 JavaThread "jar transforms Thread 75" [_thread_blocked, id=3052, stack(0x0000000025350000,0x0000000025450000)]
  0x000000001c93e000 JavaThread "jar transforms Thread 74" [_thread_blocked, id=6800, stack(0x0000000025250000,0x0000000025350000)]
  0x000000001c93c800 JavaThread "jar transforms Thread 73" [_thread_blocked, id=11708, stack(0x0000000025150000,0x0000000025250000)]
  0x000000001c93b800 JavaThread "jar transforms Thread 72" [_thread_blocked, id=320, stack(0x0000000025050000,0x0000000025150000)]
  0x000000001c941000 JavaThread "jar transforms Thread 71" [_thread_blocked, id=11380, stack(0x0000000024f50000,0x0000000025050000)]
  0x000000001c940000 JavaThread "jar transforms Thread 70" [_thread_blocked, id=3436, stack(0x0000000024e50000,0x0000000024f50000)]
  0x000000001c93f800 JavaThread "jar transforms Thread 69" [_thread_blocked, id=14184, stack(0x0000000024d50000,0x0000000024e50000)]
  0x000000001c941800 JavaThread "jar transforms Thread 68" [_thread_blocked, id=3708, stack(0x0000000024c50000,0x0000000024d50000)]
  0x000000001c93e800 JavaThread "jar transforms Thread 67" [_thread_blocked, id=13108, stack(0x0000000024b50000,0x0000000024c50000)]
  0x000000001c934000 JavaThread "jar transforms Thread 66" [_thread_blocked, id=8588, stack(0x0000000024a50000,0x0000000024b50000)]
  0x000000001c93b000 JavaThread "jar transforms Thread 65" [_thread_blocked, id=11064, stack(0x0000000024950000,0x0000000024a50000)]
  0x000000001c93a000 JavaThread "jar transforms Thread 64" [_thread_blocked, id=10472, stack(0x0000000024850000,0x0000000024950000)]
  0x000000001c938800 JavaThread "jar transforms Thread 63" [_thread_blocked, id=3096, stack(0x0000000024750000,0x0000000024850000)]
  0x000000001c937800 JavaThread "jar transforms Thread 62" [_thread_blocked, id=14084, stack(0x0000000024650000,0x0000000024750000)]
  0x000000001c932800 JavaThread "jar transforms Thread 61" [_thread_blocked, id=3100, stack(0x0000000024550000,0x0000000024650000)]
  0x000000001c935800 JavaThread "jar transforms Thread 60" [_thread_blocked, id=8044, stack(0x0000000024450000,0x0000000024550000)]
  0x000000001c937000 JavaThread "jar transforms Thread 59" [_thread_blocked, id=8960, stack(0x0000000024350000,0x0000000024450000)]
  0x000000001c939800 JavaThread "jar transforms Thread 58" [_thread_blocked, id=5988, stack(0x0000000024250000,0x0000000024350000)]
  0x000000001c934800 JavaThread "jar transforms Thread 57" [_thread_blocked, id=8440, stack(0x0000000024150000,0x0000000024250000)]
  0x000000001c936000 JavaThread "jar transforms Thread 56" [_thread_blocked, id=9036, stack(0x0000000024050000,0x0000000024150000)]
  0x000000001c933000 JavaThread "jar transforms Thread 55" [_thread_blocked, id=8140, stack(0x0000000023f50000,0x0000000024050000)]
  0x0000000016dd3000 JavaThread "jar transforms Thread 54" [_thread_blocked, id=10908, stack(0x0000000023e50000,0x0000000023f50000)]
  0x0000000016dd1800 JavaThread "jar transforms Thread 53" [_thread_blocked, id=5164, stack(0x0000000023d50000,0x0000000023e50000)]
  0x0000000016dd4800 JavaThread "jar transforms Thread 52" [_thread_blocked, id=8060, stack(0x0000000023c50000,0x0000000023d50000)]
  0x0000000016dcd800 JavaThread "jar transforms Thread 51" [_thread_blocked, id=14244, stack(0x0000000023b50000,0x0000000023c50000)]
  0x0000000016dce800 JavaThread "jar transforms Thread 50" [_thread_blocked, id=7448, stack(0x0000000023a50000,0x0000000023b50000)]
  0x0000000016dd2000 JavaThread "jar transforms Thread 49" [_thread_blocked, id=8712, stack(0x0000000023950000,0x0000000023a50000)]
  0x0000000016dd3800 JavaThread "jar transforms Thread 48" [_thread_blocked, id=9736, stack(0x0000000023850000,0x0000000023950000)]
  0x0000000016dd0800 JavaThread "jar transforms Thread 47" [_thread_blocked, id=2984, stack(0x0000000023750000,0x0000000023850000)]
  0x0000000016dd0000 JavaThread "jar transforms Thread 46" [_thread_blocked, id=3108, stack(0x0000000023650000,0x0000000023750000)]
  0x0000000016dcf000 JavaThread "jar transforms Thread 45" [_thread_blocked, id=11100, stack(0x0000000023550000,0x0000000023650000)]
  0x0000000016dc6000 JavaThread "jar transforms Thread 44" [_thread_blocked, id=12004, stack(0x0000000023450000,0x0000000023550000)]
  0x0000000016dcd000 JavaThread "jar transforms Thread 43" [_thread_blocked, id=14100, stack(0x0000000023350000,0x0000000023450000)]
  0x0000000016dc5800 JavaThread "jar transforms Thread 42" [_thread_blocked, id=5992, stack(0x0000000023250000,0x0000000023350000)]
  0x0000000016dcc000 JavaThread "jar transforms Thread 41" [_thread_blocked, id=8640, stack(0x0000000023150000,0x0000000023250000)]
  0x0000000016dcb800 JavaThread "jar transforms Thread 40" [_thread_blocked, id=13348, stack(0x0000000023050000,0x0000000023150000)]
  0x0000000016dc7800 JavaThread "jar transforms Thread 39" [_thread_blocked, id=11332, stack(0x0000000022f50000,0x0000000023050000)]
  0x0000000016dca800 JavaThread "jar transforms Thread 38" [_thread_blocked, id=12300, stack(0x0000000022e50000,0x0000000022f50000)]
  0x0000000016dca000 JavaThread "jar transforms Thread 37" [_thread_blocked, id=8400, stack(0x0000000022d50000,0x0000000022e50000)]
  0x0000000016dc9000 JavaThread "jar transforms Thread 36" [_thread_blocked, id=10116, stack(0x0000000022c50000,0x0000000022d50000)]
  0x0000000016dc8800 JavaThread "jar transforms Thread 35" [_thread_blocked, id=8628, stack(0x0000000022b50000,0x0000000022c50000)]
  0x0000000016dc7000 JavaThread "jar transforms Thread 34" [_thread_blocked, id=5016, stack(0x0000000022a50000,0x0000000022b50000)]
  0x000000001bc34800 JavaThread "jar transforms Thread 33" [_thread_blocked, id=13944, stack(0x0000000022950000,0x0000000022a50000)]
  0x000000001bc33000 JavaThread "jar transforms Thread 32" [_thread_blocked, id=5688, stack(0x0000000022850000,0x0000000022950000)]
  0x000000001bc34000 JavaThread "jar transforms Thread 31" [_thread_blocked, id=10112, stack(0x0000000022750000,0x0000000022850000)]
  0x000000001bc32800 JavaThread "jar transforms Thread 30" [_thread_blocked, id=5116, stack(0x0000000022650000,0x0000000022750000)]
  0x000000001bc31800 JavaThread "jar transforms Thread 29" [_thread_blocked, id=6220, stack(0x0000000022550000,0x0000000022650000)]
  0x000000001bc2f000 JavaThread "jar transforms Thread 28" [_thread_blocked, id=10028, stack(0x0000000022450000,0x0000000022550000)]
  0x000000001bc2e800 JavaThread "jar transforms Thread 27" [_thread_blocked, id=13988, stack(0x0000000022350000,0x0000000022450000)]
  0x000000001bc2d800 JavaThread "jar transforms Thread 26" [_thread_blocked, id=6752, stack(0x0000000022250000,0x0000000022350000)]
  0x000000001bc30800 JavaThread "jar transforms Thread 25" [_thread_blocked, id=12464, stack(0x0000000022150000,0x0000000022250000)]
  0x000000001bc30000 JavaThread "jar transforms Thread 24" [_thread_blocked, id=11140, stack(0x0000000022050000,0x0000000022150000)]
  0x000000001bc26000 JavaThread "jar transforms Thread 23" [_thread_blocked, id=3032, stack(0x0000000021f50000,0x0000000022050000)]
  0x000000001bc27800 JavaThread "jar transforms Thread 22" [_thread_blocked, id=12808, stack(0x0000000021e50000,0x0000000021f50000)]
  0x000000001bc2d000 JavaThread "jar transforms Thread 21" [_thread_blocked, id=10148, stack(0x0000000021d50000,0x0000000021e50000)]
  0x000000001bc25800 JavaThread "jar transforms Thread 20" [_thread_blocked, id=13264, stack(0x0000000021c50000,0x0000000021d50000)]
  0x000000001bc2c000 JavaThread "jar transforms Thread 19" [_thread_blocked, id=13860, stack(0x0000000021b50000,0x0000000021c50000)]
  0x000000001bc2b800 JavaThread "jar transforms Thread 18" [_thread_blocked, id=1804, stack(0x0000000021a50000,0x0000000021b50000)]
  0x000000001bc2a000 JavaThread "jar transforms Thread 17" [_thread_blocked, id=8592, stack(0x0000000021950000,0x0000000021a50000)]
  0x000000001bc29000 JavaThread "jar transforms Thread 16" [_thread_blocked, id=12416, stack(0x0000000021850000,0x0000000021950000)]
  0x000000001bc28800 JavaThread "jar transforms Thread 15" [_thread_blocked, id=13260, stack(0x0000000021750000,0x0000000021850000)]
  0x000000001bc27000 JavaThread "jar transforms Thread 14" [_thread_blocked, id=6832, stack(0x0000000021650000,0x0000000021750000)]
  0x000000001bc2a800 JavaThread "jar transforms Thread 13" [_thread_blocked, id=2456, stack(0x0000000021550000,0x0000000021650000)]
  0x0000000019056800 JavaThread "jar transforms Thread 12" [_thread_blocked, id=5244, stack(0x0000000021450000,0x0000000021550000)]
  0x0000000019055000 JavaThread "jar transforms Thread 11" [_thread_blocked, id=13604, stack(0x0000000021350000,0x0000000021450000)]
  0x0000000019054000 JavaThread "jar transforms Thread 10" [_thread_blocked, id=4736, stack(0x0000000021250000,0x0000000021350000)]
  0x0000000019055800 JavaThread "jar transforms Thread 9" [_thread_blocked, id=3300, stack(0x0000000021150000,0x0000000021250000)]
  0x0000000019053800 JavaThread "jar transforms Thread 8" [_thread_blocked, id=7648, stack(0x0000000021050000,0x0000000021150000)]
  0x000000001904c000 JavaThread "jar transforms Thread 7" [_thread_blocked, id=11192, stack(0x0000000020f50000,0x0000000021050000)]
  0x0000000019052000 JavaThread "jar transforms Thread 6" [_thread_blocked, id=11692, stack(0x0000000020e50000,0x0000000020f50000)]
  0x0000000019050800 JavaThread "jar transforms Thread 5" [_thread_blocked, id=13256, stack(0x0000000020d50000,0x0000000020e50000)]
  0x0000000019051000 JavaThread "jar transforms Thread 4" [_thread_blocked, id=9632, stack(0x0000000020c50000,0x0000000020d50000)]
  0x0000000019052800 JavaThread "jar transforms Thread 3" [_thread_blocked, id=6304, stack(0x0000000020b50000,0x0000000020c50000)]
  0x000000001904f800 JavaThread "jar transforms Thread 2" [_thread_blocked, id=13328, stack(0x0000000020a50000,0x0000000020b50000)]
  0x000000001904f000 JavaThread "Build operations Thread 4" [_thread_blocked, id=14308, stack(0x0000000020950000,0x0000000020a50000)]
  0x0000000019047800 JavaThread "Build operations Thread 3" [_thread_blocked, id=2444, stack(0x0000000020850000,0x0000000020950000)]
  0x000000001904b000 JavaThread "Build operations Thread 2" [_thread_blocked, id=9432, stack(0x0000000020750000,0x0000000020850000)]
  0x000000001904a800 JavaThread "Build operations" [_thread_blocked, id=7588, stack(0x0000000020650000,0x0000000020750000)]
  0x000000001904d800 JavaThread "Cache worker for file content cache (C:\Users\Nimoje\.gradle\caches\6.5\fileContent)" [_thread_blocked, id=10480, stack(0x000000001ff50000,0x0000000020050000)]
  0x0000000014ca9800 JavaThread "jar transforms" [_thread_blocked, id=11292, stack(0x000000001d8b0000,0x000000001d9b0000)]
  0x0000000014cad800 JavaThread "Cache worker for execution history cache (C:\Users\Nimoje\.gradle\caches\6.5\executionHistory)" [_thread_blocked, id=8624, stack(0x000000001d7b0000,0x000000001d8b0000)]
  0x0000000014ca9000 JavaThread "Cache worker for cache directory md-rule (C:\Users\Nimoje\.gradle\caches\6.5\md-rule)" [_thread_blocked, id=14068, stack(0x000000001d6b0000,0x000000001d7b0000)]
  0x0000000014cad000 JavaThread "Cache worker for cache directory md-supplier (C:\Users\Nimoje\.gradle\caches\6.5\md-supplier)" [_thread_blocked, id=10828, stack(0x000000001d5b0000,0x000000001d6b0000)]
  0x0000000014ca7800 JavaThread "Cache worker for checksums cache (D:\Inzynierka_Apka\.gradle\checksums)" [_thread_blocked, id=9920, stack(0x000000001d4b0000,0x000000001d5b0000)]
  0x0000000014cae800 JavaThread "Cache worker for file hash cache (D:\Inzynierka_Apka\.gradle\6.5\fileHashes)" [_thread_blocked, id=10284, stack(0x000000001d1b0000,0x000000001d2b0000)]
  0x0000000014cab800 JavaThread "Cache worker for file hash cache (C:\Users\Nimoje\.gradle\caches\6.5\fileHashes)" [_thread_blocked, id=3404, stack(0x000000001bce0000,0x000000001bde0000)]
  0x0000000014cac000 JavaThread "File lock request listener" [_thread_in_native, id=13156, stack(0x000000001ac10000,0x000000001ad10000)]
  0x000000001894b000 JavaThread "Cache worker for journal cache (C:\Users\Nimoje\.gradle\caches\journal-1)" [_thread_blocked, id=8516, stack(0x000000001aa10000,0x000000001ab10000)]
  0x00000000175b4000 JavaThread "Thread-9" [_thread_blocked, id=2136, stack(0x000000001a710000,0x000000001a810000)]
  0x000000001764e000 JavaThread "Stdin handler" [_thread_blocked, id=8032, stack(0x000000001a610000,0x000000001a710000)]
  0x0000000018678800 JavaThread "Asynchronous log dispatcher for DefaultDaemonConnection: socket connection from /127.0.0.1:52707 to /127.0.0.1:52708" [_thread_blocked, id=2568, stack(0x000000001a510000,0x000000001a610000)]
  0x000000001863b000 JavaThread "Daemon worker" [_thread_in_native, id=13592, stack(0x000000001a410000,0x000000001a510000)]
  0x0000000017376800 JavaThread "Cancel handler" [_thread_blocked, id=1380, stack(0x000000001a310000,0x000000001a410000)]
  0x0000000018600800 JavaThread "Handler for socket connection from /127.0.0.1:52707 to /127.0.0.1:52708" [_thread_in_native, id=8956, stack(0x000000001a210000,0x000000001a310000)]
  0x00000000186c8000 JavaThread "Daemon periodic checks" [_thread_blocked, id=12580, stack(0x000000001a110000,0x000000001a210000)]
  0x00000000186d0800 JavaThread "Daemon" [_thread_blocked, id=2744, stack(0x000000001a010000,0x000000001a110000)]
  0x00000000185d8800 JavaThread "Incoming local TCP Connector on port 52707" [_thread_in_native, id=14328, stack(0x0000000019bc0000,0x0000000019cc0000)]
  0x0000000016c02800 JavaThread "Daemon health stats" [_thread_blocked, id=6268, stack(0x0000000019580000,0x0000000019680000)]
  0x000000001662c000 JavaThread "Service Thread" daemon [_thread_blocked, id=14236, stack(0x00000000169e0000,0x0000000016ae0000)]
  0x0000000014ca8000 JavaThread "C1 CompilerThread2" daemon [_thread_blocked, id=4780, stack(0x00000000164e0000,0x00000000165e0000)]
  0x0000000014c80800 JavaThread "C2 CompilerThread1" daemon [_thread_blocked, id=1812, stack(0x00000000163e0000,0x00000000164e0000)]
=>0x0000000014c75800 JavaThread "C2 CompilerThread0" daemon [_thread_in_native, id=5764, stack(0x00000000162e0000,0x00000000163e0000)]
  0x0000000014c74000 JavaThread "Attach Listener" daemon [_thread_blocked, id=4632, stack(0x00000000161e0000,0x00000000162e0000)]
  0x0000000014c7a800 JavaThread "Signal Dispatcher" daemon [_thread_blocked, id=2816, stack(0x00000000160e0000,0x00000000161e0000)]
  0x000000000259c800 JavaThread "Finalizer" daemon [_thread_blocked, id=13212, stack(0x0000000015ed0000,0x0000000015fd0000)]
  0x0000000002591000 JavaThread "Reference Handler" daemon [_thread_blocked, id=4648, stack(0x0000000015dd0000,0x0000000015ed0000)]
  0x000000000239e800 JavaThread "main" [_thread_blocked, id=12992, stack(0x00000000023a0000,0x00000000024a0000)]

Other Threads:
  0x0000000014c37000 VMThread [stack: 0x0000000015cd0000,0x0000000015dd0000] [id=8564]
  0x000000001662d000 WatcherThread [stack: 0x0000000016ae0000,0x0000000016be0000] [id=13800]

VM state:not at safepoint (normal execution)

VM Mutex/Monitor currently owned by a thread: None

heap address: 0x00000000c0000000, size: 1024 MB, Compressed Oops mode: 32-bit
Narrow klass base: 0x0000000000000000, Narrow klass shift: 3
Compressed class space size: 1073741824 Address: 0x0000000100000000

Heap:
 PSYoungGen      total 153600K, used 115601K [0x00000000eab00000, 0x00000000f4f80000, 0x0000000100000000)
  eden space 141824K, 81% used [0x00000000eab00000,0x00000000f1be4690,0x00000000f3580000)
  from space 11776K, 0% used [0x00000000f4200000,0x00000000f4200000,0x00000000f4d80000)
  to   space 12800K, 0% used [0x00000000f3580000,0x00000000f3580000,0x00000000f4200000)
 ParOldGen       total 57344K, used 16282K [0x00000000c0000000, 0x00000000c3800000, 0x00000000eab00000)
  object space 57344K, 28% used [0x00000000c0000000,0x00000000c0fe68e8,0x00000000c3800000)
 Metaspace       used 37806K, capacity 39340K, committed 39592K, reserved 1083392K
  class space    used 5202K, capacity 5531K, committed 5552K, reserved 1048576K

Card table byte_map: [0x0000000011960000,0x0000000011b70000] byte_map_base: 0x0000000011360000

Marking Bits: (ParMarkBitMap*) 0x000000006e27f030
 Begin Bits: [0x00000000120d0000, 0x00000000130d0000)
 End Bits:   [0x00000000130d0000, 0x00000000140d0000)

Polling page: 0x00000000006e0000

CodeCache: size=245760Kb used=12741Kb max_used=12741Kb free=233018Kb
 bounds [0x00000000025a0000, 0x0000000003220000, 0x00000000115a0000]
 total_blobs=4459 nmethods=3753 adapters=618
 compilation: enabled

Compilation events (10 events):
Event: 15.596 Thread 0x0000000014ca8000 3952       3       com.google.common.collect.MapMakerInternalMap$StrongKeyWeakValueSegment::maybeDrainReferenceQueues (9 bytes)
Event: 15.596 Thread 0x0000000014ca8000 nmethod 3952 0x00000000032157d0 code [0x0000000003215940, 0x0000000003215b48]
Event: 15.596 Thread 0x0000000014ca8000 3953       3       com.google.common.collect.MapMakerInternalMap$Segment::drainValueReferenceQueue (42 bytes)
Event: 15.597 Thread 0x0000000014ca8000 nmethod 3953 0x0000000003216450 code [0x0000000003216640, 0x0000000003217128]
Event: 15.597 Thread 0x0000000014ca8000 3954       3       com.google.common.collect.MapMakerInternalMap$1::clear (1 bytes)
Event: 15.597 Thread 0x0000000014ca8000 nmethod 3954 0x0000000003215490 code [0x00000000032155e0, 0x0000000003215730]
Event: 15.597 Thread 0x0000000014ca8000 3955       1       com.android.build.gradle.options.Stage::getStatus (5 bytes)
Event: 15.597 Thread 0x0000000014ca8000 nmethod 3955 0x00000000032151d0 code [0x0000000003215320, 0x0000000003215430]
Event: 15.598 Thread 0x0000000014ca8000 3956   !   3       org.gradle.internal.classloader.FilteringClassLoader::loadClass (62 bytes)
Event: 15.599 Thread 0x0000000014ca8000 nmethod 3956 0x0000000003217690 code [0x00000000032178c0, 0x0000000003218498]

GC Heap History (10 events):
Event: 6.979 GC heap before
{Heap before GC invocations=8 (full 0):
 PSYoungGen      total 56320K, used 11651K [0x00000000eab00000, 0x00000000f1d00000, 0x0000000100000000)
  eden space 48640K, 8% used [0x00000000eab00000,0x00000000eaee23d0,0x00000000eda80000)
  from space 7680K, 99% used [0x00000000eda80000,0x00000000ee1fea38,0x00000000ee200000)
  to   space 9728K, 0% used [0x00000000f1380000,0x00000000f1380000,0x00000000f1d00000)
 ParOldGen       total 64512K, used 6433K [0x00000000c0000000, 0x00000000c3f00000, 0x00000000eab00000)
  object space 64512K, 9% used [0x00000000c0000000,0x00000000c06487b0,0x00000000c3f00000)
 Metaspace       used 20609K, capacity 21236K, committed 21296K, reserved 1067008K
  class space    used 2876K, capacity 3080K, committed 3120K, reserved 1048576K
Event: 6.990 GC heap after
Heap after GC invocations=8 (full 0):
 PSYoungGen      total 107008K, used 3060K [0x00000000eab00000, 0x00000000f1d00000, 0x0000000100000000)
  eden space 97280K, 0% used [0x00000000eab00000,0x00000000eab00000,0x00000000f0a00000)
  from space 9728K, 31% used [0x00000000f1380000,0x00000000f167d040,0x00000000f1d00000)
  to   space 9728K, 0% used [0x00000000f0a00000,0x00000000f0a00000,0x00000000f1380000)
 ParOldGen       total 64512K, used 7790K [0x00000000c0000000, 0x00000000c3f00000, 0x00000000eab00000)
  object space 64512K, 12% used [0x00000000c0000000,0x00000000c079b838,0x00000000c3f00000)
 Metaspace       used 20609K, capacity 21236K, committed 21296K, reserved 1067008K
  class space    used 2876K, capacity 3080K, committed 3120K, reserved 1048576K
}
Event: 6.990 GC heap before
{Heap before GC invocations=9 (full 1):
 PSYoungGen      total 107008K, used 3060K [0x00000000eab00000, 0x00000000f1d00000, 0x0000000100000000)
  eden space 97280K, 0% used [0x00000000eab00000,0x00000000eab00000,0x00000000f0a00000)
  from space 9728K, 31% used [0x00000000f1380000,0x00000000f167d040,0x00000000f1d00000)
  to   space 9728K, 0% used [0x00000000f0a00000,0x00000000f0a00000,0x00000000f1380000)
 ParOldGen       total 64512K, used 7790K [0x00000000c0000000, 0x00000000c3f00000, 0x00000000eab00000)
  object space 64512K, 12% used [0x00000000c0000000,0x00000000c079b838,0x00000000c3f00000)
 Metaspace       used 20609K, capacity 21236K, committed 21296K, reserved 1067008K
  class space    used 2876K, capacity 3080K, committed 3120K, reserved 1048576K
Event: 7.055 GC heap after
Heap after GC invocations=9 (full 1):
 PSYoungGen      total 107008K, used 0K [0x00000000eab00000, 0x00000000f1d00000, 0x0000000100000000)
  eden space 97280K, 0% used [0x00000000eab00000,0x00000000eab00000,0x00000000f0a00000)
  from space 9728K, 0% used [0x00000000f1380000,0x00000000f1380000,0x00000000f1d00000)
  to   space 9728K, 0% used [0x00000000f0a00000,0x00000000f0a00000,0x00000000f1380000)
 ParOldGen       total 38912K, used 6779K [0x00000000c0000000, 0x00000000c2600000, 0x00000000eab00000)
  object space 38912K, 17% used [0x00000000c0000000,0x00000000c069ef48,0x00000000c2600000)
 Metaspace       used 20609K, capacity 21236K, committed 21296K, reserved 1067008K
  class space    used 2876K, capacity 3080K, committed 3120K, reserved 1048576K
}
Event: 11.410 GC heap before
{Heap before GC invocations=10 (full 1):
 PSYoungGen      total 107008K, used 97280K [0x00000000eab00000, 0x00000000f1d00000, 0x0000000100000000)
  eden space 97280K, 100% used [0x00000000eab00000,0x00000000f0a00000,0x00000000f0a00000)
  from space 9728K, 0% used [0x00000000f1380000,0x00000000f1380000,0x00000000f1d00000)
  to   space 9728K, 0% used [0x00000000f0a00000,0x00000000f0a00000,0x00000000f1380000)
 ParOldGen       total 38912K, used 6779K [0x00000000c0000000, 0x00000000c2600000, 0x00000000eab00000)
  object space 38912K, 17% used [0x00000000c0000000,0x00000000c069ef48,0x00000000c2600000)
 Metaspace       used 31368K, capacity 32326K, committed 32432K, reserved 1077248K
  class space    used 4257K, capacity 4472K, committed 4528K, reserved 1048576K
Event: 11.428 GC heap after
Heap after GC invocations=10 (full 1):
 PSYoungGen      total 107008K, used 9703K [0x00000000eab00000, 0x00000000f4d80000, 0x0000000100000000)
  eden space 97280K, 0% used [0x00000000eab00000,0x00000000eab00000,0x00000000f0a00000)
  from space 9728K, 99% used [0x00000000f0a00000,0x00000000f1379ec0,0x00000000f1380000)
  to   space 11776K, 0% used [0x00000000f4200000,0x00000000f4200000,0x00000000f4d80000)
 ParOldGen       total 38912K, used 8468K [0x00000000c0000000, 0x00000000c2600000, 0x00000000eab00000)
  object space 38912K, 21% used [0x00000000c0000000,0x00000000c08450d8,0x00000000c2600000)
 Metaspace       used 31368K, capacity 32326K, committed 32432K, reserved 1077248K
  class space    used 4257K, capacity 4472K, committed 4528K, reserved 1048576K
}
Event: 12.429 GC heap before
{Heap before GC invocations=11 (full 1):
 PSYoungGen      total 107008K, used 73977K [0x00000000eab00000, 0x00000000f4d80000, 0x0000000100000000)
  eden space 97280K, 66% used [0x00000000eab00000,0x00000000ee9c45e8,0x00000000f0a00000)
  from space 9728K, 99% used [0x00000000f0a00000,0x00000000f1379ec0,0x00000000f1380000)
  to   space 11776K, 0% used [0x00000000f4200000,0x00000000f4200000,0x00000000f4d80000)
 ParOldGen       total 38912K, used 8468K [0x00000000c0000000, 0x00000000c2600000, 0x00000000eab00000)
  object space 38912K, 21% used [0x00000000c0000000,0x00000000c08450d8,0x00000000c2600000)
 Metaspace       used 34312K, capacity 35424K, committed 35496K, reserved 1079296K
  class space    used 4720K, capacity 5005K, committed 5040K, reserved 1048576K
Event: 12.458 GC heap after
Heap after GC invocations=11 (full 1):
 PSYoungGen      total 153600K, used 9904K [0x00000000eab00000, 0x00000000f4f80000, 0x0000000100000000)
  eden space 141824K, 0% used [0x00000000eab00000,0x00000000eab00000,0x00000000f3580000)
  from space 11776K, 84% used [0x00000000f4200000,0x00000000f4bac0a0,0x00000000f4d80000)
  to   space 12800K, 0% used [0x00000000f3580000,0x00000000f3580000,0x00000000f4200000)
 ParOldGen       total 38912K, used 8476K [0x00000000c0000000, 0x00000000c2600000, 0x00000000eab00000)
  object space 38912K, 21% used [0x00000000c0000000,0x00000000c08470d8,0x00000000c2600000)
 Metaspace       used 34312K, capacity 35424K, committed 35496K, reserved 1079296K
  class space    used 4720K, capacity 5005K, committed 5040K, reserved 1048576K
}
Event: 12.458 GC heap before
{Heap before GC invocations=12 (full 2):
 PSYoungGen      total 153600K, used 9904K [0x00000000eab00000, 0x00000000f4f80000, 0x0000000100000000)
  eden space 141824K, 0% used [0x00000000eab00000,0x00000000eab00000,0x00000000f3580000)
  from space 11776K, 84% used [0x00000000f4200000,0x00000000f4bac0a0,0x00000000f4d80000)
  to   space 12800K, 0% used [0x00000000f3580000,0x00000000f3580000,0x00000000f4200000)
 ParOldGen       total 38912K, used 8476K [0x00000000c0000000, 0x00000000c2600000, 0x00000000eab00000)
  object space 38912K, 21% used [0x00000000c0000000,0x00000000c08470d8,0x00000000c2600000)
 Metaspace       used 34312K, capacity 35424K, committed 35496K, reserved 1079296K
  class space    used 4720K, capacity 5005K, committed 5040K, reserved 1048576K
Event: 12.544 GC heap after
Heap after GC invocations=12 (full 2):
 PSYoungGen      total 153600K, used 0K [0x00000000eab00000, 0x00000000f4f80000, 0x0000000100000000)
  eden space 141824K, 0% used [0x00000000eab00000,0x00000000eab00000,0x00000000f3580000)
  from space 11776K, 0% used [0x00000000f4200000,0x00000000f4200000,0x00000000f4d80000)
  to   space 12800K, 0% used [0x00000000f3580000,0x00000000f3580000,0x00000000f4200000)
 ParOldGen       total 57344K, used 16282K [0x00000000c0000000, 0x00000000c3800000, 0x00000000eab00000)
  object space 57344K, 28% used [0x00000000c0000000,0x00000000c0fe68e8,0x00000000c3800000)
 Metaspace       used 34312K, capacity 35424K, committed 35496K, reserved 1079296K
  class space    used 4720K, capacity 5005K, committed 5040K, reserved 1048576K
}

Deoptimization events (10 events):
Event: 11.786 Thread 0x000000001863b000 Uncommon trap: reason=unstable_if action=reinterpret pc=0x0000000002721878 method=org.codehaus.groovy.runtime.metaclass.MetaMethodIndex.addMethodToList(Ljava/lang/Object;Lgroovy/lang/MetaMethod;)Ljava/lang/Object; @ 226
Event: 11.975 Thread 0x000000001863b000 Uncommon trap: reason=range_check action=make_not_entrant pc=0x00000000028b2104 method=java.lang.String.charAt(I)C @ 27
Event: 14.059 Thread 0x000000001863b000 Uncommon trap: reason=unstable_if action=reinterpret pc=0x000000000308a3fc method=com.esotericsoftware.kryo.io.Input.readUtf8Length(I)I @ 9
Event: 15.054 Thread 0x000000001863b000 Uncommon trap: reason=unstable_if action=reinterpret pc=0x000000000294e404 method=java.util.jar.JarFile.match([C[B[I[I)Z @ 29
Event: 15.388 Thread 0x000000001863b000 Uncommon trap: reason=unstable_if action=reinterpret pc=0x0000000002a4f78c method=java.util.WeakHashMap.expungeStaleEntries()V @ 66
Event: 15.419 Thread 0x000000001863b000 Uncommon trap: reason=unstable_if action=reinterpret pc=0x00000000028ff450 method=java.util.regex.Pattern.has(I)Z @ 6
Event: 15.459 Thread 0x000000001863b000 Uncommon trap: reason=bimorphic action=maybe_recompile pc=0x0000000002c94818 method=java.lang.ClassLoader.getPackage(Ljava/lang/String;)Ljava/lang/Package; @ 47
Event: 15.459 Thread 0x000000001863b000 Uncommon trap: reason=bimorphic action=maybe_recompile pc=0x0000000002c94818 method=java.lang.ClassLoader.getPackage(Ljava/lang/String;)Ljava/lang/Package; @ 47
Event: 15.459 Thread 0x000000001863b000 Uncommon trap: reason=bimorphic action=maybe_recompile pc=0x0000000002c94818 method=java.lang.ClassLoader.getPackage(Ljava/lang/String;)Ljava/lang/Package; @ 47
Event: 15.459 Thread 0x000000001863b000 Uncommon trap: reason=bimorphic action=maybe_recompile pc=0x0000000002c94818 method=java.lang.ClassLoader.getPackage(Ljava/lang/String;)Ljava/lang/Package; @ 47

Classes redefined (0 events):
No events

Internal exceptions (10 events):
Event: 15.424 Thread 0x00000000175b4000 Exception <a 'java/lang/NoSuchMethodError': <clinit>> (0x00000000eada5b68) thrown at [C:\src\AOSP-openjdk-git\hotspot\src\share\vm\prims\jni.cpp, line 1615]
Event: 15.424 Thread 0x00000000175b4000 Exception <a 'java/lang/NoSuchMethodError': <clinit>> (0x00000000eada7460) thrown at [C:\src\AOSP-openjdk-git\hotspot\src\share\vm\prims\jni.cpp, line 1615]
Event: 15.424 Thread 0x00000000175b4000 Exception <a 'java/lang/NoSuchMethodError': <clinit>> (0x00000000eada8988) thrown at [C:\src\AOSP-openjdk-git\hotspot\src\share\vm\prims\jni.cpp, line 1615]
Event: 15.425 Thread 0x00000000175b4000 Exception <a 'java/lang/NoSuchMethodError': <clinit>> (0x00000000eadb2bf8) thrown at [C:\src\AOSP-openjdk-git\hotspot\src\share\vm\prims\jni.cpp, line 1615]
Event: 15.426 Thread 0x00000000175b4000 Exception <a 'java/lang/NoSuchMethodError': <clinit>> (0x00000000f11987b0) thrown at [C:\src\AOSP-openjdk-git\hotspot\src\share\vm\prims\jni.cpp, line 1615]
Event: 15.428 Thread 0x00000000175b4000 Exception <a 'java/lang/NoSuchMethodError': <clinit>> (0x00000000f11abb80) thrown at [C:\src\AOSP-openjdk-git\hotspot\src\share\vm\prims\jni.cpp, line 1615]
Event: 15.450 Thread 0x000000001863b000 Exception <a 'java/lang/ClassNotFoundException': build_osb3jxyr95ya8o04mughiptcBeanInfo> (0x00000000f11872f0) thrown at [C:\src\AOSP-openjdk-git\hotspot\src\share\vm\classfile\systemDictionary.cpp, line 210]
Event: 15.450 Thread 0x000000001863b000 Exception <a 'java/lang/ClassNotFoundException': build_osb3jxyr95ya8o04mughiptcCustomizer> (0x00000000f11efc90) thrown at [C:\src\AOSP-openjdk-git\hotspot\src\share\vm\classfile\systemDictionary.cpp, line 210]
Event: 15.455 Thread 0x000000001863b000 Exception <a 'java/lang/ClassNotFoundException': org/gradle/api/internal/plugins/DefaultObjectConfigurationActionBeanInfo> (0x00000000f126bdb0) thrown at [C:\src\AOSP-openjdk-git\hotspot\src\share\vm\classfile\systemDictionary.cpp, line 210]
Event: 15.456 Thread 0x000000001863b000 Exception <a 'java/lang/ClassNotFoundException': org/gradle/api/internal/plugins/DefaultObjectConfigurationActionCustomizer> (0x00000000f12b22b0) thrown at [C:\src\AOSP-openjdk-git\hotspot\src\share\vm\classfile\systemDictionary.cpp, line 210]

Events (10 events):
Event: 15.601 loading class org/gradle/api/invocation/Gradle
Event: 15.601 loading class org/gradle/api/invocation/Gradle done
Event: 15.601 loading class com/android/build/gradle/AppPluginKt
Event: 15.601 loading class com/android/build/gradle/AppPluginKt done
Event: 15.603 loading class com/android/build/gradle/internal/plugins/AppPlugin
Event: 15.603 loading class com/android/build/gradle/internal/plugins/AppPlugin done
Event: 15.604 loading class com/android/build/gradle/internal/plugins/AbstractAppPlugin
Event: 15.604 loading class com/android/build/gradle/internal/plugins/AbstractAppPlugin done
Event: 15.604 loading class com/android/build/gradle/internal/plugins/BasePlugin
Event: 15.604 loading class com/android/build/gradle/internal/plugins/BasePlugin done


Dynamic libraries:
0x00007ff7aeb20000 - 0x00007ff7aeb51000 	C:\Program Files\Android\Android Studio\jre\bin\java.exe
0x00007ffc15810000 - 0x00007ffc159f1000 	C:\WINDOWS\SYSTEM32\ntdll.dll
0x00007ffc13e70000 - 0x00007ffc13f21000 	C:\WINDOWS\System32\KERNEL32.DLL
0x00007ffc12000000 - 0x00007ffc12273000 	C:\WINDOWS\System32\KERNELBASE.dll
0x00007ffc12e10000 - 0x00007ffc12eb1000 	C:\WINDOWS\System32\ADVAPI32.dll
0x00007ffc133e0000 - 0x00007ffc1347e000 	C:\WINDOWS\System32\msvcrt.dll
0x00007ffc137b0000 - 0x00007ffc1380b000 	C:\WINDOWS\System32\sechost.dll
0x00007ffc13990000 - 0x00007ffc13ab4000 	C:\WINDOWS\System32\RPCRT4.dll
0x00007ffc13570000 - 0x00007ffc13701000 	C:\WINDOWS\System32\USER32.dll
0x00007ffc11d60000 - 0x00007ffc11d80000 	C:\WINDOWS\System32\win32u.dll
0x00007ffc13540000 - 0x00007ffc13568000 	C:\WINDOWS\System32\GDI32.dll
0x00007ffc11bc0000 - 0x00007ffc11d51000 	C:\WINDOWS\System32\gdi32full.dll
0x00007ffc12280000 - 0x00007ffc1231f000 	C:\WINDOWS\System32\msvcp_win.dll
0x00007ffc11e50000 - 0x00007ffc11f48000 	C:\WINDOWS\System32\ucrtbase.dll
0x00007ffc00980000 - 0x00007ffc00be9000 	C:\WINDOWS\WinSxS\amd64_microsoft.windows.common-controls_6595b64144ccf1df_6.0.17134.1130_none_d3ff42617c90becf\COMCTL32.dll
0x00007ffc15430000 - 0x00007ffc15751000 	C:\WINDOWS\System32\combase.dll
0x00007ffc11d80000 - 0x00007ffc11df9000 	C:\WINDOWS\System32\bcryptPrimitives.dll
0x00007ffc12de0000 - 0x00007ffc12e0d000 	C:\WINDOWS\System32\IMM32.DLL
0x000000006d9d0000 - 0x000000006daa2000 	C:\Program Files\Android\Android Studio\jre\jre\bin\msvcr100.dll
0x000000006dab0000 - 0x000000006e2fb000 	C:\Program Files\Android\Android Studio\jre\jre\bin\server\jvm.dll
0x00007ffc13e50000 - 0x00007ffc13e58000 	C:\WINDOWS\System32\PSAPI.DLL
0x00007ffc0fb70000 - 0x00007ffc0fb93000 	C:\WINDOWS\SYSTEM32\WINMM.dll
0x00007ffbf4c00000 - 0x00007ffbf4c09000 	C:\WINDOWS\SYSTEM32\WSOCK32.dll
0x00007ffc10170000 - 0x00007ffc1017a000 	C:\WINDOWS\SYSTEM32\VERSION.dll
0x00007ffc15770000 - 0x00007ffc157dc000 	C:\WINDOWS\System32\WS2_32.dll
0x00007ffc0f970000 - 0x00007ffc0f99a000 	C:\WINDOWS\SYSTEM32\WINMMBASE.dll
0x00007ffc11e00000 - 0x00007ffc11e49000 	C:\WINDOWS\System32\cfgmgr32.dll
0x00007ffc0e310000 - 0x00007ffc0e31f000 	C:\Program Files\Android\Android Studio\jre\jre\bin\verify.dll
0x00007ffc0e2e0000 - 0x00007ffc0e309000 	C:\Program Files\Android\Android Studio\jre\jre\bin\java.dll
0x00007ffc0e2c0000 - 0x00007ffc0e2d6000 	C:\Program Files\Android\Android Studio\jre\jre\bin\zip.dll
0x00007ffc13fe0000 - 0x00007ffc15425000 	C:\WINDOWS\System32\SHELL32.dll
0x00007ffc13f30000 - 0x00007ffc13fd9000 	C:\WINDOWS\System32\shcore.dll
0x00007ffc12570000 - 0x00007ffc12c80000 	C:\WINDOWS\System32\windows.storage.dll
0x00007ffc13c50000 - 0x00007ffc13ca1000 	C:\WINDOWS\System32\shlwapi.dll
0x00007ffc11b80000 - 0x00007ffc11b91000 	C:\WINDOWS\System32\kernel.appcore.dll
0x00007ffc11ba0000 - 0x00007ffc11bbf000 	C:\WINDOWS\System32\profapi.dll
0x00007ffc11b20000 - 0x00007ffc11b6c000 	C:\WINDOWS\System32\powrprof.dll
0x00007ffc11b70000 - 0x00007ffc11b7a000 	C:\WINDOWS\System32\FLTLIB.DLL
0x00007ffc0e2a0000 - 0x00007ffc0e2ba000 	C:\Program Files\Android\Android Studio\jre\jre\bin\net.dll
0x00007ffc11380000 - 0x00007ffc113e6000 	C:\WINDOWS\system32\mswsock.dll
0x00007ffc0e280000 - 0x00007ffc0e293000 	C:\Program Files\Android\Android Studio\jre\jre\bin\nio.dll
0x00007ffbff9a0000 - 0x00007ffbff9c7000 	C:\Users\Nimoje\.gradle\native\f6784746aeab05261644944871eae4fe03e0ef1612fff0a4a95f87b438bc6780\windows-amd64\native-platform.dll
0x00007ffc0e270000 - 0x00007ffc0e27d000 	C:\Program Files\Android\Android Studio\jre\jre\bin\management.dll
0x00007ffc11530000 - 0x00007ffc11547000 	C:\WINDOWS\SYSTEM32\CRYPTSP.dll
0x00007ffc10ed0000 - 0x00007ffc10f03000 	C:\WINDOWS\system32\rsaenh.dll
0x00007ffc11660000 - 0x00007ffc11685000 	C:\WINDOWS\SYSTEM32\bcrypt.dll
0x00007ffc11a30000 - 0x00007ffc11a58000 	C:\WINDOWS\SYSTEM32\USERENV.dll
0x00007ffc11550000 - 0x00007ffc1155b000 	C:\WINDOWS\SYSTEM32\CRYPTBASE.dll
0x00007ffc110d0000 - 0x00007ffc11108000 	C:\WINDOWS\SYSTEM32\IPHLPAPI.DLL
0x00007ffc13e60000 - 0x00007ffc13e68000 	C:\WINDOWS\System32\NSI.dll
0x00007ffbfff90000 - 0x00007ffbfffa6000 	C:\WINDOWS\SYSTEM32\dhcpcsvc6.DLL
0x00007ffbfff70000 - 0x00007ffbfff8a000 	C:\WINDOWS\SYSTEM32\dhcpcsvc.DLL
0x00007ffc005a0000 - 0x00007ffc005ab000 	C:\WINDOWS\SYSTEM32\WINNSI.DLL

VM Arguments:
jvm_args: -Xmx1024M -Dfile.encoding=windows-1250 -Duser.country=PL -Duser.language=pl -Duser.variant 
java_command: org.gradle.launcher.daemon.bootstrap.GradleDaemon 6.5
java_class_path (initial): C:\Users\Nimoje\.gradle\wrapper\dists\gradle-6.5-bin\6nifqtx7604sqp1q6g8wikw7p\gradle-6.5\lib\gradle-launcher-6.5.jar
Launcher Type: SUN_STANDARD

Environment Variables:
PATH=C:\Program Files (x86)\Common Files\Oracle\Java\javapath;C:\WINDOWS\system32;C:\WINDOWS;C:\WINDOWS\System32\Wbem;C:\WINDOWS\System32\WindowsPowerShell\v1.0\;C:\WINDOWS\System32\OpenSSH\;C:\Program Files (x86)\Intel\OpenCL SDK\2.0\bin\x86;C:\Program Files (x86)\Intel\OpenCL SDK\2.0\bin\x64;C:\Program Files (x86)\NVIDIA Corporation\PhysX\Common;C:\Program Files\doxygen\bin;D:\MATLAB\R2014a\runtime\win64;D:\MATLAB\R2014a\bin;D:\MATLAB\R2014a\polyspace\bin;C:\Program Files\Git\cmd;C:\Program Files\Microsoft SQL Server\130\Tools\Binn\;C:\Program Files\Microsoft SQL Server\Client SDK\ODBC\170\Tools\Binn\;C:\Program Files\PuTTY\;C:\Program Files\dotnet\;C:\Program Files\Microsoft\Web Platform Installer\;C:\Program Files\MySQL\MySQL Shell 8.0\bin\;C:\Users\Nimoje\AppData\Local\Microsoft\WindowsApps;;C:\Users\Nimoje\AppData\Local\Programs\Microsoft VS Code\bin;C:\Program Files\heroku\bin;C:\Program Files\JetBrains\IntelliJ IDEA 2020.1.2\bin;;C:\Users\Nimoje\.dotnet\tools
USERNAME=Nimoje
OS=Windows_NT
PROCESSOR_IDENTIFIER=Intel64 Family 6 Model 58 Stepping 9, GenuineIntel



---------------  S Y S T E M  ---------------

OS: Windows 10.0 , 64 bit Build 17134 (10.0.17134.753)

CPU:total 4 (initial active 4) (2 cores per cpu, 2 threads per core) family 6 model 58 stepping 9, cmov, cx8, fxsr, mmx, sse, sse2, sse3, ssse3, sse4.1, sse4.2, popcnt, avx, aes, clmul, erms, ht, tsc, tscinvbit, tscinv

Memory: 4k page, physical 6143508k(594224k free), swap 9289236k(5508k free)

vm_info: OpenJDK 64-Bit Server VM (25.242-b01) for windows-amd64 JRE (1.8.0_242-release-1644-b01), built by "builder" with MS VC++ 10.0 (VS2010)

time: Wed Oct 14 19:02:10 2020
timezone: Œrodkowoeuropejski czas letni
elapsed time: 15 seconds (0d 0h 0m 15s)

