#
# There is insufficient memory for the Java Runtime Environment to continue.
# Native memory allocation (malloc) failed to allocate 476688 bytes for Chunk::new
# Possible reasons:
#   The system is out of physical RAM or swap space
#   The process is running with CompressedOops enabled, and the Java Heap may be blocking the growth of the native heap
# Possible solutions:
#   Reduce memory load on the system
#   Increase physical memory or swap space
#   Check if swap backing store is full
#   Decrease Java heap size (-Xmx/-Xms)
#   Decrease number of Java threads
#   Decrease Java thread stack sizes (-Xss)
#   Set larger code cache with -XX:ReservedCodeCacheSize=
#   JVM is running with Unscaled Compressed Oops mode in which the Java heap is
#     placed in the first 4GB address space. The Java Heap base address is the
#     maximum limit for the native heap growth. Please use -XX:HeapBaseMinAddress
#     to set the Java Heap base and to place the Java Heap above 4GB virtual address.
# This output file may be truncated or incomplete.
#
#  Out of Memory Error (allocation.cpp:389), pid=13748, tid=0x00000000000030d8
#
# JRE version: OpenJDK Runtime Environment (8.0_242-b01) (build 1.8.0_242-release-1644-b01)
# Java VM: OpenJDK 64-Bit Server VM (25.242-b01 mixed mode windows-amd64 compressed oops)
# Failed to write core dump. Minidumps are not enabled by default on client versions of Windows
#

---------------  T H R E A D  ---------------

Current thread (0x0000000016b0a000):  JavaThread "C2 CompilerThread0" daemon [_thread_in_native, id=12504, stack(0x0000000018180000,0x0000000018280000)]

Stack: [0x0000000018180000,0x0000000018280000]
[error occurred during error reporting (printing stack bounds), id 0xc0000005]

Native frames: (J=compiled Java code, j=interpreted, Vv=VM code, C=native code)


Current CompileTask:
C2:   8477 5304       4       org.jetbrains.kotlin.metadata.ProtoBuf$Function::getSerializedSize (394 bytes)


---------------  P R O C E S S  ---------------

Java Threads: ( => current thread )
  0x000000001848a800 JavaThread "Service Thread" daemon [_thread_blocked, id=7112, stack(0x0000000018880000,0x0000000018980000)]
  0x0000000016b27000 JavaThread "C1 CompilerThread2" daemon [_thread_in_native, id=14224, stack(0x0000000018380000,0x0000000018480000)]
  0x0000000016b12000 JavaThread "C2 CompilerThread1" daemon [_thread_in_native, id=5892, stack(0x0000000018280000,0x0000000018380000)]
=>0x0000000016b0a000 JavaThread "C2 CompilerThread0" daemon [_thread_in_native, id=12504, stack(0x0000000018180000,0x0000000018280000)]
  0x0000000016b08800 JavaThread "Attach Listener" daemon [_thread_blocked, id=13116, stack(0x0000000018080000,0x0000000018180000)]
  0x0000000016b0f800 JavaThread "Signal Dispatcher" daemon [_thread_blocked, id=11812, stack(0x0000000017f80000,0x0000000018080000)]
  0x00000000032dc000 JavaThread "Finalizer" daemon [_thread_blocked, id=3308, stack(0x0000000017d70000,0x0000000017e70000)]
  0x0000000016ae9000 JavaThread "Reference Handler" daemon [_thread_blocked, id=7904, stack(0x0000000017c70000,0x0000000017d70000)]
  0x00000000031e5800 JavaThread "main" [_thread_in_Java, id=5604, stack(0x00000000030e0000,0x00000000031e0000)]

Other Threads:
  0x0000000016ac7000 VMThread [stack: 0x0000000017b70000,0x0000000017c70000] [id=5448]
  0x000000001848b000 WatcherThread [stack: 0x0000000018980000,0x0000000018a80000] [id=9932]

VM state:not at safepoint (normal execution)

VM Mutex/Monitor currently owned by a thread: None

heap address: 0x00000000a2400000, size: 1500 MB, Compressed Oops mode: 32-bit
Narrow klass base: 0x0000000000000000, Narrow klass shift: 3
Compressed class space size: 1073741824 Address: 0x0000000100000000

Heap:
 PSYoungGen      total 84992K, used 82543K [0x00000000e0c00000, 0x00000000e8a80000, 0x0000000100000000)
  eden space 69120K, 98% used [0x00000000e0c00000,0x00000000e4ec6428,0x00000000e4f80000)
  from space 15872K, 89% used [0x00000000e4f80000,0x00000000e5d55878,0x00000000e5f00000)
  to   space 17408K, 0% used [0x00000000e7980000,0x00000000e7980000,0x00000000e8a80000)
 ParOldGen       total 90624K, used 21596K [0x00000000a2400000, 0x00000000a7c80000, 0x00000000e0c00000)
  object space 90624K, 23% used [0x00000000a2400000,0x00000000a3917070,0x00000000a7c80000)
 Metaspace       used 45598K, capacity 46293K, committed 46720K, reserved 1089536K
  class space    used 5703K, capacity 5897K, committed 6016K, reserved 1048576K

Card table byte_map: [0x00000000126a0000,0x0000000012990000] byte_map_base: 0x000000001218e000

Marking Bits: (ParMarkBitMap*) 0x0000000062f8f030
 Begin Bits: [0x0000000012f90000, 0x0000000014700000)
 End Bits:   [0x0000000014700000, 0x0000000015e70000)

Polling page: 0x0000000000df0000

CodeCache: size=245760Kb used=16575Kb max_used=16575Kb free=229184Kb
 bounds [0x00000000032e0000, 0x0000000004320000, 0x00000000122e0000]
 total_blobs=5689 nmethods=5221 adapters=381
 compilation: enabled

Compilation events (10 events):
Event: 8.460 Thread 0x0000000016b27000 5468       3       org.jetbrains.kotlin.types.checker.TypeCheckingProcedure::equalTypes (371 bytes)
Event: 8.463 Thread 0x0000000016b27000 nmethod 5468 0x00000000043141d0 code [0x0000000004314740, 0x0000000004317718]
Event: 8.467 Thread 0x0000000016b27000 5469       3       org.jetbrains.kotlin.types.DelegatedTypeSubstitution::get (15 bytes)
Event: 8.468 Thread 0x0000000016b27000 nmethod 5469 0x0000000004318c10 code [0x0000000004318da0, 0x0000000004319098]
Event: 8.468 Thread 0x0000000016b27000 5470       3       org.jetbrains.kotlin.com.intellij.util.containers.ConcurrentIntObjectHashMap::get (125 bytes)
Event: 8.469 Thread 0x0000000016b27000 nmethod 5470 0x00000000043191d0 code [0x00000000043193a0, 0x0000000004319b08]
Event: 8.469 Thread 0x0000000016b27000 5471       3       org.jetbrains.kotlin.com.intellij.extapi.psi.ASTDelegatePsiElement::getPrevSibling (8 bytes)
Event: 8.469 Thread 0x0000000016b27000 nmethod 5471 0x0000000004319e10 code [0x0000000004319fc0, 0x000000000431a5c8]
Event: 8.469 Thread 0x0000000016b27000 5472       3       org.jetbrains.kotlin.load.java.descriptors.JavaMethodDescriptor::<init> (62 bytes)
Event: 8.470 Thread 0x0000000016b27000 nmethod 5472 0x000000000431a7d0 code [0x000000000431a980, 0x000000000431adb8]

GC Heap History (10 events):
Event: 2.184 GC heap before
{Heap before GC invocations=5 (full 1):
 PSYoungGen      total 52736K, used 3568K [0x00000000e0c00000, 0x00000000e4300000, 0x0000000100000000)
  eden space 49152K, 0% used [0x00000000e0c00000,0x00000000e0c00000,0x00000000e3c00000)
  from space 3584K, 99% used [0x00000000e3f80000,0x00000000e42fc020,0x00000000e4300000)
  to   space 3584K, 0% used [0x00000000e3c00000,0x00000000e3c00000,0x00000000e3f80000)
 ParOldGen       total 64512K, used 13889K [0x00000000a2400000, 0x00000000a6300000, 0x00000000e0c00000)
  object space 64512K, 21% used [0x00000000a2400000,0x00000000a31905d8,0x00000000a6300000)
 Metaspace       used 20754K, capacity 21138K, committed 21296K, reserved 1069056K
  class space    used 2462K, capacity 2624K, committed 2688K, reserved 1048576K
Event: 2.229 GC heap after
Heap after GC invocations=5 (full 1):
 PSYoungGen      total 52736K, used 0K [0x00000000e0c00000, 0x00000000e4300000, 0x0000000100000000)
  eden space 49152K, 0% used [0x00000000e0c00000,0x00000000e0c00000,0x00000000e3c00000)
  from space 3584K, 0% used [0x00000000e3f80000,0x00000000e3f80000,0x00000000e4300000)
  to   space 3584K, 0% used [0x00000000e3c00000,0x00000000e3c00000,0x00000000e3f80000)
 ParOldGen       total 50688K, used 7506K [0x00000000a2400000, 0x00000000a5580000, 0x00000000e0c00000)
  object space 50688K, 14% used [0x00000000a2400000,0x00000000a2b548b8,0x00000000a5580000)
 Metaspace       used 20754K, capacity 21138K, committed 21296K, reserved 1069056K
  class space    used 2462K, capacity 2624K, committed 2688K, reserved 1048576K
}
Event: 3.604 GC heap before
{Heap before GC invocations=6 (full 1):
 PSYoungGen      total 52736K, used 49152K [0x00000000e0c00000, 0x00000000e4300000, 0x0000000100000000)
  eden space 49152K, 100% used [0x00000000e0c00000,0x00000000e3c00000,0x00000000e3c00000)
  from space 3584K, 0% used [0x00000000e3f80000,0x00000000e3f80000,0x00000000e4300000)
  to   space 3584K, 0% used [0x00000000e3c00000,0x00000000e3c00000,0x00000000e3f80000)
 ParOldGen       total 50688K, used 7506K [0x00000000a2400000, 0x00000000a5580000, 0x00000000e0c00000)
  object space 50688K, 14% used [0x00000000a2400000,0x00000000a2b548b8,0x00000000a5580000)
 Metaspace       used 26888K, capacity 27341K, committed 27776K, reserved 1073152K
  class space    used 3212K, capacity 3376K, committed 3456K, reserved 1048576K
Event: 3.616 GC heap after
Heap after GC invocations=6 (full 1):
 PSYoungGen      total 52736K, used 3554K [0x00000000e0c00000, 0x00000000e6b80000, 0x0000000100000000)
  eden space 49152K, 0% used [0x00000000e0c00000,0x00000000e0c00000,0x00000000e3c00000)
  from space 3584K, 99% used [0x00000000e3c00000,0x00000000e3f78918,0x00000000e3f80000)
  to   space 12800K, 0% used [0x00000000e5f00000,0x00000000e5f00000,0x00000000e6b80000)
 ParOldGen       total 50688K, used 15735K [0x00000000a2400000, 0x00000000a5580000, 0x00000000e0c00000)
  object space 50688K, 31% used [0x00000000a2400000,0x00000000a335dd38,0x00000000a5580000)
 Metaspace       used 26888K, capacity 27341K, committed 27776K, reserved 1073152K
  class space    used 3212K, capacity 3376K, committed 3456K, reserved 1048576K
}
Event: 4.558 GC heap before
{Heap before GC invocations=7 (full 1):
 PSYoungGen      total 52736K, used 43191K [0x00000000e0c00000, 0x00000000e6b80000, 0x0000000100000000)
  eden space 49152K, 80% used [0x00000000e0c00000,0x00000000e32b5430,0x00000000e3c00000)
  from space 3584K, 99% used [0x00000000e3c00000,0x00000000e3f78918,0x00000000e3f80000)
  to   space 12800K, 0% used [0x00000000e5f00000,0x00000000e5f00000,0x00000000e6b80000)
 ParOldGen       total 50688K, used 15735K [0x00000000a2400000, 0x00000000a5580000, 0x00000000e0c00000)
  object space 50688K, 31% used [0x00000000a2400000,0x00000000a335dd38,0x00000000a5580000)
 Metaspace       used 34769K, capacity 35271K, committed 35496K, reserved 1081344K
  class space    used 4437K, capacity 4590K, committed 4608K, reserved 1048576K
Event: 4.575 GC heap after
Heap after GC invocations=7 (full 1):
 PSYoungGen      total 81920K, used 12799K [0x00000000e0c00000, 0x00000000e7180000, 0x0000000100000000)
  eden space 69120K, 0% used [0x00000000e0c00000,0x00000000e0c00000,0x00000000e4f80000)
  from space 12800K, 99% used [0x00000000e5f00000,0x00000000e6b7fcb8,0x00000000e6b80000)
  to   space 15872K, 0% used [0x00000000e4f80000,0x00000000e4f80000,0x00000000e5f00000)
 ParOldGen       total 50688K, used 17300K [0x00000000a2400000, 0x00000000a5580000, 0x00000000e0c00000)
  object space 50688K, 34% used [0x00000000a2400000,0x00000000a34e52e0,0x00000000a5580000)
 Metaspace       used 34769K, capacity 35271K, committed 35496K, reserved 1081344K
  class space    used 4437K, capacity 4590K, committed 4608K, reserved 1048576K
}
Event: 4.575 GC heap before
{Heap before GC invocations=8 (full 2):
 PSYoungGen      total 81920K, used 12799K [0x00000000e0c00000, 0x00000000e7180000, 0x0000000100000000)
  eden space 69120K, 0% used [0x00000000e0c00000,0x00000000e0c00000,0x00000000e4f80000)
  from space 12800K, 99% used [0x00000000e5f00000,0x00000000e6b7fcb8,0x00000000e6b80000)
  to   space 15872K, 0% used [0x00000000e4f80000,0x00000000e4f80000,0x00000000e5f00000)
 ParOldGen       total 50688K, used 17300K [0x00000000a2400000, 0x00000000a5580000, 0x00000000e0c00000)
  object space 50688K, 34% used [0x00000000a2400000,0x00000000a34e52e0,0x00000000a5580000)
 Metaspace       used 34769K, capacity 35271K, committed 35496K, reserved 1081344K
  class space    used 4437K, capacity 4590K, committed 4608K, reserved 1048576K
Event: 4.665 GC heap after
Heap after GC invocations=8 (full 2):
 PSYoungGen      total 81920K, used 0K [0x00000000e0c00000, 0x00000000e7180000, 0x0000000100000000)
  eden space 69120K, 0% used [0x00000000e0c00000,0x00000000e0c00000,0x00000000e4f80000)
  from space 12800K, 0% used [0x00000000e5f00000,0x00000000e5f00000,0x00000000e6b80000)
  to   space 15872K, 0% used [0x00000000e4f80000,0x00000000e4f80000,0x00000000e5f00000)
 ParOldGen       total 90624K, used 21588K [0x00000000a2400000, 0x00000000a7c80000, 0x00000000e0c00000)
  object space 90624K, 23% used [0x00000000a2400000,0x00000000a3915070,0x00000000a7c80000)
 Metaspace       used 34769K, capacity 35271K, committed 35496K, reserved 1081344K
  class space    used 4437K, capacity 4590K, committed 4608K, reserved 1048576K
}
Event: 6.161 GC heap before
{Heap before GC invocations=9 (full 2):
 PSYoungGen      total 81920K, used 69120K [0x00000000e0c00000, 0x00000000e7180000, 0x0000000100000000)
  eden space 69120K, 100% used [0x00000000e0c00000,0x00000000e4f80000,0x00000000e4f80000)
  from space 12800K, 0% used [0x00000000e5f00000,0x00000000e5f00000,0x00000000e6b80000)
  to   space 15872K, 0% used [0x00000000e4f80000,0x00000000e4f80000,0x00000000e5f00000)
 ParOldGen       total 90624K, used 21588K [0x00000000a2400000, 0x00000000a7c80000, 0x00000000e0c00000)
  object space 90624K, 23% used [0x00000000a2400000,0x00000000a3915070,0x00000000a7c80000)
 Metaspace       used 40329K, capacity 40965K, committed 41344K, reserved 1085440K
  class space    used 5058K, capacity 5209K, committed 5248K, reserved 1048576K
Event: 6.184 GC heap after
Heap after GC invocations=9 (full 2):
 PSYoungGen      total 84992K, used 14166K [0x00000000e0c00000, 0x00000000e8a80000, 0x0000000100000000)
  eden space 69120K, 0% used [0x00000000e0c00000,0x00000000e0c00000,0x00000000e4f80000)
  from space 15872K, 89% used [0x00000000e4f80000,0x00000000e5d55878,0x00000000e5f00000)
  to   space 17408K, 0% used [0x00000000e7980000,0x00000000e7980000,0x00000000e8a80000)
 ParOldGen       total 90624K, used 21596K [0x00000000a2400000, 0x00000000a7c80000, 0x00000000e0c00000)
  object space 90624K, 23% used [0x00000000a2400000,0x00000000a3917070,0x00000000a7c80000)
 Metaspace       used 40329K, capacity 40965K, committed 41344K, reserved 1085440K
  class space    used 5058K, capacity 5209K, committed 5248K, reserved 1048576K
}

Deoptimization events (10 events):
Event: 8.280 Thread 0x00000000031e5800 Uncommon trap: reason=class_check action=maybe_recompile pc=0x000000000427f888 method=org.jetbrains.kotlin.serialization.deserialization.descriptors.DeserializedMemberScope.getContributedClassifier(Lorg/jetbrains/kotlin/name/Name;Lorg/jetbrains/kotlin/inc
Event: 8.281 Thread 0x00000000031e5800 Uncommon trap: reason=class_check action=maybe_recompile pc=0x000000000427f888 method=org.jetbrains.kotlin.serialization.deserialization.descriptors.DeserializedMemberScope.getContributedClassifier(Lorg/jetbrains/kotlin/name/Name;Lorg/jetbrains/kotlin/inc
Event: 8.281 Thread 0x00000000031e5800 Uncommon trap: reason=class_check action=maybe_recompile pc=0x000000000428e018 method=org.jetbrains.kotlin.serialization.deserialization.descriptors.DeserializedMemberScope.getContributedClassifier(Lorg/jetbrains/kotlin/name/Name;Lorg/jetbrains/kotlin/inc
Event: 8.303 Thread 0x00000000031e5800 Uncommon trap: reason=unstable_if action=reinterpret pc=0x0000000003a8adb0 method=org.jetbrains.kotlin.parsing.AbstractKotlinParsing.tokenMatches(Lorg/jetbrains/kotlin/com/intellij/psi/tree/IElementType;Lorg/jetbrains/kotlin/com/intellij/psi/tree/IElement
Event: 8.341 Thread 0x00000000031e5800 Uncommon trap: reason=bimorphic action=maybe_recompile pc=0x00000000041d6560 method=org.jetbrains.kotlin.load.java.lazy.descriptors.LazyJavaScope.getContributedFunctions(Lorg/jetbrains/kotlin/name/Name;Lorg/jetbrains/kotlin/incremental/components/LookupLo
Event: 8.341 Thread 0x00000000031e5800 Uncommon trap: reason=bimorphic action=maybe_recompile pc=0x00000000041d6560 method=org.jetbrains.kotlin.load.java.lazy.descriptors.LazyJavaScope.getContributedFunctions(Lorg/jetbrains/kotlin/name/Name;Lorg/jetbrains/kotlin/incremental/components/LookupLo
Event: 8.353 Thread 0x00000000031e5800 Uncommon trap: reason=class_check action=maybe_recompile pc=0x00000000040f6acc method=org.jetbrains.kotlin.types.TypeConstructorSubstitution$Companion$createByConstructorsMap$1.isEmpty()Z @ 4
Event: 8.354 Thread 0x00000000031e5800 Uncommon trap: reason=unstable_if action=reinterpret pc=0x00000000041fb1ac method=org.jetbrains.kotlin.util.Checks.isApplicable(Lorg/jetbrains/kotlin/descriptors/FunctionDescriptor;)Z @ 28
Event: 8.354 Thread 0x00000000031e5800 Uncommon trap: reason=unstable_if action=reinterpret pc=0x00000000034ebc90 method=org.jetbrains.kotlin.util.AbstractModifierChecks.check(Lorg/jetbrains/kotlin/descriptors/FunctionDescriptor;)Lorg/jetbrains/kotlin/util/CheckResult; @ 40
Event: 8.406 Thread 0x00000000031e5800 Uncommon trap: reason=class_check action=maybe_recompile pc=0x00000000040f6acc method=org.jetbrains.kotlin.types.TypeConstructorSubstitution$Companion$createByConstructorsMap$1.isEmpty()Z @ 4

Classes redefined (0 events):
No events

Internal exceptions (10 events):
Event: 4.416 Thread 0x00000000031e5800 Implicit null exception at 0x0000000003a2a8d0 to 0x0000000003a2a995
Event: 4.537 Thread 0x00000000031e5800 Exception <a 'java/lang/NoSuchMethodError': java.lang.Object.lambda$static$0(I)[Lorg/jetbrains/kotlin/psi/KtDeclaration;> (0x00000000e30e2198) thrown at [C:\src\AOSP-openjdk-git\hotspot\src\share\vm\interpreter\linkResolver.cpp, line 620]
Event: 4.674 Thread 0x00000000031e5800 Exception <a 'java/lang/NoSuchMethodError': java.lang.Object.lambda$static$0(I)[Lorg/jetbrains/kotlin/psi/KtTypeElement;> (0x00000000e0c46188) thrown at [C:\src\AOSP-openjdk-git\hotspot\src\share\vm\interpreter\linkResolver.cpp, line 620]
Event: 5.137 Thread 0x00000000031e5800 Exception <a 'java/lang/NoSuchMethodError': java.lang.Object.lambda$static$0(I)[Lorg/jetbrains/kotlin/com/intellij/psi/PsiClass;> (0x00000000e1ec0d70) thrown at [C:\src\AOSP-openjdk-git\hotspot\src\share\vm\interpreter\linkResolver.cpp, line 620]
Event: 6.738 Thread 0x00000000031e5800 Implicit null exception at 0x0000000003d62514 to 0x0000000003d62829
Event: 6.738 Thread 0x00000000031e5800 Implicit null exception at 0x0000000003d5da6f to 0x0000000003d5daad
Event: 7.771 Thread 0x00000000031e5800 Implicit null exception at 0x0000000003a2264c to 0x0000000003a22729
Event: 7.821 Thread 0x00000000031e5800 Implicit null exception at 0x0000000003591e56 to 0x00000000035921f1
Event: 7.850 Thread 0x00000000031e5800 Exception <a 'java/lang/IncompatibleClassChangeError': Found class java.lang.Object, but interface was expected> (0x00000000e3d4e150) thrown at [C:\src\AOSP-openjdk-git\hotspot\src\share\vm\interpreter\linkResolver.cpp, line 653]
Event: 7.856 Thread 0x00000000031e5800 Implicit null exception at 0x00000000034efbd4 to 0x00000000034eff8d

Events (10 events):
Event: 8.456 loading class org/jetbrains/kotlin/resolve/calls/results/OverloadingConflictResolver$filterOutEquivalentCalls$$inlined$sortedBy$1
Event: 8.456 loading class org/jetbrains/kotlin/resolve/calls/results/OverloadingConflictResolver$filterOutEquivalentCalls$$inlined$sortedBy$1 done
Event: 8.458 loading class org/jetbrains/kotlin/types/checker/TypeCheckingProcedure$EnrichedProjectionKind
Event: 8.458 loading class org/jetbrains/kotlin/types/checker/TypeCheckingProcedure$EnrichedProjectionKind done
Event: 8.459 loading class org/jetbrains/kotlin/types/checker/TypeCheckingProcedure$1
Event: 8.459 loading class org/jetbrains/kotlin/types/checker/TypeCheckingProcedure$1 done
Event: 8.460 loading class org/jetbrains/kotlin/resolve/DescriptorEquivalenceForOverrides$areCallableDescriptorsEquivalent$overridingUtil$1$1
Event: 8.460 loading class org/jetbrains/kotlin/resolve/DescriptorEquivalenceForOverrides$areCallableDescriptorsEquivalent$overridingUtil$1$1 done
Event: 8.466 loading class org/jetbrains/kotlin/resolve/calls/results/OverloadingConflictResolver$chooseMaximallySpecificCandidates$noOverrides$1
Event: 8.466 loading class org/jetbrains/kotlin/resolve/calls/results/OverloadingConflictResolver$chooseMaximallySpecificCandidates$noOverrides$1 done


Dynamic libraries:
0x00007ff6aae90000 - 0x00007ff6aaec1000 	C:\Program Files\Android\Android Studio\jre\jre\bin\java.exe
0x00007ffea8a10000 - 0x00007ffea8bf1000 	C:\WINDOWS\SYSTEM32\ntdll.dll
0x00007ffea6120000 - 0x00007ffea61d1000 	C:\WINDOWS\System32\KERNEL32.DLL
0x00007ffea52a0000 - 0x00007ffea5513000 	C:\WINDOWS\System32\KERNELBASE.dll
0x00007ffea6420000 - 0x00007ffea64c1000 	C:\WINDOWS\System32\ADVAPI32.dll
0x00007ffea8940000 - 0x00007ffea89de000 	C:\WINDOWS\System32\msvcrt.dll
0x00007ffea63b0000 - 0x00007ffea640b000 	C:\WINDOWS\System32\sechost.dll
0x00007ffea73c0000 - 0x00007ffea74e4000 	C:\WINDOWS\System32\RPCRT4.dll
0x00007ffea7170000 - 0x00007ffea7301000 	C:\WINDOWS\System32\USER32.dll
0x00007ffea4dc0000 - 0x00007ffea4de0000 	C:\WINDOWS\System32\win32u.dll
0x00007ffea61e0000 - 0x00007ffea6208000 	C:\WINDOWS\System32\GDI32.dll
0x00007ffea5ce0000 - 0x00007ffea5e71000 	C:\WINDOWS\System32\gdi32full.dll
0x00007ffea5080000 - 0x00007ffea511f000 	C:\WINDOWS\System32\msvcp_win.dll
0x00007ffea51a0000 - 0x00007ffea5298000 	C:\WINDOWS\System32\ucrtbase.dll
0x00007ffe93450000 - 0x00007ffe936b9000 	C:\WINDOWS\WinSxS\amd64_microsoft.windows.common-controls_6595b64144ccf1df_6.0.17134.1130_none_d3ff42617c90becf\COMCTL32.dll
0x00007ffea6700000 - 0x00007ffea6a21000 	C:\WINDOWS\System32\combase.dll
0x00007ffea5120000 - 0x00007ffea5199000 	C:\WINDOWS\System32\bcryptPrimitives.dll
0x00007ffea66d0000 - 0x00007ffea66fd000 	C:\WINDOWS\System32\IMM32.DLL
0x00000000626e0000 - 0x00000000627b2000 	C:\Program Files\Android\Android Studio\jre\jre\bin\msvcr100.dll
0x00000000627c0000 - 0x000000006300b000 	C:\Program Files\Android\Android Studio\jre\jre\bin\server\jvm.dll
0x00007ffea5e80000 - 0x00007ffea5e88000 	C:\WINDOWS\System32\PSAPI.DLL
0x00007ffea0b10000 - 0x00007ffea0b19000 	C:\WINDOWS\SYSTEM32\WSOCK32.dll
0x00007ffe9be50000 - 0x00007ffe9be5a000 	C:\WINDOWS\SYSTEM32\VERSION.dll
0x00007ffea2bb0000 - 0x00007ffea2bd3000 	C:\WINDOWS\SYSTEM32\WINMM.dll
0x00007ffea64d0000 - 0x00007ffea653c000 	C:\WINDOWS\System32\WS2_32.dll
0x00007ffea2b80000 - 0x00007ffea2baa000 	C:\WINDOWS\SYSTEM32\winmmbase.dll
0x00007ffea5c90000 - 0x00007ffea5cd9000 	C:\WINDOWS\System32\cfgmgr32.dll
0x00007ffea0ac0000 - 0x00007ffea0acf000 	C:\Program Files\Android\Android Studio\jre\jre\bin\verify.dll
0x00007ffea0890000 - 0x00007ffea08b9000 	C:\Program Files\Android\Android Studio\jre\jre\bin\java.dll
0x00007ffe9fc70000 - 0x00007ffe9fc86000 	C:\Program Files\Android\Android Studio\jre\jre\bin\zip.dll
0x00007ffea74f0000 - 0x00007ffea8935000 	C:\WINDOWS\System32\SHELL32.dll
0x00007ffea7310000 - 0x00007ffea73b9000 	C:\WINDOWS\System32\shcore.dll
0x00007ffea5520000 - 0x00007ffea5c30000 	C:\WINDOWS\System32\windows.storage.dll
0x00007ffea6a30000 - 0x00007ffea6a81000 	C:\WINDOWS\System32\shlwapi.dll
0x00007ffea4d80000 - 0x00007ffea4d91000 	C:\WINDOWS\System32\kernel.appcore.dll
0x00007ffea4d10000 - 0x00007ffea4d2f000 	C:\WINDOWS\System32\profapi.dll
0x00007ffea4d30000 - 0x00007ffea4d7c000 	C:\WINDOWS\System32\powrprof.dll
0x00007ffea4d00000 - 0x00007ffea4d0a000 	C:\WINDOWS\System32\FLTLIB.DLL
0x00007ffe9fc50000 - 0x00007ffe9fc6a000 	C:\Program Files\Android\Android Studio\jre\jre\bin\net.dll
0x00007ffea4580000 - 0x00007ffea45e6000 	C:\WINDOWS\system32\mswsock.dll
0x00007ffe9fc30000 - 0x00007ffe9fc43000 	C:\Program Files\Android\Android Studio\jre\jre\bin\nio.dll

VM Arguments:
java_command: org.jetbrains.kotlin.cli.jvm.K2JVMCompiler -Xallow-no-source-files -classpath D:\Inzynierka_Apka\app\build\intermediates\compile_and_runtime_not_namespaced_r_class_jar\debug\R.jar;C:\Users\Nimoje\.gradle\caches\transforms-2\files-2.1\1027f6f18a03ff1970cc203023a8337c\jetified-kotlin-android-extensions-runtime-1.3.61.jar;C:\Users\Nimoje\.gradle\caches\transforms-2\files-2.1\c876911108db43e0f2b561dc5e5c91aa\jetified-kotlin-stdlib-jdk7-1.3.61.jar;C:\Users\Nimoje\.gradle\caches\transforms-2\files-2.1\8869f1b1791c6f98d91ddc281820e7b8\jetified-core-ktx-1.3.2-api.jar;C:\Users\Nimoje\.gradle\caches\transforms-2\files-2.1\5d9786db19475f508bd775d24c14b86b\jetified-kotlin-stdlib-1.3.71.jar;C:\Users\Nimoje\.gradle\caches\transforms-2\files-2.1\fabf5380e2756fb67ac5e0087b32fc71\jetified-kotlin-stdlib-common-1.3.71.jar;C:\Users\Nimoje\.gradle\caches\transforms-2\files-2.1\eeac78053d2edd48113c456f4515024e\jetified-annotations-13.0.jar;C:\Users\Nimoje\.gradle\caches\transforms-2\files-2.1\cf1f15d1ebe2ad580a4a5b5909f52c9e\jetified-signalr-5.0.0-preview.8.20414.8.jar;C:\Users\Nimoje\.gradle\caches\transforms-2\files-2.1\4d70a31394dcef7b7ae272aec0422936\jetified-rxjava-2.2.3.jar;C:\Users\Nimoje\.gradle\caches\transforms-2\files-2.1\8711e3c8ed7db4f6423159d147b34b31\jetified-reactive-streams-1.0.2.jar;C:\Users\Nimoje\.gradle\caches\transforms-2\files-2.1\c0d90faaaff85058e40f5e5e21087e8c\jetified-volley-1.1.1-api.jar;C:\Users\Nimoje\.gradle\caches\transforms-2\files-2.1\f9bddf5d9915e292aed20254848a92c5\constraintlayout-2.0.2-api.jar;C:\Users\Nimoje\.gradle\caches\transforms-2\files-2.1\f3497a411c832d120be53af14a662c23\appcompat-1.2.0-api.jar;C:\Users\Nimoje\.gradle\caches\transforms-2\files-2.1\ab5aba1ed3b4400d7d4ca2d961fd1d5e\fragment-1.1.0-api.jar;C:\Users\Nimoje\.gradle\caches\transforms-2\files-2.1\563ff36c18986faa639ee7e5c02e51bd\jetified-appcompat-resources-1.2.0-api.jar;C:\Users\Nimoje\.gradle\caches\transforms-2\files-2.1\9f5f00aeacda7ac0773a72392e037344\drawerlayou
java_class_path (initial): C:\Users\Nimoje\.gradle\caches\modules-2\files-2.1\org.jetbrains.kotlin\kotlin-compiler-embeddable\1.3.61\c35c0833d5a1e3d229359758482c480306724618\kotlin-compiler-embeddable-1.3.61.jar;C:\Users\Nimoje\.gradle\caches\modules-2\files-2.1\org.jetbrains.kotlin\kotlin-reflect\1.3.61\2e07c9a84c9e118efb70eede7e579fd663932122\kotlin-reflect-1.3.61.jar;C:\Users\Nimoje\.gradle\caches\modules-2\files-2.1\org.jetbrains.kotlin\kotlin-stdlib\1.3.61\4702105e97f7396ae41b113fdbdc180ec1eb1e36\kotlin-stdlib-1.3.61.jar;C:\Users\Nimoje\.gradle\caches\modules-2\files-2.1\org.jetbrains.kotlin\kotlin-script-runtime\1.3.61\e5feb39c8de63dcbdc1154b34ca4413874231605\kotlin-script-runtime-1.3.61.jar;C:\Users\Nimoje\.gradle\caches\modules-2\files-2.1\org.jetbrains.kotlin\kotlin-daemon-embeddable\1.3.61\4de83e41a92c8395d89ab2e81d26b788ba163824\kotlin-daemon-embeddable-1.3.61.jar;C:\Users\Nimoje\.gradle\caches\modules-2\files-2.1\org.jetbrains.intellij.deps\trove4j\1.0.20181211\216c2e14b070f334479d800987affe4054cd563f\trove4j-1.0.20181211.jar;C:\Users\Nimoje\.gradle\caches\modules-2\files-2.1\org.jetbrains.kotlin\kotlin-stdlib-common\1.3.61\65abb71d5afb850b68be03987b08e2c864ca3110\kotlin-stdlib-common-1.3.61.jar;C:\Users\Nimoje\.gradle\caches\modules-2\files-2.1\org.jetbrains\annotations\13.0\919f0dfe192fb4e063e7dacadee7f8bb9a2672a9\annotations-13.0.jar;C:\Program Files\Android\Android Studio\jre\lib\tools.jar
Launcher Type: SUN_STANDARD

Environment Variables:
PATH=C:\Program Files (x86)\Common Files\Oracle\Java\javapath;C:\WINDOWS\system32;C:\WINDOWS;C:\WINDOWS\System32\Wbem;C:\WINDOWS\System32\WindowsPowerShell\v1.0\;C:\WINDOWS\System32\OpenSSH\;C:\Program Files (x86)\Intel\OpenCL SDK\2.0\bin\x86;C:\Program Files (x86)\Intel\OpenCL SDK\2.0\bin\x64;C:\Program Files (x86)\NVIDIA Corporation\PhysX\Common;C:\Program Files\doxygen\bin;D:\MATLAB\R2014a\runtime\win64;D:\MATLAB\R2014a\bin;D:\MATLAB\R2014a\polyspace\bin;C:\Program Files\Git\cmd;C:\Program Files\Microsoft SQL Server\130\Tools\Binn\;C:\Program Files\Microsoft SQL Server\Client SDK\ODBC\170\Tools\Binn\;C:\Program Files\PuTTY\;C:\Program Files\dotnet\;C:\Program Files\Microsoft\Web Platform Installer\;C:\Program Files\MySQL\MySQL Shell 8.0\bin\;C:\Users\Nimoje\AppData\Local\Microsoft\WindowsApps;;C:\Users\Nimoje\AppData\Local\Programs\Microsoft VS Code\bin;C:\Program Files\heroku\bin;C:\Program Files\JetBrains\IntelliJ IDEA 2020.1.2\bin;;C:\Users\Nimoje\.dotnet\tools
USERNAME=Nimoje
OS=Windows_NT
PROCESSOR_IDENTIFIER=Intel64 Family 6 Model 58 Stepping 9, GenuineIntel



---------------  S Y S T E M  ---------------

OS: Windows 10.0 , 64 bit Build 17134 (10.0.17134.753)

CPU:total 4 (initial active 4) (2 cores per cpu, 2 threads per core) family 6 model 58 stepping 9, cmov, cx8, fxsr, mmx, sse, sse2, sse3, ssse3, sse4.1, sse4.2, popcnt, avx, aes, clmul, erms, ht, tsc, tscinvbit, tscinv

Memory: 4k page, physical 6143508k(761256k free), swap 9289236k(5132k free)

vm_info: OpenJDK 64-Bit Server VM (25.242-b01) for windows-amd64 JRE (1.8.0_242-release-1644-b01), built by "builder" with MS VC++ 10.0 (VS2010)

time: Wed Oct 28 14:39:25 2020
timezone: Œrodkowoeuropejski czas stand.
elapsed time: 8 seconds (0d 0h 0m 8s)

