#
# There is insufficient memory for the Java Runtime Environment to continue.
# Native memory allocation (malloc) failed to allocate 598096 bytes for Chunk::new
# Possible reasons:
#   The system is out of physical RAM or swap space
#   The process is running with CompressedOops enabled, and the Java Heap may be blocking the growth of the native heap
# Possible solutions:
#   Reduce memory load on the system
#   Increase physical memory or swap space
#   Check if swap backing store is full
#   Decrease Java heap size (-Xmx/-Xms)
#   Decrease number of Java threads
#   Decrease Java thread stack sizes (-Xss)
#   Set larger code cache with -XX:ReservedCodeCacheSize=
#   JVM is running with Unscaled Compressed Oops mode in which the Java heap is
#     placed in the first 4GB address space. The Java Heap base address is the
#     maximum limit for the native heap growth. Please use -XX:HeapBaseMinAddress
#     to set the Java Heap base and to place the Java Heap above 4GB virtual address.
# This output file may be truncated or incomplete.
#
#  Out of Memory Error (allocation.cpp:389), pid=10692, tid=0x0000000000001fcc
#
# JRE version: OpenJDK Runtime Environment (8.0_242-b01) (build 1.8.0_242-release-1644-b01)
# Java VM: OpenJDK 64-Bit Server VM (25.242-b01 mixed mode windows-amd64 compressed oops)
# Failed to write core dump. Minidumps are not enabled by default on client versions of Windows
#

---------------  T H R E A D  ---------------

Current thread (0x000000001592c000):  JavaThread "C2 CompilerThread1" daemon [_thread_in_native, id=8140, stack(0x0000000017090000,0x0000000017190000)]

Stack: [0x0000000017090000,0x0000000017190000]
[error occurred during error reporting (printing stack bounds), id 0xc0000005]

Native frames: (J=compiled Java code, j=interpreted, Vv=VM code, C=native code)


Current CompileTask:
C2:  70862 10212       4       org.gradle.internal.reflect.ClassInspector::inspectClass (179 bytes)


---------------  P R O C E S S  ---------------

Java Threads: ( => current thread )
  0x000000001c39a000 JavaThread "WorkerExecutor Queue Thread 4" [_thread_blocked, id=14100, stack(0x000000002c160000,0x000000002c260000)]
  0x000000001c39c000 JavaThread "WorkerExecutor Queue Thread 3" [_thread_blocked, id=5164, stack(0x000000002ba60000,0x000000002bb60000)]
  0x000000001c399000 JavaThread "WorkerExecutor Queue Thread 2" [_thread_blocked, id=8060, stack(0x000000002b960000,0x000000002ba60000)]
  0x000000001c39b800 JavaThread "WorkerExecutor Queue" [_thread_blocked, id=9256, stack(0x000000002b860000,0x000000002b960000)]
  0x000000001c39e800 JavaThread "ForkJoinPool.commonPool-worker-3" daemon [_thread_blocked, id=10476, stack(0x000000002b760000,0x000000002b860000)]
  0x0000000019607000 JavaThread "ForkJoinPool.commonPool-worker-2" daemon [_thread_blocked, id=12004, stack(0x000000002b660000,0x000000002b760000)]
  0x0000000019605000 JavaThread "RMI TCP Connection(1)-127.0.0.1" daemon [_thread_in_native, id=14244, stack(0x000000002b460000,0x000000002b560000)]
  0x0000000019604000 JavaThread "RMI Reaper" [_thread_blocked, id=7448, stack(0x000000002b360000,0x000000002b460000)]
  0x00000000195fc800 JavaThread "RMI TCP Accept-0" daemon [_thread_in_native, id=8712, stack(0x000000002b260000,0x000000002b360000)]
  0x0000000019603800 JavaThread "GC Daemon" daemon [_thread_blocked, id=9736, stack(0x000000002b160000,0x000000002b260000)]
  0x0000000019602000 JavaThread "RMI Scheduler(0)" daemon [_thread_blocked, id=2984, stack(0x000000002af60000,0x000000002b060000)]
  0x0000000019600800 JavaThread "Cache worker for execution history cache (D:\Inzynierka_Apka\.gradle\6.5\executionHistory)" [_thread_blocked, id=5992, stack(0x000000002a660000,0x000000002a760000)]
  0x00000000195ff000 JavaThread "Execution worker for ':' Thread 3" [_thread_blocked, id=8640, stack(0x000000002a560000,0x000000002a660000)]
  0x0000000019601000 JavaThread "Execution worker for ':' Thread 2" [_thread_blocked, id=13348, stack(0x000000002a460000,0x000000002a560000)]
  0x00000000195f8800 JavaThread "Execution worker for ':'" [_thread_blocked, id=3108, stack(0x000000002a360000,0x000000002a460000)]
  0x00000000195ff800 JavaThread "Cache worker for file content cache (D:\Inzynierka_Apka\.gradle\6.5\fileContent)" [_thread_blocked, id=11332, stack(0x0000000029e60000,0x0000000029f60000)]
  0x00000000195f9800 JavaThread "Memory manager" [_thread_blocked, id=12300, stack(0x00000000288f0000,0x00000000289f0000)]
  0x00000000195fd800 JavaThread "Cache worker for Build Output Cleanup Cache (D:\Inzynierka_Apka\.gradle\buildOutputCleanup)" [_thread_blocked, id=8400, stack(0x0000000026a20000,0x0000000026b20000)]
  0x00000000195fc000 JavaThread "jar transforms Thread 112" [_thread_blocked, id=10116, stack(0x0000000026720000,0x0000000026820000)]
  0x00000000195fb000 JavaThread "jar transforms Thread 111" [_thread_blocked, id=12760, stack(0x0000000026620000,0x0000000026720000)]
  0x00000000195fe000 JavaThread "jar transforms Thread 110" [_thread_blocked, id=13076, stack(0x0000000026520000,0x0000000026620000)]
  0x00000000195f8000 JavaThread "jar transforms Thread 109" [_thread_blocked, id=6528, stack(0x0000000026420000,0x0000000026520000)]
  0x0000000018ada000 JavaThread "jar transforms Thread 108" [_thread_blocked, id=8628, stack(0x0000000026320000,0x0000000026420000)]
  0x0000000018ad8800 JavaThread "jar transforms Thread 107" [_thread_blocked, id=5016, stack(0x0000000026220000,0x0000000026320000)]
  0x0000000018adf000 JavaThread "jar transforms Thread 106" [_thread_blocked, id=13944, stack(0x0000000026120000,0x0000000026220000)]
  0x0000000018add800 JavaThread "jar transforms Thread 105" [_thread_blocked, id=5688, stack(0x0000000026020000,0x0000000026120000)]
  0x0000000018adc000 JavaThread "jar transforms Thread 104" [_thread_blocked, id=10112, stack(0x0000000025f20000,0x0000000026020000)]
  0x0000000018ade800 JavaThread "jar transforms Thread 103" [_thread_blocked, id=5116, stack(0x0000000025e20000,0x0000000025f20000)]
  0x0000000018ad9000 JavaThread "jar transforms Thread 102" [_thread_blocked, id=6220, stack(0x0000000025d20000,0x0000000025e20000)]
  0x0000000018adb800 JavaThread "jar transforms Thread 101" [_thread_blocked, id=10028, stack(0x0000000025c20000,0x0000000025d20000)]
  0x0000000018ada800 JavaThread "jar transforms Thread 100" [_thread_blocked, id=13988, stack(0x0000000025b20000,0x0000000025c20000)]
  0x0000000018add000 JavaThread "jar transforms Thread 99" [_thread_blocked, id=6752, stack(0x0000000025a20000,0x0000000025b20000)]
  0x0000000018ad0800 JavaThread "jar transforms Thread 98" [_thread_blocked, id=12464, stack(0x0000000025920000,0x0000000025a20000)]
  0x0000000018ad7800 JavaThread "jar transforms Thread 97" [_thread_blocked, id=11140, stack(0x0000000025720000,0x0000000025820000)]
  0x0000000018ad5000 JavaThread "jar transforms Thread 96" [_thread_blocked, id=3032, stack(0x0000000025620000,0x0000000025720000)]
  0x0000000018ad6000 JavaThread "jar transforms Thread 95" [_thread_blocked, id=2288, stack(0x0000000025520000,0x0000000025620000)]
  0x0000000018ad3000 JavaThread "jar transforms Thread 94" [_thread_blocked, id=12808, stack(0x0000000025420000,0x0000000025520000)]
  0x0000000018ad2000 JavaThread "jar transforms Thread 93" [_thread_blocked, id=10148, stack(0x0000000025320000,0x0000000025420000)]
  0x0000000018ad4800 JavaThread "jar transforms Thread 92" [_thread_blocked, id=13264, stack(0x0000000025220000,0x0000000025320000)]
  0x0000000018ad1800 JavaThread "jar transforms Thread 91" [_thread_blocked, id=13860, stack(0x0000000025120000,0x0000000025220000)]
  0x0000000018ad0000 JavaThread "jar transforms Thread 90" [_thread_blocked, id=1804, stack(0x0000000025020000,0x0000000025120000)]
  0x0000000018ad6800 JavaThread "jar transforms Thread 89" [_thread_blocked, id=8592, stack(0x0000000024f20000,0x0000000025020000)]
  0x0000000018ad3800 JavaThread "jar transforms Thread 88" [_thread_blocked, id=12416, stack(0x0000000024e20000,0x0000000024f20000)]
  0x0000000018ee1800 JavaThread "jar transforms Thread 87" [_thread_blocked, id=13260, stack(0x0000000024d20000,0x0000000024e20000)]
  0x0000000018ee6800 JavaThread "jar transforms Thread 86" [_thread_blocked, id=6832, stack(0x0000000024c20000,0x0000000024d20000)]
  0x0000000018ee6000 JavaThread "jar transforms Thread 85" [_thread_blocked, id=2456, stack(0x0000000024b20000,0x0000000024c20000)]
  0x0000000018ee4800 JavaThread "jar transforms Thread 84" [_thread_blocked, id=5244, stack(0x0000000024a20000,0x0000000024b20000)]
  0x0000000018ee3800 JavaThread "jar transforms Thread 83" [_thread_blocked, id=13604, stack(0x0000000024920000,0x0000000024a20000)]
  0x0000000018ee5000 JavaThread "jar transforms Thread 82" [_thread_blocked, id=8880, stack(0x0000000024820000,0x0000000024920000)]
  0x0000000018ee3000 JavaThread "jar transforms Thread 81" [_thread_blocked, id=4736, stack(0x0000000024720000,0x0000000024820000)]
  0x0000000018ee2000 JavaThread "jar transforms Thread 80" [_thread_blocked, id=3300, stack(0x0000000024620000,0x0000000024720000)]
  0x0000000018eda000 JavaThread "jar transforms Thread 79" [_thread_blocked, id=7648, stack(0x0000000024520000,0x0000000024620000)]
  0x0000000018ee0800 JavaThread "jar transforms Thread 78" [_thread_blocked, id=11192, stack(0x0000000024420000,0x0000000024520000)]
  0x0000000018ede800 JavaThread "jar transforms Thread 77" [_thread_blocked, id=11692, stack(0x0000000024320000,0x0000000024420000)]
  0x0000000018ed9000 JavaThread "jar transforms Thread 76" [_thread_blocked, id=13256, stack(0x0000000024220000,0x0000000024320000)]
  0x0000000018edd800 JavaThread "jar transforms Thread 75" [_thread_blocked, id=9632, stack(0x0000000024120000,0x0000000024220000)]
  0x0000000018eda800 JavaThread "jar transforms Thread 74" [_thread_blocked, id=6304, stack(0x0000000024020000,0x0000000024120000)]
  0x0000000018ee0000 JavaThread "jar transforms Thread 73" [_thread_blocked, id=13328, stack(0x0000000023f20000,0x0000000024020000)]
  0x0000000018ed8800 JavaThread "jar transforms Thread 72" [_thread_blocked, id=9460, stack(0x0000000023e20000,0x0000000023f20000)]
  0x0000000018edf000 JavaThread "jar transforms Thread 71" [_thread_blocked, id=14308, stack(0x0000000023d20000,0x0000000023e20000)]
  0x0000000018edd000 JavaThread "jar transforms Thread 70" [_thread_blocked, id=10152, stack(0x0000000023c20000,0x0000000023d20000)]
  0x0000000018ed7800 JavaThread "jar transforms Thread 69" [_thread_blocked, id=12716, stack(0x0000000023b20000,0x0000000023c20000)]
  0x0000000018edc000 JavaThread "jar transforms Thread 68" [_thread_blocked, id=12824, stack(0x0000000023a20000,0x0000000023b20000)]
  0x0000000018edb800 JavaThread "jar transforms Thread 67" [_thread_blocked, id=12636, stack(0x0000000023920000,0x0000000023a20000)]
  0x000000001c770800 JavaThread "jar transforms Thread 66" [_thread_blocked, id=12528, stack(0x0000000023820000,0x0000000023920000)]
  0x000000001c76f000 JavaThread "jar transforms Thread 65" [_thread_blocked, id=9592, stack(0x0000000023720000,0x0000000023820000)]
  0x000000001c76c000 JavaThread "jar transforms Thread 64" [_thread_blocked, id=12960, stack(0x0000000023620000,0x0000000023720000)]
  0x000000001c76b000 JavaThread "jar transforms Thread 63" [_thread_blocked, id=7228, stack(0x0000000023520000,0x0000000023620000)]
  0x000000001c76c800 JavaThread "jar transforms Thread 62" [_thread_blocked, id=2444, stack(0x0000000023420000,0x0000000023520000)]
  0x000000001c76e000 JavaThread "jar transforms Thread 61" [_thread_blocked, id=9432, stack(0x0000000023320000,0x0000000023420000)]
  0x000000001c76f800 JavaThread "jar transforms Thread 60" [_thread_blocked, id=7588, stack(0x0000000023220000,0x0000000023320000)]
  0x000000001c76d800 JavaThread "jar transforms Thread 59" [_thread_blocked, id=4108, stack(0x0000000023120000,0x0000000023220000)]
  0x000000001c763800 JavaThread "jar transforms Thread 58" [_thread_blocked, id=1248, stack(0x0000000023020000,0x0000000023120000)]
  0x000000001c76a800 JavaThread "jar transforms Thread 57" [_thread_blocked, id=5928, stack(0x0000000022f20000,0x0000000023020000)]
  0x000000001c769800 JavaThread "jar transforms Thread 56" [_thread_blocked, id=12376, stack(0x0000000022e20000,0x0000000022f20000)]
  0x000000001c769000 JavaThread "jar transforms Thread 55" [_thread_blocked, id=10812, stack(0x0000000022d20000,0x0000000022e20000)]
  0x000000001c761000 JavaThread "jar transforms Thread 54" [_thread_blocked, id=4300, stack(0x0000000022c20000,0x0000000022d20000)]
  0x000000001c768000 JavaThread "jar transforms Thread 53" [_thread_blocked, id=13544, stack(0x0000000022b20000,0x0000000022c20000)]
  0x000000001c762000 JavaThread "jar transforms Thread 52" [_thread_blocked, id=4628, stack(0x0000000022a20000,0x0000000022b20000)]
  0x000000001c766800 JavaThread "jar transforms Thread 51" [_thread_blocked, id=14204, stack(0x0000000022920000,0x0000000022a20000)]
  0x000000001c767800 JavaThread "jar transforms Thread 50" [_thread_blocked, id=8432, stack(0x0000000022820000,0x0000000022920000)]
  0x000000001c765800 JavaThread "jar transforms Thread 49" [_thread_blocked, id=11236, stack(0x0000000022720000,0x0000000022820000)]
  0x000000001c765000 JavaThread "jar transforms Thread 48" [_thread_blocked, id=7452, stack(0x0000000022620000,0x0000000022720000)]
  0x000000001c764000 JavaThread "jar transforms Thread 47" [_thread_blocked, id=10480, stack(0x0000000022520000,0x0000000022620000)]
  0x000000001c762800 JavaThread "jar transforms Thread 46" [_thread_blocked, id=13248, stack(0x0000000022420000,0x0000000022520000)]
  0x0000000015946000 JavaThread "jar transforms Thread 45" [_thread_blocked, id=4252, stack(0x0000000022320000,0x0000000022420000)]
  0x0000000015943800 JavaThread "jar transforms Thread 44" [_thread_blocked, id=11176, stack(0x0000000022220000,0x0000000022320000)]
  0x0000000015944800 JavaThread "jar transforms Thread 43" [_thread_blocked, id=11292, stack(0x0000000022120000,0x0000000022220000)]
  0x0000000015943000 JavaThread "jar transforms Thread 42" [_thread_blocked, id=2240, stack(0x0000000022020000,0x0000000022120000)]
  0x0000000015942000 JavaThread "jar transforms Thread 41" [_thread_blocked, id=14000, stack(0x0000000021f20000,0x0000000022020000)]
  0x0000000015941800 JavaThread "jar transforms Thread 40" [_thread_blocked, id=2980, stack(0x0000000021e20000,0x0000000021f20000)]
  0x0000000015940800 JavaThread "jar transforms Thread 39" [_thread_blocked, id=9688, stack(0x0000000021d20000,0x0000000021e20000)]
  0x0000000015945000 JavaThread "jar transforms Thread 38" [_thread_blocked, id=9840, stack(0x0000000021c20000,0x0000000021d20000)]
  0x0000000015939000 JavaThread "jar transforms Thread 37" [_thread_blocked, id=13756, stack(0x0000000021b20000,0x0000000021c20000)]
  0x0000000015940000 JavaThread "jar transforms Thread 36" [_thread_blocked, id=8952, stack(0x0000000021a20000,0x0000000021b20000)]
  0x000000001593f000 JavaThread "jar transforms Thread 35" [_thread_blocked, id=764, stack(0x0000000021920000,0x0000000021a20000)]
  0x0000000015937800 JavaThread "jar transforms Thread 34" [_thread_blocked, id=5776, stack(0x0000000021820000,0x0000000021920000)]
  0x000000001593e800 JavaThread "jar transforms Thread 33" [_thread_blocked, id=8936, stack(0x0000000021720000,0x0000000021820000)]
  0x000000001593d000 JavaThread "jar transforms Thread 32" [_thread_blocked, id=8116, stack(0x0000000021620000,0x0000000021720000)]
  0x000000001593b800 JavaThread "jar transforms Thread 31" [_thread_blocked, id=13192, stack(0x0000000021520000,0x0000000021620000)]
  0x000000001593a000 JavaThread "jar transforms Thread 30" [_thread_blocked, id=8816, stack(0x0000000021420000,0x0000000021520000)]
  0x0000000015938800 JavaThread "jar transforms Thread 29" [_thread_blocked, id=14212, stack(0x0000000021320000,0x0000000021420000)]
  0x000000001593a800 JavaThread "jar transforms Thread 28" [_thread_blocked, id=8468, stack(0x0000000021220000,0x0000000021320000)]
  0x000000001593c000 JavaThread "jar transforms Thread 27" [_thread_blocked, id=9180, stack(0x0000000021120000,0x0000000021220000)]
  0x0000000015937000 JavaThread "jar transforms Thread 26" [_thread_blocked, id=10492, stack(0x0000000021020000,0x0000000021120000)]
  0x000000001593d800 JavaThread "jar transforms Thread 25" [_thread_blocked, id=11272, stack(0x0000000020f20000,0x0000000021020000)]
  0x0000000018c3f000 JavaThread "jar transforms Thread 24" [_thread_blocked, id=14216, stack(0x0000000020e20000,0x0000000020f20000)]
  0x0000000018c40000 JavaThread "jar transforms Thread 23" [_thread_blocked, id=7184, stack(0x0000000020d20000,0x0000000020e20000)]
  0x0000000018c3b800 JavaThread "jar transforms Thread 22" [_thread_blocked, id=2520, stack(0x0000000020c20000,0x0000000020d20000)]
  0x0000000018c3e800 JavaThread "jar transforms Thread 21" [_thread_blocked, id=11592, stack(0x0000000020b20000,0x0000000020c20000)]
  0x0000000018c3a800 JavaThread "jar transforms Thread 20" [_thread_blocked, id=8180, stack(0x0000000020a20000,0x0000000020b20000)]
  0x0000000018c3d800 JavaThread "jar transforms Thread 19" [_thread_blocked, id=6352, stack(0x0000000020920000,0x0000000020a20000)]
  0x0000000018c3a000 JavaThread "jar transforms Thread 18" [_thread_blocked, id=11392, stack(0x0000000020820000,0x0000000020920000)]
  0x0000000018c3d000 JavaThread "jar transforms Thread 17" [_thread_blocked, id=3060, stack(0x0000000020720000,0x0000000020820000)]
  0x0000000018c3c000 JavaThread "jar transforms Thread 16" [_thread_blocked, id=3552, stack(0x0000000020620000,0x0000000020720000)]
  0x0000000018c40800 JavaThread "jar transforms Thread 15" [_thread_blocked, id=13932, stack(0x0000000020520000,0x0000000020620000)]
  0x00000000174a4800 JavaThread "jar transforms Thread 14" [_thread_blocked, id=7288, stack(0x0000000020420000,0x0000000020520000)]
  0x00000000174a9000 JavaThread "jar transforms Thread 13" [_thread_blocked, id=11240, stack(0x0000000020320000,0x0000000020420000)]
  0x00000000174a8800 JavaThread "jar transforms Thread 12" [_thread_blocked, id=2364, stack(0x0000000020220000,0x0000000020320000)]
  0x00000000174a7800 JavaThread "jar transforms Thread 11" [_thread_blocked, id=9184, stack(0x0000000020120000,0x0000000020220000)]
  0x00000000174a4000 JavaThread "jar transforms Thread 10" [_thread_blocked, id=8428, stack(0x0000000020020000,0x0000000020120000)]
  0x00000000174a5800 JavaThread "jar transforms Thread 9" [_thread_blocked, id=7260, stack(0x000000001ff20000,0x0000000020020000)]
  0x00000000174a2000 JavaThread "jar transforms Thread 8" [_thread_blocked, id=12428, stack(0x000000001fe20000,0x000000001ff20000)]
  0x00000000174a6000 JavaThread "jar transforms Thread 7" [_thread_blocked, id=13640, stack(0x000000001fd20000,0x000000001fe20000)]
  0x00000000174a7000 JavaThread "jar transforms Thread 6" [_thread_blocked, id=9656, stack(0x000000001fc20000,0x000000001fd20000)]
  0x00000000174a3000 JavaThread "jar transforms Thread 5" [_thread_blocked, id=4172, stack(0x000000001fb20000,0x000000001fc20000)]
  0x000000001749a800 JavaThread "jar transforms Thread 4" [_thread_blocked, id=11408, stack(0x000000001fa20000,0x000000001fb20000)]
  0x000000001749d000 JavaThread "jar transforms Thread 3" [_thread_blocked, id=6264, stack(0x000000001f920000,0x000000001fa20000)]
  0x00000000174a1800 JavaThread "jar transforms Thread 2" [_thread_blocked, id=10024, stack(0x000000001f820000,0x000000001f920000)]
  0x000000001749c000 JavaThread "Build operations Thread 4" [_thread_blocked, id=7400, stack(0x000000001f720000,0x000000001f820000)]
  0x000000001749a000 JavaThread "Build operations Thread 3" [_thread_blocked, id=7384, stack(0x000000001f620000,0x000000001f720000)]
  0x00000000174a0800 JavaThread "Build operations Thread 2" [_thread_blocked, id=5464, stack(0x000000001f520000,0x000000001f620000)]
  0x00000000174a0000 JavaThread "Build operations" [_thread_blocked, id=8680, stack(0x000000001f420000,0x000000001f520000)]
  0x00000000180eb000 JavaThread "Cache worker for file content cache (C:\Users\Nimoje\.gradle\caches\6.5\fileContent)" [_thread_blocked, id=11088, stack(0x000000001dd50000,0x000000001de50000)]
  0x00000000180e9800 JavaThread "jar transforms" [_thread_blocked, id=10820, stack(0x000000001dc50000,0x000000001dd50000)]
  0x00000000180ed800 JavaThread "Cache worker for execution history cache (C:\Users\Nimoje\.gradle\caches\6.5\executionHistory)" [_thread_blocked, id=7976, stack(0x000000001d550000,0x000000001d650000)]
  0x00000000180ea800 JavaThread "Cache worker for cache directory md-rule (C:\Users\Nimoje\.gradle\caches\6.5\md-rule)" [_thread_blocked, id=13012, stack(0x000000001d450000,0x000000001d550000)]
  0x00000000180e9000 JavaThread "Cache worker for cache directory md-supplier (C:\Users\Nimoje\.gradle\caches\6.5\md-supplier)" [_thread_blocked, id=7832, stack(0x000000001d350000,0x000000001d450000)]
  0x00000000180ee000 JavaThread "Cache worker for checksums cache (D:\Inzynierka_Apka\.gradle\checksums)" [_thread_blocked, id=12340, stack(0x000000001d250000,0x000000001d350000)]
  0x00000000180ef000 JavaThread "Cache worker for file hash cache (D:\Inzynierka_Apka\.gradle\6.5\fileHashes)" [_thread_blocked, id=8652, stack(0x000000001cc90000,0x000000001cd90000)]
  0x00000000180e8000 JavaThread "Cache worker for file hash cache (C:\Users\Nimoje\.gradle\caches\6.5\fileHashes)" [_thread_blocked, id=4660, stack(0x000000001b9c0000,0x000000001bac0000)]
  0x00000000180ec800 JavaThread "File lock request listener" [_thread_in_native, id=5084, stack(0x000000001b8c0000,0x000000001b9c0000)]
  0x0000000017de0000 JavaThread "Cache worker for journal cache (C:\Users\Nimoje\.gradle\caches\journal-1)" [_thread_blocked, id=11544, stack(0x000000001b6c0000,0x000000001b7c0000)]
  0x0000000018b8e800 JavaThread "Thread-9" [_thread_blocked, id=12052, stack(0x000000001b3c0000,0x000000001b4c0000)]
  0x00000000193d0000 JavaThread "Asynchronous log dispatcher for DefaultDaemonConnection: socket connection from /127.0.0.1:52695 to /127.0.0.1:52696" [_thread_blocked, id=5048, stack(0x000000001b1c0000,0x000000001b2c0000)]
  0x0000000018b89800 JavaThread "Daemon worker" [_thread_blocked, id=13332, stack(0x000000001b0c0000,0x000000001b1c0000)]
  0x000000001792e000 JavaThread "Cancel handler" [_thread_blocked, id=13856, stack(0x000000001afc0000,0x000000001b0c0000)]
  0x0000000018362000 JavaThread "Handler for socket connection from /127.0.0.1:52695 to /127.0.0.1:52696" [_thread_in_native, id=4260, stack(0x000000001aec0000,0x000000001afc0000)]
  0x000000001938e000 JavaThread "Daemon" [_thread_blocked, id=12884, stack(0x000000001adc0000,0x000000001aec0000)]
  0x00000000192f3000 JavaThread "Daemon periodic checks" [_thread_blocked, id=5204, stack(0x000000001aac0000,0x000000001abc0000)]
  0x00000000192f1800 JavaThread "Incoming local TCP Connector on port 52695" [_thread_in_native, id=7332, stack(0x000000001a870000,0x000000001a970000)]
  0x0000000017b36000 JavaThread "Daemon health stats" [_thread_blocked, id=2292, stack(0x000000001a230000,0x000000001a330000)]
  0x000000001597d800 JavaThread "Service Thread" daemon [_thread_blocked, id=11220, stack(0x0000000017690000,0x0000000017790000)]
  0x0000000015936000 JavaThread "C1 CompilerThread2" daemon [_thread_blocked, id=2836, stack(0x0000000017190000,0x0000000017290000)]
=>0x000000001592c000 JavaThread "C2 CompilerThread1" daemon [_thread_in_native, id=8140, stack(0x0000000017090000,0x0000000017190000)]
  0x0000000015928000 JavaThread "C2 CompilerThread0" daemon [_thread_blocked, id=1732, stack(0x0000000016f90000,0x0000000017090000)]
  0x0000000015926800 JavaThread "Attach Listener" daemon [_thread_blocked, id=13912, stack(0x0000000016e90000,0x0000000016f90000)]
  0x0000000015925800 JavaThread "Signal Dispatcher" daemon [_thread_blocked, id=12980, stack(0x0000000016d90000,0x0000000016e90000)]
  0x000000000324c800 JavaThread "Finalizer" daemon [_thread_blocked, id=13920, stack(0x0000000016b80000,0x0000000016c80000)]
  0x0000000003241000 JavaThread "Reference Handler" daemon [_thread_blocked, id=11876, stack(0x0000000016a80000,0x0000000016b80000)]
  0x000000000301e800 JavaThread "main" [_thread_blocked, id=248, stack(0x0000000003050000,0x0000000003150000)]

Other Threads:
  0x00000000158e7000 VMThread [stack: 0x0000000016980000,0x0000000016a80000] [id=13568]
  0x00000000172ca800 WatcherThread [stack: 0x0000000017790000,0x0000000017890000] [id=12764]

VM state:at safepoint (normal execution)

VM Mutex/Monitor currently owned by a thread:  ([mutex/lock_event])
[0x000000000301d310] Threads_lock - owner thread: 0x00000000158e7000
[0x000000000301cc10] Heap_lock - owner thread: 0x000000001c39b800

heap address: 0x00000000c0000000, size: 1024 MB, Compressed Oops mode: 32-bit
Narrow klass base: 0x0000000000000000, Narrow klass shift: 3
Compressed class space size: 1073741824 Address: 0x0000000100000000

Heap:
 PSYoungGen      total 116224K, used 7776K [0x00000000eab00000, 0x00000000f3880000, 0x0000000100000000)
  eden space 100352K, 0% used [0x00000000eab00000,0x00000000eab00000,0x00000000f0d00000)
  from space 15872K, 48% used [0x00000000f2080000,0x00000000f2818268,0x00000000f3000000)
  to   space 19968K, 0% used [0x00000000f0d00000,0x00000000f0d00000,0x00000000f2080000)
 ParOldGen       total 115712K, used 54136K [0x00000000c0000000, 0x00000000c7100000, 0x00000000eab00000)
  object space 115712K, 46% used [0x00000000c0000000,0x00000000c34de180,0x00000000c7100000)
 Metaspace       used 82048K, capacity 86447K, committed 86552K, reserved 1130496K
  class space    used 11430K, capacity 12223K, committed 12328K, reserved 1048576K

Card table byte_map: [0x0000000012610000,0x0000000012820000] byte_map_base: 0x0000000012010000

Marking Bits: (ParMarkBitMap*) 0x000000006e27f030
 Begin Bits: [0x0000000012d80000, 0x0000000013d80000)
 End Bits:   [0x0000000013d80000, 0x0000000014d80000)

Polling page: 0x00000000016e0000

CodeCache: size=245760Kb used=27363Kb max_used=27363Kb free=218396Kb
 bounds [0x0000000003250000, 0x0000000004d30000, 0x0000000012250000]
 total_blobs=9708 nmethods=8837 adapters=784
 compilation: enabled

Compilation events (10 events):
Event: 70.773 Thread 0x0000000015936000 10214       3       sun.security.util.DerValue::<init> (250 bytes)
Event: 70.776 Thread 0x0000000015936000 nmethod 10214 0x0000000004d1ecd0 code [0x0000000004d1f140, 0x0000000004d22348]
Event: 70.785 Thread 0x0000000015936000 10215  s    3       java.util.Hashtable::containsKey (65 bytes)
Event: 70.785 Thread 0x0000000015936000 nmethod 10215 0x0000000004d23e10 code [0x0000000004d23fa0, 0x0000000004d245d8]
Event: 70.786 Thread 0x0000000015936000 10216       3       sun.security.provider.ByteArrayAccess::i2bBig4 (111 bytes)
Event: 70.786 Thread 0x0000000015936000 nmethod 10216 0x0000000004d24850 code [0x0000000004d249c0, 0x0000000004d24ce8]
Event: 70.804 Thread 0x0000000015936000 10217       3       sun.net.www.MessageHeader::grow (92 bytes)
Event: 70.805 Thread 0x0000000015936000 nmethod 10217 0x0000000004d24e50 code [0x0000000004d24fe0, 0x0000000004d25518]
Event: 70.808 Thread 0x0000000015936000 10218       3       com.sun.org.apache.xerces.internal.parsers.XML11Configuration::checkFeature (268 bytes)
Event: 70.810 Thread 0x0000000015928000 10221       4       com.sun.org.apache.xerces.internal.utils.XMLSecurityManager::isOverLimit (111 bytes)

GC Heap History (10 events):
Event: 35.347 GC heap after
Heap after GC invocations=20 (full 3):
 PSYoungGen      total 98816K, used 0K [0x00000000eab00000, 0x00000000f2380000, 0x0000000100000000)
  eden space 84992K, 0% used [0x00000000eab00000,0x00000000eab00000,0x00000000efe00000)
  from space 13824K, 0% used [0x00000000efe00000,0x00000000efe00000,0x00000000f0b80000)
  to   space 14336K, 0% used [0x00000000f1580000,0x00000000f1580000,0x00000000f2380000)
 ParOldGen       total 115712K, used 33042K [0x00000000c0000000, 0x00000000c7100000, 0x00000000eab00000)
  object space 115712K, 28% used [0x00000000c0000000,0x00000000c20448b8,0x00000000c7100000)
 Metaspace       used 56817K, capacity 58984K, committed 59160K, reserved 1099776K
  class space    used 7699K, capacity 8127K, committed 8232K, reserved 1048576K
}
Event: 38.752 GC heap before
{Heap before GC invocations=21 (full 3):
 PSYoungGen      total 98816K, used 84992K [0x00000000eab00000, 0x00000000f2380000, 0x0000000100000000)
  eden space 84992K, 100% used [0x00000000eab00000,0x00000000efe00000,0x00000000efe00000)
  from space 13824K, 0% used [0x00000000efe00000,0x00000000efe00000,0x00000000f0b80000)
  to   space 14336K, 0% used [0x00000000f1580000,0x00000000f1580000,0x00000000f2380000)
 ParOldGen       total 115712K, used 33042K [0x00000000c0000000, 0x00000000c7100000, 0x00000000eab00000)
  object space 115712K, 28% used [0x00000000c0000000,0x00000000c20448b8,0x00000000c7100000)
 Metaspace       used 62488K, capacity 64914K, committed 65176K, reserved 1105920K
  class space    used 8572K, capacity 9078K, committed 9128K, reserved 1048576K
Event: 38.772 GC heap after
Heap after GC invocations=21 (full 3):
 PSYoungGen      total 108032K, used 8960K [0x00000000eab00000, 0x00000000f2300000, 0x0000000100000000)
  eden space 94208K, 0% used [0x00000000eab00000,0x00000000eab00000,0x00000000f0700000)
  from space 13824K, 64% used [0x00000000f1580000,0x00000000f1e40108,0x00000000f2300000)
  to   space 14336K, 0% used [0x00000000f0700000,0x00000000f0700000,0x00000000f1500000)
 ParOldGen       total 115712K, used 33050K [0x00000000c0000000, 0x00000000c7100000, 0x00000000eab00000)
  object space 115712K, 28% used [0x00000000c0000000,0x00000000c20468b8,0x00000000c7100000)
 Metaspace       used 62488K, capacity 64914K, committed 65176K, reserved 1105920K
  class space    used 8572K, capacity 9078K, committed 9128K, reserved 1048576K
}
Event: 43.607 GC heap before
{Heap before GC invocations=22 (full 3):
 PSYoungGen      total 108032K, used 103168K [0x00000000eab00000, 0x00000000f2300000, 0x0000000100000000)
  eden space 94208K, 100% used [0x00000000eab00000,0x00000000f0700000,0x00000000f0700000)
  from space 13824K, 64% used [0x00000000f1580000,0x00000000f1e40108,0x00000000f2300000)
  to   space 14336K, 0% used [0x00000000f0700000,0x00000000f0700000,0x00000000f1500000)
 ParOldGen       total 115712K, used 33050K [0x00000000c0000000, 0x00000000c7100000, 0x00000000eab00000)
  object space 115712K, 28% used [0x00000000c0000000,0x00000000c20468b8,0x00000000c7100000)
 Metaspace       used 65429K, capacity 68444K, committed 68760K, reserved 1107968K
  class space    used 8976K, capacity 9579K, committed 9640K, reserved 1048576K
Event: 43.645 GC heap after
Heap after GC invocations=22 (full 3):
 PSYoungGen      total 108544K, used 12753K [0x00000000eab00000, 0x00000000f3000000, 0x0000000100000000)
  eden space 94208K, 0% used [0x00000000eab00000,0x00000000eab00000,0x00000000f0700000)
  from space 14336K, 88% used [0x00000000f0700000,0x00000000f1374680,0x00000000f1500000)
  to   space 15872K, 0% used [0x00000000f2080000,0x00000000f2080000,0x00000000f3000000)
 ParOldGen       total 115712K, used 33058K [0x00000000c0000000, 0x00000000c7100000, 0x00000000eab00000)
  object space 115712K, 28% used [0x00000000c0000000,0x00000000c20488b8,0x00000000c7100000)
 Metaspace       used 65429K, capacity 68444K, committed 68760K, reserved 1107968K
  class space    used 8976K, capacity 9579K, committed 9640K, reserved 1048576K
}
Event: 46.438 GC heap before
{Heap before GC invocations=23 (full 3):
 PSYoungGen      total 108544K, used 106961K [0x00000000eab00000, 0x00000000f3000000, 0x0000000100000000)
  eden space 94208K, 100% used [0x00000000eab00000,0x00000000f0700000,0x00000000f0700000)
  from space 14336K, 88% used [0x00000000f0700000,0x00000000f1374680,0x00000000f1500000)
  to   space 15872K, 0% used [0x00000000f2080000,0x00000000f2080000,0x00000000f3000000)
 ParOldGen       total 115712K, used 33058K [0x00000000c0000000, 0x00000000c7100000, 0x00000000eab00000)
  object space 115712K, 28% used [0x00000000c0000000,0x00000000c20488b8,0x00000000c7100000)
 Metaspace       used 70583K, capacity 73666K, committed 73752K, reserved 1112064K
  class space    used 9680K, capacity 10258K, committed 10280K, reserved 1048576K
Event: 46.465 GC heap after
Heap after GC invocations=23 (full 3):
 PSYoungGen      total 116224K, used 15854K [0x00000000eab00000, 0x00000000f3880000, 0x0000000100000000)
  eden space 100352K, 0% used [0x00000000eab00000,0x00000000eab00000,0x00000000f0d00000)
  from space 15872K, 99% used [0x00000000f2080000,0x00000000f2ffb990,0x00000000f3000000)
  to   space 19968K, 0% used [0x00000000f0d00000,0x00000000f0d00000,0x00000000f2080000)
 ParOldGen       total 115712K, used 38153K [0x00000000c0000000, 0x00000000c7100000, 0x00000000eab00000)
  object space 115712K, 32% used [0x00000000c0000000,0x00000000c25427e0,0x00000000c7100000)
 Metaspace       used 70583K, capacity 73666K, committed 73752K, reserved 1112064K
  class space    used 9680K, capacity 10258K, committed 10280K, reserved 1048576K
}
Event: 69.361 GC heap before
{Heap before GC invocations=24 (full 3):
 PSYoungGen      total 116224K, used 116122K [0x00000000eab00000, 0x00000000f3880000, 0x0000000100000000)
  eden space 100352K, 99% used [0x00000000eab00000,0x00000000f0ceb088,0x00000000f0d00000)
  from space 15872K, 99% used [0x00000000f2080000,0x00000000f2ffb990,0x00000000f3000000)
  to   space 19968K, 0% used [0x00000000f0d00000,0x00000000f0d00000,0x00000000f2080000)
 ParOldGen       total 115712K, used 38153K [0x00000000c0000000, 0x00000000c7100000, 0x00000000eab00000)
  object space 115712K, 32% used [0x00000000c0000000,0x00000000c25427e0,0x00000000c7100000)
 Metaspace       used 80512K, capacity 84762K, committed 85016K, reserved 1122304K
  class space    used 11193K, capacity 11974K, committed 12072K, reserved 1048576K
Event: 69.397 GC heap after
Heap after GC invocations=24 (full 3):
 PSYoungGen      total 120320K, used 19939K [0x00000000eab00000, 0x00000000f3880000, 0x0000000100000000)
  eden space 100352K, 0% used [0x00000000eab00000,0x00000000eab00000,0x00000000f0d00000)
  from space 19968K, 99% used [0x00000000f0d00000,0x00000000f2078c90,0x00000000f2080000)
  to   space 15872K, 0% used [0x00000000f2080000,0x00000000f2080000,0x00000000f3000000)
 ParOldGen       total 115712K, used 43996K [0x00000000c0000000, 0x00000000c7100000, 0x00000000eab00000)
  object space 115712K, 38% used [0x00000000c0000000,0x00000000c2af7318,0x00000000c7100000)
 Metaspace       used 80512K, capacity 84762K, committed 85016K, reserved 1122304K
  class space    used 11193K, capacity 11974K, committed 12072K, reserved 1048576K
}
Event: 70.811 GC heap before
{Heap before GC invocations=25 (full 3):
 PSYoungGen      total 120320K, used 49206K [0x00000000eab00000, 0x00000000f3880000, 0x0000000100000000)
  eden space 100352K, 29% used [0x00000000eab00000,0x00000000ec794dc0,0x00000000f0d00000)
  from space 19968K, 99% used [0x00000000f0d00000,0x00000000f2078c90,0x00000000f2080000)
  to   space 15872K, 0% used [0x00000000f2080000,0x00000000f2080000,0x00000000f3000000)
 ParOldGen       total 115712K, used 43996K [0x00000000c0000000, 0x00000000c7100000, 0x00000000eab00000)
  object space 115712K, 38% used [0x00000000c0000000,0x00000000c2af7318,0x00000000c7100000)
 Metaspace       used 82048K, capacity 86447K, committed 86552K, reserved 1130496K
  class space    used 11430K, capacity 12223K, committed 12328K, reserved 1048576K

Deoptimization events (10 events):
Event: 69.996 Thread 0x000000001c39f000 Uncommon trap: reason=unstable_if action=reinterpret pc=0x00000000034fce30 method=java.util.Arrays.hashCode([Ljava/lang/Object;)I @ 1
Event: 69.996 Thread 0x000000001c39a800 Uncommon trap: reason=unstable_if action=reinterpret pc=0x00000000034fce30 method=java.util.Arrays.hashCode([Ljava/lang/Object;)I @ 1
Event: 70.014 Thread 0x000000001c39d000 Uncommon trap: reason=unstable_if action=reinterpret pc=0x00000000049cf750 method=java.util.concurrent.ConcurrentLinkedQueue.offer(Ljava/lang/Object;)Z @ 40
Event: 70.023 Thread 0x000000001c39d000 Uncommon trap: reason=unstable_if action=reinterpret pc=0x0000000003804f50 method=java.util.concurrent.ConcurrentLinkedQueue.offer(Ljava/lang/Object;)Z @ 40
Event: 70.236 Thread 0x000000001c39f000 Uncommon trap: reason=unstable_if action=reinterpret pc=0x0000000003e40328 method=java.util.Arrays.equals([Ljava/lang/Object;[Ljava/lang/Object;)Z @ 47
Event: 70.262 Thread 0x000000001c39f000 Uncommon trap: reason=unstable_if action=reinterpret pc=0x0000000004613634 method=com.android.tools.r8.q.a.a.b.O0.hasNext()Z @ 52
Event: 70.327 Thread 0x000000001c39f000 Uncommon trap: reason=unstable_if action=reinterpret pc=0x0000000004c52ca0 method=com.android.tools.r8.dex.m.c(I)V @ 8
Event: 70.352 Thread 0x000000001c39c000 Uncommon trap: reason=predicate action=maybe_recompile pc=0x000000000420b594 method=java.util.TimSort.binarySort([Ljava/lang/Object;IIILjava/util/Comparator;)V @ 37
Event: 70.511 Thread 0x00000000195f8800 Uncommon trap: reason=class_check action=maybe_recompile pc=0x0000000004b8aa84 method=org.gradle.internal.fingerprint.classpath.impl.ClasspathFingerprintingStrategy$ClasspathContentFingerprintingVisitor.visitFile(Lorg/gradle/internal/snapshot/CompleteFile
Event: 70.771 Thread 0x000000001c39b800 Uncommon trap: reason=unstable_if action=reinterpret pc=0x0000000003f9c3dc method=java.io.BufferedInputStream.read([BII)I @ 31

Classes redefined (0 events):
No events

Internal exceptions (10 events):
Event: 68.672 Thread 0x000000001c399000 Exception <a 'sun/nio/fs/WindowsException'> (0x00000000f0453780) thrown at [C:\src\AOSP-openjdk-git\hotspot\src\share\vm\prims\jni.cpp, line 710]
Event: 68.759 Thread 0x00000000195f8800 Exception <a 'java/lang/NoSuchMethodError': <clinit>> (0x00000000f054ecf8) thrown at [C:\src\AOSP-openjdk-git\hotspot\src\share\vm\prims\jni.cpp, line 1615]
Event: 68.760 Thread 0x00000000195f8800 Exception <a 'java/lang/NoSuchMethodError': <clinit>> (0x00000000f05623b0) thrown at [C:\src\AOSP-openjdk-git\hotspot\src\share\vm\prims\jni.cpp, line 1615]
Event: 69.511 Thread 0x000000001c39c000 Exception <a 'sun/nio/fs/WindowsException'> (0x00000000eab52708) thrown at [C:\src\AOSP-openjdk-git\hotspot\src\share\vm\prims\jni.cpp, line 710]
Event: 69.996 Thread 0x000000001c39d800 Implicit null exception at 0x00000000034fcd2f to 0x00000000034fce21
Event: 69.996 Thread 0x000000001c39f000 Implicit null exception at 0x00000000034fcd2f to 0x00000000034fce21
Event: 69.996 Thread 0x000000001c39a800 Implicit null exception at 0x00000000034fcd2f to 0x00000000034fce21
Event: 70.262 Thread 0x000000001c39f000 Implicit null exception at 0x0000000004612b31 to 0x0000000004613625
Event: 70.348 Thread 0x000000001c39f000 Exception <a 'sun/nio/fs/WindowsException'> (0x00000000ebabd0c8) thrown at [C:\src\AOSP-openjdk-git\hotspot\src\share\vm\prims\jni.cpp, line 710]
Event: 70.714 Thread 0x00000000195f8800 Exception <a 'java/lang/NoSuchMethodError': <clinit>> (0x00000000ec4f1648) thrown at [C:\src\AOSP-openjdk-git\hotspot\src\share\vm\prims\jni.cpp, line 1615]

Events (10 events):
Event: 70.804 Executing VM operation: RevokeBias done
Event: 70.804 Executing VM operation: RevokeBias
Event: 70.804 Executing VM operation: RevokeBias done
Event: 70.806 loading class com/android/apksig/util/RunnablesProvider
Event: 70.806 loading class com/android/apksig/util/RunnablesProvider done
Event: 70.806 loading class com/android/apksig/util/RunnablesExecutor
Event: 70.806 loading class com/android/apksig/util/RunnablesExecutor done
Event: 70.806 loading class com/android/apksig/util/RunnablesExecutor
Event: 70.806 loading class com/android/apksig/util/RunnablesExecutor done
Event: 70.810 Executing VM operation: CollectForMetadataAllocation


Dynamic libraries:
0x00007ff7aeb20000 - 0x00007ff7aeb51000 	C:\Program Files\Android\Android Studio\jre\bin\java.exe
0x00007ffc15810000 - 0x00007ffc159f1000 	C:\WINDOWS\SYSTEM32\ntdll.dll
0x00007ffc13e70000 - 0x00007ffc13f21000 	C:\WINDOWS\System32\KERNEL32.DLL
0x00007ffc12000000 - 0x00007ffc12273000 	C:\WINDOWS\System32\KERNELBASE.dll
0x00007ffc12e10000 - 0x00007ffc12eb1000 	C:\WINDOWS\System32\ADVAPI32.dll
0x00007ffc133e0000 - 0x00007ffc1347e000 	C:\WINDOWS\System32\msvcrt.dll
0x00007ffc137b0000 - 0x00007ffc1380b000 	C:\WINDOWS\System32\sechost.dll
0x00007ffc13990000 - 0x00007ffc13ab4000 	C:\WINDOWS\System32\RPCRT4.dll
0x00007ffc13570000 - 0x00007ffc13701000 	C:\WINDOWS\System32\USER32.dll
0x00007ffc11d60000 - 0x00007ffc11d80000 	C:\WINDOWS\System32\win32u.dll
0x00007ffc13540000 - 0x00007ffc13568000 	C:\WINDOWS\System32\GDI32.dll
0x00007ffc11bc0000 - 0x00007ffc11d51000 	C:\WINDOWS\System32\gdi32full.dll
0x00007ffc12280000 - 0x00007ffc1231f000 	C:\WINDOWS\System32\msvcp_win.dll
0x00007ffc11e50000 - 0x00007ffc11f48000 	C:\WINDOWS\System32\ucrtbase.dll
0x00007ffc00980000 - 0x00007ffc00be9000 	C:\WINDOWS\WinSxS\amd64_microsoft.windows.common-controls_6595b64144ccf1df_6.0.17134.1130_none_d3ff42617c90becf\COMCTL32.dll
0x00007ffc15430000 - 0x00007ffc15751000 	C:\WINDOWS\System32\combase.dll
0x00007ffc11d80000 - 0x00007ffc11df9000 	C:\WINDOWS\System32\bcryptPrimitives.dll
0x00007ffc12de0000 - 0x00007ffc12e0d000 	C:\WINDOWS\System32\IMM32.DLL
0x000000006d9d0000 - 0x000000006daa2000 	C:\Program Files\Android\Android Studio\jre\jre\bin\msvcr100.dll
0x000000006dab0000 - 0x000000006e2fb000 	C:\Program Files\Android\Android Studio\jre\jre\bin\server\jvm.dll
0x00007ffc13e50000 - 0x00007ffc13e58000 	C:\WINDOWS\System32\PSAPI.DLL
0x00007ffbf4c00000 - 0x00007ffbf4c09000 	C:\WINDOWS\SYSTEM32\WSOCK32.dll
0x00007ffc10170000 - 0x00007ffc1017a000 	C:\WINDOWS\SYSTEM32\VERSION.dll
0x00007ffc0fb70000 - 0x00007ffc0fb93000 	C:\WINDOWS\SYSTEM32\WINMM.dll
0x00007ffc15770000 - 0x00007ffc157dc000 	C:\WINDOWS\System32\ws2_32.DLL
0x00007ffc0f970000 - 0x00007ffc0f99a000 	C:\WINDOWS\SYSTEM32\WINMMBASE.dll
0x00007ffc11e00000 - 0x00007ffc11e49000 	C:\WINDOWS\System32\cfgmgr32.dll
0x00007ffc0e310000 - 0x00007ffc0e31f000 	C:\Program Files\Android\Android Studio\jre\jre\bin\verify.dll
0x00007ffc0e2e0000 - 0x00007ffc0e309000 	C:\Program Files\Android\Android Studio\jre\jre\bin\java.dll
0x00007ffc0e2c0000 - 0x00007ffc0e2d6000 	C:\Program Files\Android\Android Studio\jre\jre\bin\zip.dll
0x00007ffc13fe0000 - 0x00007ffc15425000 	C:\WINDOWS\System32\SHELL32.dll
0x00007ffc13f30000 - 0x00007ffc13fd9000 	C:\WINDOWS\System32\shcore.dll
0x00007ffc12570000 - 0x00007ffc12c80000 	C:\WINDOWS\System32\windows.storage.dll
0x00007ffc13c50000 - 0x00007ffc13ca1000 	C:\WINDOWS\System32\shlwapi.dll
0x00007ffc11b80000 - 0x00007ffc11b91000 	C:\WINDOWS\System32\kernel.appcore.dll
0x00007ffc11ba0000 - 0x00007ffc11bbf000 	C:\WINDOWS\System32\profapi.dll
0x00007ffc11b20000 - 0x00007ffc11b6c000 	C:\WINDOWS\System32\powrprof.dll
0x00007ffc11b70000 - 0x00007ffc11b7a000 	C:\WINDOWS\System32\FLTLIB.DLL
0x00007ffc0e2a0000 - 0x00007ffc0e2ba000 	C:\Program Files\Android\Android Studio\jre\jre\bin\net.dll
0x00007ffc11380000 - 0x00007ffc113e6000 	C:\WINDOWS\system32\mswsock.dll
0x00007ffc0e280000 - 0x00007ffc0e293000 	C:\Program Files\Android\Android Studio\jre\jre\bin\nio.dll
0x00007ffbff9a0000 - 0x00007ffbff9c7000 	C:\Users\Nimoje\.gradle\native\f6784746aeab05261644944871eae4fe03e0ef1612fff0a4a95f87b438bc6780\windows-amd64\native-platform.dll
0x00007ffc0e270000 - 0x00007ffc0e27d000 	C:\Program Files\Android\Android Studio\jre\jre\bin\management.dll
0x00007ffc11530000 - 0x00007ffc11547000 	C:\WINDOWS\SYSTEM32\CRYPTSP.dll
0x00007ffc10ed0000 - 0x00007ffc10f03000 	C:\WINDOWS\system32\rsaenh.dll
0x00007ffc11660000 - 0x00007ffc11685000 	C:\WINDOWS\SYSTEM32\bcrypt.dll
0x00007ffc11a30000 - 0x00007ffc11a58000 	C:\WINDOWS\SYSTEM32\USERENV.dll
0x00007ffc11550000 - 0x00007ffc1155b000 	C:\WINDOWS\SYSTEM32\CRYPTBASE.dll
0x00007ffc110d0000 - 0x00007ffc11108000 	C:\WINDOWS\SYSTEM32\IPHLPAPI.DLL
0x00007ffc13e60000 - 0x00007ffc13e68000 	C:\WINDOWS\System32\NSI.dll
0x00007ffbfff90000 - 0x00007ffbfffa6000 	C:\WINDOWS\SYSTEM32\dhcpcsvc6.DLL
0x00007ffbfff70000 - 0x00007ffbfff8a000 	C:\WINDOWS\SYSTEM32\dhcpcsvc.DLL
0x00007ffc005a0000 - 0x00007ffc005ab000 	C:\WINDOWS\SYSTEM32\WINNSI.DLL
0x00007ffbff980000 - 0x00007ffbff99e000 	C:\Users\Nimoje\AppData\Local\Temp\native-platform6960282131168991973dir\native-platform.dll

VM Arguments:
jvm_args: -Xmx1024M -Dfile.encoding=windows-1250 -Duser.country=PL -Duser.language=pl -Duser.variant 
java_command: org.gradle.launcher.daemon.bootstrap.GradleDaemon 6.5
java_class_path (initial): C:\Users\Nimoje\.gradle\wrapper\dists\gradle-6.5-bin\6nifqtx7604sqp1q6g8wikw7p\gradle-6.5\lib\gradle-launcher-6.5.jar
Launcher Type: SUN_STANDARD

Environment Variables:
PATH=C:\Program Files (x86)\Common Files\Oracle\Java\javapath;C:\WINDOWS\system32;C:\WINDOWS;C:\WINDOWS\System32\Wbem;C:\WINDOWS\System32\WindowsPowerShell\v1.0\;C:\WINDOWS\System32\OpenSSH\;C:\Program Files (x86)\Intel\OpenCL SDK\2.0\bin\x86;C:\Program Files (x86)\Intel\OpenCL SDK\2.0\bin\x64;C:\Program Files (x86)\NVIDIA Corporation\PhysX\Common;C:\Program Files\doxygen\bin;D:\MATLAB\R2014a\runtime\win64;D:\MATLAB\R2014a\bin;D:\MATLAB\R2014a\polyspace\bin;C:\Program Files\Git\cmd;C:\Program Files\Microsoft SQL Server\130\Tools\Binn\;C:\Program Files\Microsoft SQL Server\Client SDK\ODBC\170\Tools\Binn\;C:\Program Files\PuTTY\;C:\Program Files\dotnet\;C:\Program Files\Microsoft\Web Platform Installer\;C:\Program Files\MySQL\MySQL Shell 8.0\bin\;C:\Users\Nimoje\AppData\Local\Microsoft\WindowsApps;;C:\Users\Nimoje\AppData\Local\Programs\Microsoft VS Code\bin;C:\Program Files\heroku\bin;C:\Program Files\JetBrains\IntelliJ IDEA 2020.1.2\bin;;C:\Users\Nimoje\.dotnet\tools
USERNAME=Nimoje
OS=Windows_NT
PROCESSOR_IDENTIFIER=Intel64 Family 6 Model 58 Stepping 9, GenuineIntel



---------------  S Y S T E M  ---------------

OS: Windows 10.0 , 64 bit Build 17134 (10.0.17134.753)

CPU:total 4 (initial active 4) (2 cores per cpu, 2 threads per core) family 6 model 58 stepping 9, cmov, cx8, fxsr, mmx, sse, sse2, sse3, ssse3, sse4.1, sse4.2, popcnt, avx, aes, clmul, erms, ht, tsc, tscinvbit, tscinv

Memory: 4k page, physical 6143508k(493888k free), swap 9289236k(4112k free)

vm_info: OpenJDK 64-Bit Server VM (25.242-b01) for windows-amd64 JRE (1.8.0_242-release-1644-b01), built by "builder" with MS VC++ 10.0 (VS2010)

time: Wed Oct 14 19:01:11 2020
timezone: Œrodkowoeuropejski czas letni
elapsed time: 70 seconds (0d 0h 1m 10s)

