#
# There is insufficient memory for the Java Runtime Environment to continue.
# Native memory allocation (malloc) failed to allocate 32784 bytes for Chunk::new
# Possible reasons:
#   The system is out of physical RAM or swap space
#   The process is running with CompressedOops enabled, and the Java Heap may be blocking the growth of the native heap
# Possible solutions:
#   Reduce memory load on the system
#   Increase physical memory or swap space
#   Check if swap backing store is full
#   Decrease Java heap size (-Xmx/-Xms)
#   Decrease number of Java threads
#   Decrease Java thread stack sizes (-Xss)
#   Set larger code cache with -XX:ReservedCodeCacheSize=
#   JVM is running with Unscaled Compressed Oops mode in which the Java heap is
#     placed in the first 4GB address space. The Java Heap base address is the
#     maximum limit for the native heap growth. Please use -XX:HeapBaseMinAddress
#     to set the Java Heap base and to place the Java Heap above 4GB virtual address.
# This output file may be truncated or incomplete.
#
#  Out of Memory Error (allocation.cpp:389), pid=9748, tid=0x0000000000002a0c
#
# JRE version: OpenJDK Runtime Environment (8.0_242-b01) (build 1.8.0_242-release-1644-b01)
# Java VM: OpenJDK 64-Bit Server VM (25.242-b01 mixed mode windows-amd64 compressed oops)
# Failed to write core dump. Minidumps are not enabled by default on client versions of Windows
#

---------------  T H R E A D  ---------------

Current thread (0x0000000015195000):  JavaThread "C2 CompilerThread1" daemon [_thread_in_native, id=10764, stack(0x0000000016920000,0x0000000016a20000)]

Stack: [0x0000000016920000,0x0000000016a20000]
[error occurred during error reporting (printing stack bounds), id 0xc0000005]

Native frames: (J=compiled Java code, j=interpreted, Vv=VM code, C=native code)


Current CompileTask:
C2:  16264 5472       4       org.gradle.internal.service.DefaultServiceRegistry$OwnServices::getService (309 bytes)


---------------  P R O C E S S  ---------------

Java Threads: ( => current thread )
  0x0000000019410000 JavaThread "Cache worker for Build Output Cleanup Cache (D:\Inzynierka_Apka\.gradle\buildOutputCleanup)" [_thread_blocked, id=5016, stack(0x0000000028210000,0x0000000028310000)]
  0x000000001940e800 JavaThread "jar transforms Thread 112" [_thread_blocked, id=14308, stack(0x0000000027f10000,0x0000000028010000)]
  0x000000001940d800 JavaThread "jar transforms Thread 111" [_thread_blocked, id=13604, stack(0x0000000027e10000,0x0000000027f10000)]
  0x0000000019406000 JavaThread "jar transforms Thread 110" [_thread_blocked, id=3300, stack(0x0000000027d10000,0x0000000027e10000)]
  0x000000001940d000 JavaThread "jar transforms Thread 109" [_thread_blocked, id=4736, stack(0x0000000027c10000,0x0000000027d10000)]
  0x0000000019405800 JavaThread "jar transforms Thread 108" [_thread_blocked, id=13260, stack(0x0000000027b10000,0x0000000027c10000)]
  0x000000001940b800 JavaThread "jar transforms Thread 107" [_thread_blocked, id=11192, stack(0x0000000027a10000,0x0000000027b10000)]
  0x0000000019407000 JavaThread "jar transforms Thread 106" [_thread_blocked, id=10148, stack(0x0000000027910000,0x0000000027a10000)]
  0x000000001940c000 JavaThread "jar transforms Thread 105" [_thread_blocked, id=8592, stack(0x0000000027810000,0x0000000027910000)]
  0x000000001940a800 JavaThread "jar transforms Thread 104" [_thread_blocked, id=5244, stack(0x0000000027710000,0x0000000027810000)]
  0x0000000019404000 JavaThread "jar transforms Thread 103" [_thread_blocked, id=2456, stack(0x0000000027610000,0x0000000027710000)]
  0x0000000019404800 JavaThread "jar transforms Thread 102" [_thread_blocked, id=6832, stack(0x0000000027510000,0x0000000027610000)]
  0x0000000019403000 JavaThread "jar transforms Thread 101" [_thread_blocked, id=12416, stack(0x0000000027410000,0x0000000027510000)]
  0x0000000019409000 JavaThread "jar transforms Thread 100" [_thread_blocked, id=12808, stack(0x0000000027310000,0x0000000027410000)]
  0x0000000019408800 JavaThread "jar transforms Thread 99" [_thread_blocked, id=1804, stack(0x0000000027210000,0x0000000027310000)]
  0x0000000019407800 JavaThread "jar transforms Thread 98" [_thread_blocked, id=13860, stack(0x0000000027110000,0x0000000027210000)]
  0x000000001940a000 JavaThread "jar transforms Thread 97" [_thread_blocked, id=13264, stack(0x0000000026f10000,0x0000000027010000)]
  0x0000000019401800 JavaThread "jar transforms Thread 96" [_thread_blocked, id=3032, stack(0x0000000026e10000,0x0000000026f10000)]
  0x0000000019402800 JavaThread "jar transforms Thread 95" [_thread_blocked, id=11140, stack(0x0000000026d10000,0x0000000026e10000)]
  0x0000000017673000 JavaThread "jar transforms Thread 94" [_thread_blocked, id=12464, stack(0x0000000026c10000,0x0000000026d10000)]
  0x000000001767a000 JavaThread "jar transforms Thread 93" [_thread_blocked, id=3900, stack(0x0000000026b10000,0x0000000026c10000)]
  0x0000000017675800 JavaThread "jar transforms Thread 92" [_thread_blocked, id=6304, stack(0x0000000026a10000,0x0000000026b10000)]
  0x0000000017674800 JavaThread "jar transforms Thread 91" [_thread_blocked, id=9632, stack(0x0000000026910000,0x0000000026a10000)]
  0x0000000017672800 JavaThread "jar transforms Thread 90" [_thread_blocked, id=13256, stack(0x0000000026810000,0x0000000026910000)]
  0x0000000017676000 JavaThread "jar transforms Thread 89" [_thread_blocked, id=11692, stack(0x0000000026710000,0x0000000026810000)]
  0x0000000017679800 JavaThread "jar transforms Thread 88" [_thread_blocked, id=9792, stack(0x0000000026610000,0x0000000026710000)]
  0x0000000017677800 JavaThread "jar transforms Thread 87" [_thread_blocked, id=8976, stack(0x0000000026510000,0x0000000026610000)]
  0x0000000017677000 JavaThread "jar transforms Thread 86" [_thread_blocked, id=10480, stack(0x0000000026410000,0x0000000026510000)]
  0x0000000017678800 JavaThread "jar transforms Thread 85" [_thread_blocked, id=2136, stack(0x0000000026310000,0x0000000026410000)]
  0x000000001766d000 JavaThread "jar transforms Thread 84" [_thread_blocked, id=9900, stack(0x0000000026210000,0x0000000026310000)]
  0x0000000017674000 JavaThread "jar transforms Thread 83" [_thread_blocked, id=12756, stack(0x0000000026110000,0x0000000026210000)]
  0x0000000017671800 JavaThread "jar transforms Thread 82" [_thread_blocked, id=8624, stack(0x0000000026010000,0x0000000026110000)]
  0x0000000017670000 JavaThread "jar transforms Thread 81" [_thread_blocked, id=11292, stack(0x0000000025f10000,0x0000000026010000)]
  0x000000001766b000 JavaThread "jar transforms Thread 80" [_thread_blocked, id=9920, stack(0x0000000025e10000,0x0000000025f10000)]
  0x000000001766c800 JavaThread "jar transforms Thread 79" [_thread_blocked, id=10828, stack(0x0000000025d10000,0x0000000025e10000)]
  0x000000001766e800 JavaThread "jar transforms Thread 78" [_thread_blocked, id=14068, stack(0x0000000025c10000,0x0000000025d10000)]
  0x000000001766b800 JavaThread "jar transforms Thread 77" [_thread_blocked, id=3404, stack(0x0000000025b10000,0x0000000025c10000)]
  0x0000000017671000 JavaThread "jar transforms Thread 76" [_thread_blocked, id=10284, stack(0x0000000025a10000,0x0000000025b10000)]
  0x000000001766e000 JavaThread "jar transforms Thread 75" [_thread_blocked, id=2568, stack(0x0000000025910000,0x0000000025a10000)]
  0x000000001766f800 JavaThread "jar transforms Thread 74" [_thread_blocked, id=8032, stack(0x0000000025810000,0x0000000025910000)]
  0x000000001ea37000 JavaThread "jar transforms Thread 73" [_thread_blocked, id=8516, stack(0x0000000025710000,0x0000000025810000)]
  0x000000001ea36000 JavaThread "jar transforms Thread 72" [_thread_blocked, id=13156, stack(0x0000000025610000,0x0000000025710000)]
  0x000000001ea35800 JavaThread "jar transforms Thread 71" [_thread_blocked, id=8956, stack(0x0000000025510000,0x0000000025610000)]
  0x000000001ea39000 JavaThread "jar transforms Thread 70" [_thread_blocked, id=1380, stack(0x0000000025410000,0x0000000025510000)]
  0x000000001ea38800 JavaThread "jar transforms Thread 69" [_thread_blocked, id=13592, stack(0x0000000025310000,0x0000000025410000)]
  0x000000001ea37800 JavaThread "jar transforms Thread 68" [_thread_blocked, id=10912, stack(0x0000000025210000,0x0000000025310000)]
  0x000000001ea3a000 JavaThread "jar transforms Thread 67" [_thread_blocked, id=14328, stack(0x0000000025110000,0x0000000025210000)]
  0x000000001ea2d800 JavaThread "jar transforms Thread 66" [_thread_blocked, id=2744, stack(0x0000000025010000,0x0000000025110000)]
  0x000000001ea33000 JavaThread "jar transforms Thread 65" [_thread_blocked, id=12580, stack(0x0000000024f10000,0x0000000025010000)]
  0x000000001ea34800 JavaThread "jar transforms Thread 64" [_thread_blocked, id=6268, stack(0x0000000024e10000,0x0000000024f10000)]
  0x000000001ea33800 JavaThread "jar transforms Thread 63" [_thread_blocked, id=11840, stack(0x0000000024d10000,0x0000000024e10000)]
  0x000000001ea32000 JavaThread "jar transforms Thread 62" [_thread_blocked, id=12992, stack(0x0000000024c10000,0x0000000024d10000)]
  0x000000001ea2b800 JavaThread "jar transforms Thread 61" [_thread_blocked, id=13212, stack(0x0000000024b10000,0x0000000024c10000)]
  0x000000001ea2a800 JavaThread "jar transforms Thread 60" [_thread_blocked, id=4632, stack(0x0000000024a10000,0x0000000024b10000)]
  0x000000001ea2f000 JavaThread "jar transforms Thread 59" [_thread_blocked, id=2816, stack(0x0000000024910000,0x0000000024a10000)]
  0x000000001ea2d000 JavaThread "jar transforms Thread 58" [_thread_blocked, id=4780, stack(0x0000000024810000,0x0000000024910000)]
  0x000000001ea2e800 JavaThread "jar transforms Thread 57" [_thread_blocked, id=14236, stack(0x0000000024710000,0x0000000024810000)]
  0x000000001ea31800 JavaThread "jar transforms Thread 56" [_thread_blocked, id=13800, stack(0x0000000024610000,0x0000000024710000)]
  0x000000001ea30000 JavaThread "jar transforms Thread 55" [_thread_blocked, id=5388, stack(0x0000000024510000,0x0000000024610000)]
  0x000000001ea30800 JavaThread "jar transforms Thread 54" [_thread_blocked, id=14000, stack(0x0000000024410000,0x0000000024510000)]
  0x000000001ea2c000 JavaThread "jar transforms Thread 53" [_thread_blocked, id=2240, stack(0x0000000024310000,0x0000000024410000)]
  0x000000001b893800 JavaThread "jar transforms Thread 52" [_thread_blocked, id=9840, stack(0x0000000024210000,0x0000000024310000)]
  0x000000001b88c000 JavaThread "jar transforms Thread 51" [_thread_blocked, id=5776, stack(0x0000000024110000,0x0000000024210000)]
  0x000000001b891000 JavaThread "jar transforms Thread 50" [_thread_blocked, id=764, stack(0x0000000024010000,0x0000000024110000)]
  0x000000001b88f000 JavaThread "jar transforms Thread 49" [_thread_blocked, id=8116, stack(0x0000000023f10000,0x0000000024010000)]
  0x000000001b892800 JavaThread "jar transforms Thread 48" [_thread_blocked, id=13192, stack(0x0000000023e10000,0x0000000023f10000)]
  0x000000001b88d800 JavaThread "jar transforms Thread 47" [_thread_blocked, id=8952, stack(0x0000000023d10000,0x0000000023e10000)]
  0x000000001b88e000 JavaThread "jar transforms Thread 46" [_thread_blocked, id=14332, stack(0x0000000023c10000,0x0000000023d10000)]
  0x000000001b890800 JavaThread "jar transforms Thread 45" [_thread_blocked, id=10904, stack(0x0000000023b10000,0x0000000023c10000)]
  0x000000001b892000 JavaThread "jar transforms Thread 44" [_thread_blocked, id=8680, stack(0x0000000023a10000,0x0000000023b10000)]
  0x000000001b88c800 JavaThread "jar transforms Thread 43" [_thread_blocked, id=2980, stack(0x0000000023910000,0x0000000023a10000)]
  0x000000001b884800 JavaThread "jar transforms Thread 42" [_thread_blocked, id=13756, stack(0x0000000023810000,0x0000000023910000)]
  0x000000001b88b000 JavaThread "jar transforms Thread 41" [_thread_blocked, id=9656, stack(0x0000000023710000,0x0000000023810000)]
  0x000000001b88a800 JavaThread "jar transforms Thread 40" [_thread_blocked, id=13468, stack(0x0000000023610000,0x0000000023710000)]
  0x000000001b886800 JavaThread "jar transforms Thread 39" [_thread_blocked, id=13544, stack(0x0000000023510000,0x0000000023610000)]
  0x000000001b886000 JavaThread "jar transforms Thread 38" [_thread_blocked, id=7332, stack(0x0000000023410000,0x0000000023510000)]
  0x000000001b889800 JavaThread "jar transforms Thread 37" [_thread_blocked, id=4300, stack(0x0000000023310000,0x0000000023410000)]
  0x000000001b885000 JavaThread "jar transforms Thread 36" [_thread_blocked, id=14276, stack(0x0000000023210000,0x0000000023310000)]
  0x000000001b889000 JavaThread "jar transforms Thread 35" [_thread_blocked, id=656, stack(0x0000000023110000,0x0000000023210000)]
  0x000000001b888000 JavaThread "jar transforms Thread 34" [_thread_blocked, id=3008, stack(0x0000000023010000,0x0000000023110000)]
  0x000000001b887800 JavaThread "jar transforms Thread 33" [_thread_blocked, id=12220, stack(0x0000000022f10000,0x0000000023010000)]
  0x00000000171ab000 JavaThread "jar transforms Thread 32" [_thread_blocked, id=13904, stack(0x0000000022e10000,0x0000000022f10000)]
  0x00000000171aa800 JavaThread "jar transforms Thread 31" [_thread_blocked, id=12816, stack(0x0000000022d10000,0x0000000022e10000)]
  0x00000000171ac800 JavaThread "jar transforms Thread 30" [_thread_blocked, id=11344, stack(0x0000000022c10000,0x0000000022d10000)]
  0x00000000171ac000 JavaThread "jar transforms Thread 29" [_thread_blocked, id=8936, stack(0x0000000022b10000,0x0000000022c10000)]
  0x00000000171a9800 JavaThread "jar transforms Thread 28" [_thread_blocked, id=5204, stack(0x0000000022a10000,0x0000000022b10000)]
  0x00000000171ae000 JavaThread "jar transforms Thread 27" [_thread_blocked, id=2520, stack(0x0000000022910000,0x0000000022a10000)]
  0x00000000171ad800 JavaThread "jar transforms Thread 26" [_thread_blocked, id=12216, stack(0x0000000022810000,0x0000000022910000)]
  0x00000000171a2000 JavaThread "jar transforms Thread 25" [_thread_blocked, id=12688, stack(0x0000000022710000,0x0000000022810000)]
  0x00000000171a9000 JavaThread "jar transforms Thread 24" [_thread_blocked, id=13640, stack(0x0000000022610000,0x0000000022710000)]
  0x00000000171a1800 JavaThread "jar transforms Thread 23" [_thread_blocked, id=12392, stack(0x0000000022510000,0x0000000022610000)]
  0x00000000171a6800 JavaThread "jar transforms Thread 22" [_thread_blocked, id=11544, stack(0x0000000022410000,0x0000000022510000)]
  0x00000000171a8000 JavaThread "jar transforms Thread 21" [_thread_blocked, id=7948, stack(0x0000000022310000,0x0000000022410000)]
  0x00000000171a7800 JavaThread "jar transforms Thread 20" [_thread_blocked, id=14212, stack(0x0000000022210000,0x0000000022310000)]
  0x00000000171a0800 JavaThread "jar transforms Thread 19" [_thread_blocked, id=13012, stack(0x0000000022110000,0x0000000022210000)]
  0x00000000171a5000 JavaThread "jar transforms Thread 18" [_thread_blocked, id=7260, stack(0x0000000022010000,0x0000000022110000)]
  0x00000000171a3800 JavaThread "jar transforms Thread 17" [_thread_blocked, id=4752, stack(0x0000000021f10000,0x0000000022010000)]
  0x000000001719f000 JavaThread "jar transforms Thread 16" [_thread_blocked, id=3608, stack(0x0000000021e10000,0x0000000021f10000)]
  0x00000000171a4800 JavaThread "jar transforms Thread 15" [_thread_blocked, id=9688, stack(0x0000000021d10000,0x0000000021e10000)]
  0x00000000171a0000 JavaThread "jar transforms Thread 14" [_thread_blocked, id=248, stack(0x0000000021c10000,0x0000000021d10000)]
  0x00000000171a6000 JavaThread "jar transforms Thread 13" [_thread_blocked, id=3252, stack(0x0000000021b10000,0x0000000021c10000)]
  0x00000000171a3000 JavaThread "jar transforms Thread 12" [_thread_blocked, id=10820, stack(0x0000000021a10000,0x0000000021b10000)]
  0x00000000184db800 JavaThread "jar transforms Thread 11" [_thread_blocked, id=5868, stack(0x0000000021910000,0x0000000021a10000)]
  0x00000000184da800 JavaThread "jar transforms Thread 10" [_thread_blocked, id=12948, stack(0x0000000021810000,0x0000000021910000)]
  0x00000000184d9000 JavaThread "jar transforms Thread 9" [_thread_blocked, id=12340, stack(0x0000000021710000,0x0000000021810000)]
  0x00000000184d8800 JavaThread "jar transforms Thread 8" [_thread_blocked, id=9228, stack(0x0000000021610000,0x0000000021710000)]
  0x00000000184da000 JavaThread "jar transforms Thread 7" [_thread_blocked, id=14216, stack(0x0000000021510000,0x0000000021610000)]
  0x00000000184de800 JavaThread "jar transforms Thread 6" [_thread_blocked, id=7288, stack(0x0000000021410000,0x0000000021510000)]
  0x00000000184dc000 JavaThread "jar transforms Thread 5" [_thread_blocked, id=10476, stack(0x0000000021310000,0x0000000021410000)]
  0x00000000184d7000 JavaThread "jar transforms Thread 4" [_thread_blocked, id=3060, stack(0x0000000021210000,0x0000000021310000)]
  0x00000000184dd000 JavaThread "jar transforms Thread 3" [_thread_blocked, id=11392, stack(0x0000000021110000,0x0000000021210000)]
  0x00000000184dd800 JavaThread "jar transforms Thread 2" [_thread_blocked, id=3552, stack(0x0000000021010000,0x0000000021110000)]
  0x00000000184d7800 JavaThread "Build operations Thread 4" [_thread_blocked, id=11240, stack(0x0000000020f10000,0x0000000021010000)]
  0x00000000184d2800 JavaThread "Build operations Thread 3" [_thread_blocked, id=7184, stack(0x0000000020e10000,0x0000000020f10000)]
  0x00000000184cf800 JavaThread "Build operations Thread 2" [_thread_blocked, id=2364, stack(0x0000000020d10000,0x0000000020e10000)]
  0x00000000184d6000 JavaThread "Build operations" [_thread_blocked, id=6352, stack(0x0000000020c10000,0x0000000020d10000)]
  0x0000000018b0e800 JavaThread "Cache worker for file content cache (C:\Users\Nimoje\.gradle\caches\6.5\fileContent)" [_thread_blocked, id=5048, stack(0x000000001f540000,0x000000001f640000)]
  0x0000000018b0a800 JavaThread "jar transforms" [_thread_blocked, id=6040, stack(0x000000001de30000,0x000000001df30000)]
  0x0000000018b0d800 JavaThread "Cache worker for execution history cache (C:\Users\Nimoje\.gradle\caches\6.5\executionHistory)" [_thread_blocked, id=9592, stack(0x000000001dd30000,0x000000001de30000)]
  0x0000000018b0d000 JavaThread "Cache worker for cache directory md-rule (C:\Users\Nimoje\.gradle\caches\6.5\md-rule)" [_thread_blocked, id=2836, stack(0x000000001dc30000,0x000000001dd30000)]
  0x0000000018b0f000 JavaThread "Cache worker for cache directory md-supplier (C:\Users\Nimoje\.gradle\caches\6.5\md-supplier)" [_thread_blocked, id=7384, stack(0x000000001db30000,0x000000001dc30000)]
  0x0000000018b0a000 JavaThread "Cache worker for checksums cache (D:\Inzynierka_Apka\.gradle\checksums)" [_thread_blocked, id=4848, stack(0x000000001da30000,0x000000001db30000)]
  0x0000000018b09000 JavaThread "Cache worker for file hash cache (D:\Inzynierka_Apka\.gradle\6.5\fileHashes)" [_thread_blocked, id=13912, stack(0x000000001c320000,0x000000001c420000)]
  0x0000000018b0c000 JavaThread "Cache worker for file hash cache (C:\Users\Nimoje\.gradle\caches\6.5\fileHashes)" [_thread_blocked, id=3384, stack(0x000000001c220000,0x000000001c320000)]
  0x0000000018b0b800 JavaThread "File lock request listener" [_thread_in_native, id=3532, stack(0x000000001b150000,0x000000001b250000)]
  0x0000000018c50800 JavaThread "Cache worker for journal cache (C:\Users\Nimoje\.gradle\caches\journal-1)" [_thread_blocked, id=13380, stack(0x000000001af50000,0x000000001b050000)]
  0x0000000017b7e000 JavaThread "Thread-9" [_thread_blocked, id=11320, stack(0x000000001ac50000,0x000000001ad50000)]
  0x0000000017b7d800 JavaThread "Stdin handler" [_thread_blocked, id=7452, stack(0x000000001ab50000,0x000000001ac50000)]
  0x0000000018b90800 JavaThread "Asynchronous log dispatcher for DefaultDaemonConnection: socket connection from /127.0.0.1:52726 to /127.0.0.1:52727" [_thread_blocked, id=1076, stack(0x000000001aa50000,0x000000001ab50000)]
  0x0000000018b8f000 JavaThread "Daemon worker" [_thread_in_vm, id=3412, stack(0x000000001a950000,0x000000001aa50000)]
  0x0000000017b5e800 JavaThread "Cancel handler" [_thread_blocked, id=6836, stack(0x000000001a850000,0x000000001a950000)]
  0x00000000188ed000 JavaThread "Handler for socket connection from /127.0.0.1:52726 to /127.0.0.1:52727" [_thread_in_native, id=11940, stack(0x000000001a750000,0x000000001a850000)]
  0x0000000018c0a800 JavaThread "Daemon" [_thread_blocked, id=12760, stack(0x000000001a650000,0x000000001a750000)]
  0x0000000018b72800 JavaThread "Daemon periodic checks" [_thread_blocked, id=10152, stack(0x000000001a350000,0x000000001a450000)]
  0x0000000018ba1800 JavaThread "Incoming local TCP Connector on port 52726" [_thread_in_native, id=12716, stack(0x000000001a100000,0x000000001a200000)]
  0x000000001714e000 JavaThread "Daemon health stats" [_thread_blocked, id=4776, stack(0x0000000019ac0000,0x0000000019bc0000)]
  0x0000000016b60000 JavaThread "Service Thread" daemon [_thread_blocked, id=13272, stack(0x0000000016f20000,0x0000000017020000)]
  0x0000000015199800 JavaThread "C1 CompilerThread2" daemon [_thread_blocked, id=11172, stack(0x0000000016a20000,0x0000000016b20000)]
=>0x0000000015195000 JavaThread "C2 CompilerThread1" daemon [_thread_in_native, id=10764, stack(0x0000000016920000,0x0000000016a20000)]
  0x0000000015189000 JavaThread "C2 CompilerThread0" daemon [_thread_in_native, id=2228, stack(0x0000000016820000,0x0000000016920000)]
  0x0000000015187800 JavaThread "Attach Listener" daemon [_thread_blocked, id=14020, stack(0x0000000016720000,0x0000000016820000)]
  0x0000000015184800 JavaThread "Signal Dispatcher" daemon [_thread_blocked, id=9376, stack(0x0000000016620000,0x0000000016720000)]
  0x0000000002aab800 JavaThread "Finalizer" daemon [_thread_blocked, id=5744, stack(0x0000000016410000,0x0000000016510000)]
  0x0000000015169000 JavaThread "Reference Handler" daemon [_thread_blocked, id=9384, stack(0x0000000016310000,0x0000000016410000)]
  0x0000000000f9e800 JavaThread "main" [_thread_blocked, id=13008, stack(0x0000000002810000,0x0000000002910000)]

Other Threads:
  0x0000000015147000 VMThread [stack: 0x0000000016210000,0x0000000016310000] [id=1632]
  0x00000000151dd800 WatcherThread [stack: 0x0000000017020000,0x0000000017120000] [id=9468]

VM state:not at safepoint (normal execution)

VM Mutex/Monitor currently owned by a thread: None

heap address: 0x00000000c0000000, size: 1024 MB, Compressed Oops mode: 32-bit
Narrow klass base: 0x0000000000000000, Narrow klass shift: 3
Compressed class space size: 1073741824 Address: 0x0000000100000000

Heap:
 PSYoungGen      total 137216K, used 15102K [0x00000000eab00000, 0x00000000f5d80000, 0x0000000100000000)
  eden space 118272K, 12% used [0x00000000eab00000,0x00000000eb9bfae8,0x00000000f1e80000)
  from space 18944K, 0% used [0x00000000f4b00000,0x00000000f4b00000,0x00000000f5d80000)
  to   space 12800K, 0% used [0x00000000f1e80000,0x00000000f1e80000,0x00000000f2b00000)
 ParOldGen       total 67584K, used 28882K [0x00000000c0000000, 0x00000000c4200000, 0x00000000eab00000)
  object space 67584K, 42% used [0x00000000c0000000,0x00000000c1c34aa8,0x00000000c4200000)
 Metaspace       used 57655K, capacity 59884K, committed 60056K, reserved 1101824K
  class space    used 7846K, capacity 8347K, committed 8368K, reserved 1048576K

Card table byte_map: [0x0000000011e70000,0x0000000012080000] byte_map_base: 0x0000000011870000

Marking Bits: (ParMarkBitMap*) 0x000000006e27f030
 Begin Bits: [0x00000000125e0000, 0x00000000135e0000)
 End Bits:   [0x00000000135e0000, 0x00000000145e0000)

Polling page: 0x0000000000f50000

CodeCache: size=245760Kb used=16661Kb max_used=16958Kb free=229098Kb
 bounds [0x0000000002ab0000, 0x0000000003b70000, 0x0000000011ab0000]
 total_blobs=5676 nmethods=4888 adapters=699
 compilation: enabled

Compilation events (10 events):
Event: 16.214 Thread 0x0000000015199800 5470       3       com.google.common.collect.CompactLinkedHashMap::insertEntry (26 bytes)
Event: 16.215 Thread 0x0000000015199800 nmethod 5470 0x0000000002eb2990 code [0x0000000002eb2b40, 0x0000000002eb3078]
Event: 16.222 Thread 0x0000000015195000 nmethod 5467 0x000000000311ed90 code [0x000000000311f1c0, 0x0000000003121970]
Event: 16.222 Thread 0x0000000015195000 5471       4       org.objectweb.asm.Handler::putExceptionTable (63 bytes)
Event: 16.223 Thread 0x0000000015199800 5473       3       sun.reflect.annotation.AnnotationParser::parseConst (208 bytes)
Event: 16.225 Thread 0x0000000015199800 nmethod 5473 0x00000000035c12d0 code [0x00000000035c16c0, 0x00000000035c3328]
Event: 16.225 Thread 0x0000000015195000 nmethod 5471 0x0000000002fbd910 code [0x0000000002fbda60, 0x0000000002fbdba8]
Event: 16.225 Thread 0x0000000015195000 5472       4       org.gradle.internal.service.DefaultServiceRegistry$OwnServices::getService (309 bytes)
Event: 16.237 Thread 0x0000000015199800 5474       3       java.util.Optional::empty (6 bytes)
Event: 16.238 Thread 0x0000000015199800 nmethod 5474 0x00000000031b2f10 code [0x00000000031b3060, 0x00000000031b3190]

GC Heap History (10 events):
Event: 11.079 GC heap before
{Heap before GC invocations=15 (full 2):
 PSYoungGen      total 108544K, used 99328K [0x00000000eab00000, 0x00000000f2500000, 0x0000000100000000)
  eden space 99328K, 100% used [0x00000000eab00000,0x00000000f0c00000,0x00000000f0c00000)
  from space 9216K, 0% used [0x00000000f1500000,0x00000000f1500000,0x00000000f1e00000)
  to   space 9216K, 0% used [0x00000000f0c00000,0x00000000f0c00000,0x00000000f1500000)
 ParOldGen       total 67584K, used 15101K [0x00000000c0000000, 0x00000000c4200000, 0x00000000eab00000)
  object space 67584K, 22% used [0x00000000c0000000,0x00000000c0ebf5b0,0x00000000c4200000)
 Metaspace       used 37062K, capacity 38660K, committed 38696K, reserved 1083392K
  class space    used 5087K, capacity 5401K, committed 5424K, reserved 1048576K
Event: 11.090 GC heap after
Heap after GC invocations=15 (full 2):
 PSYoungGen      total 108544K, used 6217K [0x00000000eab00000, 0x00000000f3400000, 0x0000000100000000)
  eden space 99328K, 0% used [0x00000000eab00000,0x00000000eab00000,0x00000000f0c00000)
  from space 9216K, 67% used [0x00000000f0c00000,0x00000000f1212658,0x00000000f1500000)
  to   space 9216K, 0% used [0x00000000f2b00000,0x00000000f2b00000,0x00000000f3400000)
 ParOldGen       total 67584K, used 15109K [0x00000000c0000000, 0x00000000c4200000, 0x00000000eab00000)
  object space 67584K, 22% used [0x00000000c0000000,0x00000000c0ec15b0,0x00000000c4200000)
 Metaspace       used 37062K, capacity 38660K, committed 38696K, reserved 1083392K
  class space    used 5087K, capacity 5401K, committed 5424K, reserved 1048576K
}
Event: 12.912 GC heap before
{Heap before GC invocations=16 (full 2):
 PSYoungGen      total 108544K, used 105545K [0x00000000eab00000, 0x00000000f3400000, 0x0000000100000000)
  eden space 99328K, 100% used [0x00000000eab00000,0x00000000f0c00000,0x00000000f0c00000)
  from space 9216K, 67% used [0x00000000f0c00000,0x00000000f1212658,0x00000000f1500000)
  to   space 9216K, 0% used [0x00000000f2b00000,0x00000000f2b00000,0x00000000f3400000)
 ParOldGen       total 67584K, used 15109K [0x00000000c0000000, 0x00000000c4200000, 0x00000000eab00000)
  object space 67584K, 22% used [0x00000000c0000000,0x00000000c0ec15b0,0x00000000c4200000)
 Metaspace       used 47167K, capacity 49004K, committed 49320K, reserved 1091584K
  class space    used 6351K, capacity 6717K, committed 6832K, reserved 1048576K
Event: 12.932 GC heap after
Heap after GC invocations=16 (full 2):
 PSYoungGen      total 127488K, used 9212K [0x00000000eab00000, 0x00000000f3980000, 0x0000000100000000)
  eden space 118272K, 0% used [0x00000000eab00000,0x00000000eab00000,0x00000000f1e80000)
  from space 9216K, 99% used [0x00000000f2b00000,0x00000000f33ff300,0x00000000f3400000)
  to   space 12800K, 0% used [0x00000000f1e80000,0x00000000f1e80000,0x00000000f2b00000)
 ParOldGen       total 67584K, used 22061K [0x00000000c0000000, 0x00000000c4200000, 0x00000000eab00000)
  object space 67584K, 32% used [0x00000000c0000000,0x00000000c158b5c8,0x00000000c4200000)
 Metaspace       used 47167K, capacity 49004K, committed 49320K, reserved 1091584K
  class space    used 6351K, capacity 6717K, committed 6832K, reserved 1048576K
}
Event: 15.388 GC heap before
{Heap before GC invocations=17 (full 2):
 PSYoungGen      total 127488K, used 127484K [0x00000000eab00000, 0x00000000f3980000, 0x0000000100000000)
  eden space 118272K, 100% used [0x00000000eab00000,0x00000000f1e80000,0x00000000f1e80000)
  from space 9216K, 99% used [0x00000000f2b00000,0x00000000f33ff300,0x00000000f3400000)
  to   space 12800K, 0% used [0x00000000f1e80000,0x00000000f1e80000,0x00000000f2b00000)
 ParOldGen       total 67584K, used 22061K [0x00000000c0000000, 0x00000000c4200000, 0x00000000eab00000)
  object space 67584K, 32% used [0x00000000c0000000,0x00000000c158b5c8,0x00000000c4200000)
 Metaspace       used 56824K, capacity 59070K, committed 59160K, reserved 1099776K
  class space    used 7708K, capacity 8168K, committed 8240K, reserved 1048576K
Event: 15.445 GC heap after
Heap after GC invocations=17 (full 2):
 PSYoungGen      total 131072K, used 12768K [0x00000000eab00000, 0x00000000f5d80000, 0x0000000100000000)
  eden space 118272K, 0% used [0x00000000eab00000,0x00000000eab00000,0x00000000f1e80000)
  from space 12800K, 99% used [0x00000000f1e80000,0x00000000f2af8010,0x00000000f2b00000)
  to   space 18944K, 0% used [0x00000000f4b00000,0x00000000f4b00000,0x00000000f5d80000)
 ParOldGen       total 67584K, used 32922K [0x00000000c0000000, 0x00000000c4200000, 0x00000000eab00000)
  object space 67584K, 48% used [0x00000000c0000000,0x00000000c2026990,0x00000000c4200000)
 Metaspace       used 56824K, capacity 59070K, committed 59160K, reserved 1099776K
  class space    used 7708K, capacity 8168K, committed 8240K, reserved 1048576K
}
Event: 15.460 GC heap before
{Heap before GC invocations=18 (full 2):
 PSYoungGen      total 131072K, used 14968K [0x00000000eab00000, 0x00000000f5d80000, 0x0000000100000000)
  eden space 118272K, 1% used [0x00000000eab00000,0x00000000ead26148,0x00000000f1e80000)
  from space 12800K, 99% used [0x00000000f1e80000,0x00000000f2af8010,0x00000000f2b00000)
  to   space 18944K, 0% used [0x00000000f4b00000,0x00000000f4b00000,0x00000000f5d80000)
 ParOldGen       total 67584K, used 32922K [0x00000000c0000000, 0x00000000c4200000, 0x00000000eab00000)
  object space 67584K, 48% used [0x00000000c0000000,0x00000000c2026990,0x00000000c4200000)
 Metaspace       used 56828K, capacity 59070K, committed 59160K, reserved 1099776K
  class space    used 7710K, capacity 8168K, committed 8240K, reserved 1048576K
Event: 15.483 GC heap after
Heap after GC invocations=18 (full 2):
 PSYoungGen      total 137216K, used 128K [0x00000000eab00000, 0x00000000f5d80000, 0x0000000100000000)
  eden space 118272K, 0% used [0x00000000eab00000,0x00000000eab00000,0x00000000f1e80000)
  from space 18944K, 0% used [0x00000000f4b00000,0x00000000f4b20000,0x00000000f5d80000)
  to   space 12800K, 0% used [0x00000000f1e80000,0x00000000f1e80000,0x00000000f2b00000)
 ParOldGen       total 67584K, used 39838K [0x00000000c0000000, 0x00000000c4200000, 0x00000000eab00000)
  object space 67584K, 58% used [0x00000000c0000000,0x00000000c26e79f8,0x00000000c4200000)
 Metaspace       used 56828K, capacity 59070K, committed 59160K, reserved 1099776K
  class space    used 7710K, capacity 8168K, committed 8240K, reserved 1048576K
}
Event: 15.483 GC heap before
{Heap before GC invocations=19 (full 3):
 PSYoungGen      total 137216K, used 128K [0x00000000eab00000, 0x00000000f5d80000, 0x0000000100000000)
  eden space 118272K, 0% used [0x00000000eab00000,0x00000000eab00000,0x00000000f1e80000)
  from space 18944K, 0% used [0x00000000f4b00000,0x00000000f4b20000,0x00000000f5d80000)
  to   space 12800K, 0% used [0x00000000f1e80000,0x00000000f1e80000,0x00000000f2b00000)
 ParOldGen       total 67584K, used 39838K [0x00000000c0000000, 0x00000000c4200000, 0x00000000eab00000)
  object space 67584K, 58% used [0x00000000c0000000,0x00000000c26e79f8,0x00000000c4200000)
 Metaspace       used 56828K, capacity 59070K, committed 59160K, reserved 1099776K
  class space    used 7710K, capacity 8168K, committed 8240K, reserved 1048576K
Event: 15.823 GC heap after
Heap after GC invocations=19 (full 3):
 PSYoungGen      total 137216K, used 0K [0x00000000eab00000, 0x00000000f5d80000, 0x0000000100000000)
  eden space 118272K, 0% used [0x00000000eab00000,0x00000000eab00000,0x00000000f1e80000)
  from space 18944K, 0% used [0x00000000f4b00000,0x00000000f4b00000,0x00000000f5d80000)
  to   space 12800K, 0% used [0x00000000f1e80000,0x00000000f1e80000,0x00000000f2b00000)
 ParOldGen       total 67584K, used 28882K [0x00000000c0000000, 0x00000000c4200000, 0x00000000eab00000)
  object space 67584K, 42% used [0x00000000c0000000,0x00000000c1c34aa8,0x00000000c4200000)
 Metaspace       used 56812K, capacity 59016K, committed 59160K, reserved 1099776K
  class space    used 7705K, capacity 8159K, committed 8240K, reserved 1048576K
}

Deoptimization events (10 events):
Event: 15.236 Thread 0x0000000018b8f000 Uncommon trap: reason=unstable_if action=reinterpret pc=0x00000000037ad720 method=org.objectweb.asm.ByteVector.putInt(I)Lorg/objectweb/asm/ByteVector; @ 13
Event: 15.263 Thread 0x0000000018b8f000 Uncommon trap: reason=unstable_if action=reinterpret pc=0x0000000002e093b4 method=java.util.HashMap.resize()[Ljava/util/HashMap$Node; @ 206
Event: 15.263 Thread 0x0000000018b8f000 Uncommon trap: reason=unstable_if action=reinterpret pc=0x00000000037b0af4 method=java.util.HashMap.getNode(ILjava/lang/Object;)Ljava/util/HashMap$Node; @ 84
Event: 15.263 Thread 0x0000000018b8f000 Uncommon trap: reason=unstable_if action=reinterpret pc=0x0000000003acb930 method=java.util.HashMap.getNode(ILjava/lang/Object;)Ljava/util/HashMap$Node; @ 84
Event: 15.263 Thread 0x0000000018b8f000 Uncommon trap: reason=unstable_if action=reinterpret pc=0x0000000003abfce4 method=java.util.HashMap.getNode(ILjava/lang/Object;)Ljava/util/HashMap$Node; @ 84
Event: 15.292 Thread 0x0000000018b8f000 Uncommon trap: reason=unstable_if action=reinterpret pc=0x00000000034d8f00 method=java.io.WinNTFileSystem.normalize(Ljava/lang/String;)Ljava/lang/String; @ 74
Event: 15.292 Thread 0x0000000018b8f000 Uncommon trap: reason=unstable_if action=reinterpret pc=0x0000000002d6db70 method=java.io.WinNTFileSystem.normalize(Ljava/lang/String;II)Ljava/lang/String; @ 103
Event: 15.997 Thread 0x0000000018b8f000 Uncommon trap: reason=unstable_if action=reinterpret pc=0x00000000038ffcfc method=com.sun.org.apache.xerces.internal.impl.XMLEntityScanner.skipSpaces()Z @ 85
Event: 16.047 Thread 0x0000000018b8f000 Uncommon trap: reason=unstable_if action=reinterpret pc=0x0000000002fc8d74 method=java.lang.String.regionMatches(ZILjava/lang/String;II)Z @ 58
Event: 16.124 Thread 0x0000000018b8f000 Uncommon trap: reason=unstable_if action=reinterpret pc=0x0000000003863080 method=java.util.TreeMap.put(Ljava/lang/Object;Ljava/lang/Object;)Ljava/lang/Object; @ 163

Classes redefined (0 events):
No events

Internal exceptions (10 events):
Event: 13.980 Thread 0x0000000018b8f000 Exception <a 'java/lang/ClassNotFoundException': org/gradle/api/plugins/JavaPluginConventionBeanInfo> (0x00000000ee9406c8) thrown at [C:\src\AOSP-openjdk-git\hotspot\src\share\vm\classfile\systemDictionary.cpp, line 210]
Event: 13.981 Thread 0x0000000018b8f000 Exception <a 'java/lang/ClassNotFoundException': org/gradle/api/plugins/JavaPluginConventionCustomizer> (0x00000000ee98d6a8) thrown at [C:\src\AOSP-openjdk-git\hotspot\src\share\vm\classfile\systemDictionary.cpp, line 210]
Event: 13.989 Thread 0x0000000018b8f000 Exception <a 'java/lang/ClassNotFoundException': org/gradle/api/plugins/internal/DefaultJavaPluginConventionCustomizer> (0x00000000eea06d68) thrown at [C:\src\AOSP-openjdk-git\hotspot\src\share\vm\classfile\systemDictionary.cpp, line 210]
Event: 14.841 Thread 0x0000000018b8f000 Implicit null exception at 0x000000000371b815 to 0x000000000371bafd
Event: 15.173 Thread 0x0000000018b8f000 Exception <a 'java/lang/ClassNotFoundException': com/android/build/gradle/internal/api/ApkVariantOutputImpl_DecoratedBeanInfo> (0x00000000f134d8c8) thrown at [C:\src\AOSP-openjdk-git\hotspot\src\share\vm\classfile\systemDictionary.cpp, line 210]
Event: 15.173 Thread 0x0000000018b8f000 Exception <a 'java/lang/ClassNotFoundException': com/android/build/gradle/internal/api/ApkVariantOutputImplBeanInfo> (0x00000000f136d078) thrown at [C:\src\AOSP-openjdk-git\hotspot\src\share\vm\classfile\systemDictionary.cpp, line 210]
Event: 15.174 Thread 0x0000000018b8f000 Exception <a 'java/lang/ClassNotFoundException': com/android/build/gradle/internal/api/BaseVariantOutputImplBeanInfo> (0x00000000f138dc10) thrown at [C:\src\AOSP-openjdk-git\hotspot\src\share\vm\classfile\systemDictionary.cpp, line 210]
Event: 15.175 Thread 0x0000000018b8f000 Exception <a 'java/lang/ClassNotFoundException': com/android/build/gradle/internal/api/BaseVariantOutputImplCustomizer> (0x00000000f13aeda8) thrown at [C:\src\AOSP-openjdk-git\hotspot\src\share\vm\classfile\systemDictionary.cpp, line 210]
Event: 15.176 Thread 0x0000000018b8f000 Exception <a 'java/lang/ClassNotFoundException': com/android/build/gradle/internal/api/ApkVariantOutputImplCustomizer> (0x00000000f13e9cd0) thrown at [C:\src\AOSP-openjdk-git\hotspot\src\share\vm\classfile\systemDictionary.cpp, line 210]
Event: 15.177 Thread 0x0000000018b8f000 Exception <a 'java/lang/ClassNotFoundException': com/android/build/gradle/internal/api/ApkVariantOutputImpl_DecoratedCustomizer> (0x00000000f1420630) thrown at [C:\src\AOSP-openjdk-git\hotspot\src\share\vm\classfile\systemDictionary.cpp, line 210]

Events (10 events):
Event: 16.242 loading class com/android/build/gradle/internal/packaging/IncrementalPackagerBuilder$ApkFormat$3
Event: 16.242 loading class com/android/build/gradle/internal/packaging/IncrementalPackagerBuilder$ApkFormat$3 done
Event: 16.243 loading class com/android/tools/build/apkzlib/zfile/ApkCreator
Event: 16.243 loading class com/android/tools/build/apkzlib/zfile/ApkCreator done
Event: 16.244 loading class com/android/build/gradle/internal/tasks/PerModuleBundleTaskKt
Event: 16.244 loading class com/android/build/gradle/internal/tasks/PerModuleBundleTaskKt done
Event: 16.245 loading class com/android/build/gradle/internal/signing/SigningConfigProvider$Companion
Event: 16.245 loading class com/android/build/gradle/internal/signing/SigningConfigProvider$Companion done
Event: 16.248 loading class com/android/build/gradle/internal/signing/SigningConfigData
Event: 16.248 loading class com/android/build/gradle/internal/signing/SigningConfigData done


Dynamic libraries:
0x00007ff7aeb20000 - 0x00007ff7aeb51000 	C:\Program Files\Android\Android Studio\jre\bin\java.exe
0x00007ffc15810000 - 0x00007ffc159f1000 	C:\WINDOWS\SYSTEM32\ntdll.dll
0x00007ffc13e70000 - 0x00007ffc13f21000 	C:\WINDOWS\System32\KERNEL32.DLL
0x00007ffc12000000 - 0x00007ffc12273000 	C:\WINDOWS\System32\KERNELBASE.dll
0x00007ffc12e10000 - 0x00007ffc12eb1000 	C:\WINDOWS\System32\ADVAPI32.dll
0x00007ffc133e0000 - 0x00007ffc1347e000 	C:\WINDOWS\System32\msvcrt.dll
0x00007ffc137b0000 - 0x00007ffc1380b000 	C:\WINDOWS\System32\sechost.dll
0x00007ffc13990000 - 0x00007ffc13ab4000 	C:\WINDOWS\System32\RPCRT4.dll
0x00007ffc13570000 - 0x00007ffc13701000 	C:\WINDOWS\System32\USER32.dll
0x00007ffc11d60000 - 0x00007ffc11d80000 	C:\WINDOWS\System32\win32u.dll
0x00007ffc13540000 - 0x00007ffc13568000 	C:\WINDOWS\System32\GDI32.dll
0x00007ffc11bc0000 - 0x00007ffc11d51000 	C:\WINDOWS\System32\gdi32full.dll
0x00007ffc12280000 - 0x00007ffc1231f000 	C:\WINDOWS\System32\msvcp_win.dll
0x00007ffc11e50000 - 0x00007ffc11f48000 	C:\WINDOWS\System32\ucrtbase.dll
0x00007ffc00980000 - 0x00007ffc00be9000 	C:\WINDOWS\WinSxS\amd64_microsoft.windows.common-controls_6595b64144ccf1df_6.0.17134.1130_none_d3ff42617c90becf\COMCTL32.dll
0x00007ffc15430000 - 0x00007ffc15751000 	C:\WINDOWS\System32\combase.dll
0x00007ffc11d80000 - 0x00007ffc11df9000 	C:\WINDOWS\System32\bcryptPrimitives.dll
0x00007ffc12de0000 - 0x00007ffc12e0d000 	C:\WINDOWS\System32\IMM32.DLL
0x000000006d9d0000 - 0x000000006daa2000 	C:\Program Files\Android\Android Studio\jre\jre\bin\msvcr100.dll
0x000000006dab0000 - 0x000000006e2fb000 	C:\Program Files\Android\Android Studio\jre\jre\bin\server\jvm.dll
0x00007ffc13e50000 - 0x00007ffc13e58000 	C:\WINDOWS\System32\PSAPI.DLL
0x00007ffbf4c00000 - 0x00007ffbf4c09000 	C:\WINDOWS\SYSTEM32\WSOCK32.dll
0x00007ffc15770000 - 0x00007ffc157dc000 	C:\WINDOWS\System32\WS2_32.dll
0x00007ffc0fb70000 - 0x00007ffc0fb93000 	C:\WINDOWS\SYSTEM32\WINMM.dll
0x00007ffc10170000 - 0x00007ffc1017a000 	C:\WINDOWS\SYSTEM32\VERSION.dll
0x00007ffc0f970000 - 0x00007ffc0f99a000 	C:\WINDOWS\SYSTEM32\WINMMBASE.dll
0x00007ffc11e00000 - 0x00007ffc11e49000 	C:\WINDOWS\System32\cfgmgr32.dll
0x00007ffc0e310000 - 0x00007ffc0e31f000 	C:\Program Files\Android\Android Studio\jre\jre\bin\verify.dll
0x00007ffc0e2e0000 - 0x00007ffc0e309000 	C:\Program Files\Android\Android Studio\jre\jre\bin\java.dll
0x00007ffc0e2c0000 - 0x00007ffc0e2d6000 	C:\Program Files\Android\Android Studio\jre\jre\bin\zip.dll
0x00007ffc13fe0000 - 0x00007ffc15425000 	C:\WINDOWS\System32\SHELL32.dll
0x00007ffc13f30000 - 0x00007ffc13fd9000 	C:\WINDOWS\System32\shcore.dll
0x00007ffc12570000 - 0x00007ffc12c80000 	C:\WINDOWS\System32\windows.storage.dll
0x00007ffc13c50000 - 0x00007ffc13ca1000 	C:\WINDOWS\System32\shlwapi.dll
0x00007ffc11b80000 - 0x00007ffc11b91000 	C:\WINDOWS\System32\kernel.appcore.dll
0x00007ffc11ba0000 - 0x00007ffc11bbf000 	C:\WINDOWS\System32\profapi.dll
0x00007ffc11b20000 - 0x00007ffc11b6c000 	C:\WINDOWS\System32\powrprof.dll
0x00007ffc11b70000 - 0x00007ffc11b7a000 	C:\WINDOWS\System32\FLTLIB.DLL
0x00007ffc0e2a0000 - 0x00007ffc0e2ba000 	C:\Program Files\Android\Android Studio\jre\jre\bin\net.dll
0x00007ffc11380000 - 0x00007ffc113e6000 	C:\WINDOWS\system32\mswsock.dll
0x00007ffc0e280000 - 0x00007ffc0e293000 	C:\Program Files\Android\Android Studio\jre\jre\bin\nio.dll
0x00007ffbff9a0000 - 0x00007ffbff9c7000 	C:\Users\Nimoje\.gradle\native\f6784746aeab05261644944871eae4fe03e0ef1612fff0a4a95f87b438bc6780\windows-amd64\native-platform.dll
0x00007ffc0e270000 - 0x00007ffc0e27d000 	C:\Program Files\Android\Android Studio\jre\jre\bin\management.dll
0x00007ffc11530000 - 0x00007ffc11547000 	C:\WINDOWS\SYSTEM32\CRYPTSP.dll
0x00007ffc10ed0000 - 0x00007ffc10f03000 	C:\WINDOWS\system32\rsaenh.dll
0x00007ffc11660000 - 0x00007ffc11685000 	C:\WINDOWS\SYSTEM32\bcrypt.dll
0x00007ffc11a30000 - 0x00007ffc11a58000 	C:\WINDOWS\SYSTEM32\USERENV.dll
0x00007ffc11550000 - 0x00007ffc1155b000 	C:\WINDOWS\SYSTEM32\CRYPTBASE.dll
0x00007ffc110d0000 - 0x00007ffc11108000 	C:\WINDOWS\SYSTEM32\IPHLPAPI.DLL
0x00007ffc13e60000 - 0x00007ffc13e68000 	C:\WINDOWS\System32\NSI.dll
0x00007ffbfff90000 - 0x00007ffbfffa6000 	C:\WINDOWS\SYSTEM32\dhcpcsvc6.DLL
0x00007ffbfff70000 - 0x00007ffbfff8a000 	C:\WINDOWS\SYSTEM32\dhcpcsvc.DLL
0x00007ffc005a0000 - 0x00007ffc005ab000 	C:\WINDOWS\SYSTEM32\WINNSI.DLL

VM Arguments:
jvm_args: -Xmx1024M -Dfile.encoding=windows-1250 -Duser.country=PL -Duser.language=pl -Duser.variant 
java_command: org.gradle.launcher.daemon.bootstrap.GradleDaemon 6.5
java_class_path (initial): C:\Users\Nimoje\.gradle\wrapper\dists\gradle-6.5-bin\6nifqtx7604sqp1q6g8wikw7p\gradle-6.5\lib\gradle-launcher-6.5.jar
Launcher Type: SUN_STANDARD

Environment Variables:
PATH=C:\Program Files (x86)\Common Files\Oracle\Java\javapath;C:\WINDOWS\system32;C:\WINDOWS;C:\WINDOWS\System32\Wbem;C:\WINDOWS\System32\WindowsPowerShell\v1.0\;C:\WINDOWS\System32\OpenSSH\;C:\Program Files (x86)\Intel\OpenCL SDK\2.0\bin\x86;C:\Program Files (x86)\Intel\OpenCL SDK\2.0\bin\x64;C:\Program Files (x86)\NVIDIA Corporation\PhysX\Common;C:\Program Files\doxygen\bin;D:\MATLAB\R2014a\runtime\win64;D:\MATLAB\R2014a\bin;D:\MATLAB\R2014a\polyspace\bin;C:\Program Files\Git\cmd;C:\Program Files\Microsoft SQL Server\130\Tools\Binn\;C:\Program Files\Microsoft SQL Server\Client SDK\ODBC\170\Tools\Binn\;C:\Program Files\PuTTY\;C:\Program Files\dotnet\;C:\Program Files\Microsoft\Web Platform Installer\;C:\Program Files\MySQL\MySQL Shell 8.0\bin\;C:\Users\Nimoje\AppData\Local\Microsoft\WindowsApps;;C:\Users\Nimoje\AppData\Local\Programs\Microsoft VS Code\bin;C:\Program Files\heroku\bin;C:\Program Files\JetBrains\IntelliJ IDEA 2020.1.2\bin;;C:\Users\Nimoje\.dotnet\tools
USERNAME=Nimoje
OS=Windows_NT
PROCESSOR_IDENTIFIER=Intel64 Family 6 Model 58 Stepping 9, GenuineIntel



---------------  S Y S T E M  ---------------

OS: Windows 10.0 , 64 bit Build 17134 (10.0.17134.753)

CPU:total 4 (initial active 4) (2 cores per cpu, 2 threads per core) family 6 model 58 stepping 9, cmov, cx8, fxsr, mmx, sse, sse2, sse3, ssse3, sse4.1, sse4.2, popcnt, avx, aes, clmul, erms, ht, tsc, tscinvbit, tscinv

Memory: 4k page, physical 6143508k(584032k free), swap 9289236k(4100k free)

vm_info: OpenJDK 64-Bit Server VM (25.242-b01) for windows-amd64 JRE (1.8.0_242-release-1644-b01), built by "builder" with MS VC++ 10.0 (VS2010)

time: Wed Oct 14 19:03:09 2020
timezone: Œrodkowoeuropejski czas letni
elapsed time: 16 seconds (0d 0h 0m 16s)

